/home/nvidia/Workspace/Cruise/install/models/lib/python3.8/site-packages/models/common.py
/home/nvidia/Workspace/Cruise/install/models/lib/python3.8/site-packages/models/yolo.py
/home/nvidia/Workspace/Cruise/install/models/lib/python3.8/site-packages/models/empty.py
/home/nvidia/Workspace/Cruise/install/models/lib/python3.8/site-packages/models/experimental.py
/home/nvidia/Workspace/Cruise/install/models/lib/python3.8/site-packages/models/__init__.py
/home/nvidia/Workspace/Cruise/install/models/lib/python3.8/site-packages/models/__pycache__/common.cpython-38.pyc
/home/nvidia/Workspace/Cruise/install/models/lib/python3.8/site-packages/models/__pycache__/yolo.cpython-38.pyc
/home/nvidia/Workspace/Cruise/install/models/lib/python3.8/site-packages/models/__pycache__/empty.cpython-38.pyc
/home/nvidia/Workspace/Cruise/install/models/lib/python3.8/site-packages/models/__pycache__/experimental.cpython-38.pyc
/home/nvidia/Workspace/Cruise/install/models/lib/python3.8/site-packages/models/__pycache__/__init__.cpython-38.pyc
/home/nvidia/Workspace/Cruise/install/models/share/ament_index/resource_index/packages/models
/home/nvidia/Workspace/Cruise/install/models/share/models/package.xml
/home/nvidia/Workspace/Cruise/install/models/lib/python3.8/site-packages/models-0.0.0-py3.8.egg-info/SOURCES.txt
/home/nvidia/Workspace/Cruise/install/models/lib/python3.8/site-packages/models-0.0.0-py3.8.egg-info/PKG-INFO
/home/nvidia/Workspace/Cruise/install/models/lib/python3.8/site-packages/models-0.0.0-py3.8.egg-info/entry_points.txt
/home/nvidia/Workspace/Cruise/install/models/lib/python3.8/site-packages/models-0.0.0-py3.8.egg-info/requires.txt
/home/nvidia/Workspace/Cruise/install/models/lib/python3.8/site-packages/models-0.0.0-py3.8.egg-info/zip-safe
/home/nvidia/Workspace/Cruise/install/models/lib/python3.8/site-packages/models-0.0.0-py3.8.egg-info/top_level.txt
/home/nvidia/Workspace/Cruise/install/models/lib/python3.8/site-packages/models-0.0.0-py3.8.egg-info/dependency_links.txt
/home/nvidia/Workspace/Cruise/install/models/lib/models/models_empty
