running egg_info
creating ../../build/uv_vision/uv_vision.egg-info
writing ../../build/uv_vision/uv_vision.egg-info/PKG-INFO
writing dependency_links to ../../build/uv_vision/uv_vision.egg-info/dependency_links.txt
writing entry points to ../../build/uv_vision/uv_vision.egg-info/entry_points.txt
writing requirements to ../../build/uv_vision/uv_vision.egg-info/requires.txt
writing top-level names to ../../build/uv_vision/uv_vision.egg-info/top_level.txt
writing manifest file '../../build/uv_vision/uv_vision.egg-info/SOURCES.txt'
reading manifest file '../../build/uv_vision/uv_vision.egg-info/SOURCES.txt'
writing manifest file '../../build/uv_vision/uv_vision.egg-info/SOURCES.txt'
running build
running build_py
creating /home/nvidia/Workspace/Cruise/build/uv_vision/build
creating /home/nvidia/Workspace/Cruise/build/uv_vision/build/lib
creating /home/nvidia/Workspace/Cruise/build/uv_vision/build/lib/uv_vision
copying uv_vision/stereocam.py -> /home/nvidia/Workspace/Cruise/build/uv_vision/build/lib/uv_vision
copying uv_vision/uv_srs.py -> /home/nvidia/Workspace/Cruise/build/uv_vision/build/lib/uv_vision
copying uv_vision/uv_capture.py -> /home/nvidia/Workspace/Cruise/build/uv_vision/build/lib/uv_vision
copying uv_vision/uv_virtualwebcam.py -> /home/nvidia/Workspace/Cruise/build/uv_vision/build/lib/uv_vision
copying uv_vision/uv_depthimg.py -> /home/nvidia/Workspace/Cruise/build/uv_vision/build/lib/uv_vision
copying uv_vision/__init__.py -> /home/nvidia/Workspace/Cruise/build/uv_vision/build/lib/uv_vision
running install
running install_lib
creating /home/nvidia/Workspace/Cruise/install/uv_vision/lib/python3.8/site-packages/uv_vision
copying /home/nvidia/Workspace/Cruise/build/uv_vision/build/lib/uv_vision/stereocam.py -> /home/nvidia/Workspace/Cruise/install/uv_vision/lib/python3.8/site-packages/uv_vision
copying /home/nvidia/Workspace/Cruise/build/uv_vision/build/lib/uv_vision/uv_srs.py -> /home/nvidia/Workspace/Cruise/install/uv_vision/lib/python3.8/site-packages/uv_vision
copying /home/nvidia/Workspace/Cruise/build/uv_vision/build/lib/uv_vision/uv_capture.py -> /home/nvidia/Workspace/Cruise/install/uv_vision/lib/python3.8/site-packages/uv_vision
copying /home/nvidia/Workspace/Cruise/build/uv_vision/build/lib/uv_vision/uv_virtualwebcam.py -> /home/nvidia/Workspace/Cruise/install/uv_vision/lib/python3.8/site-packages/uv_vision
copying /home/nvidia/Workspace/Cruise/build/uv_vision/build/lib/uv_vision/uv_depthimg.py -> /home/nvidia/Workspace/Cruise/install/uv_vision/lib/python3.8/site-packages/uv_vision
copying /home/nvidia/Workspace/Cruise/build/uv_vision/build/lib/uv_vision/__init__.py -> /home/nvidia/Workspace/Cruise/install/uv_vision/lib/python3.8/site-packages/uv_vision
byte-compiling /home/nvidia/Workspace/Cruise/install/uv_vision/lib/python3.8/site-packages/uv_vision/stereocam.py to stereocam.cpython-38.pyc
byte-compiling /home/nvidia/Workspace/Cruise/install/uv_vision/lib/python3.8/site-packages/uv_vision/uv_srs.py to uv_srs.cpython-38.pyc
byte-compiling /home/nvidia/Workspace/Cruise/install/uv_vision/lib/python3.8/site-packages/uv_vision/uv_capture.py to uv_capture.cpython-38.pyc
byte-compiling /home/nvidia/Workspace/Cruise/install/uv_vision/lib/python3.8/site-packages/uv_vision/uv_virtualwebcam.py to uv_virtualwebcam.cpython-38.pyc
byte-compiling /home/nvidia/Workspace/Cruise/install/uv_vision/lib/python3.8/site-packages/uv_vision/uv_depthimg.py to uv_depthimg.cpython-38.pyc
byte-compiling /home/nvidia/Workspace/Cruise/install/uv_vision/lib/python3.8/site-packages/uv_vision/__init__.py to __init__.cpython-38.pyc
running install_data
creating /home/nvidia/Workspace/Cruise/install/uv_vision/share/ament_index
creating /home/nvidia/Workspace/Cruise/install/uv_vision/share/ament_index/resource_index
creating /home/nvidia/Workspace/Cruise/install/uv_vision/share/ament_index/resource_index/packages
copying resource/uv_vision -> /home/nvidia/Workspace/Cruise/install/uv_vision/share/ament_index/resource_index/packages
copying package.xml -> /home/nvidia/Workspace/Cruise/install/uv_vision/share/uv_vision
running install_egg_info
Copying ../../build/uv_vision/uv_vision.egg-info to /home/nvidia/Workspace/Cruise/install/uv_vision/lib/python3.8/site-packages/uv_vision-0.0.0-py3.8.egg-info
running install_scripts
Installing uv_capture script to /home/nvidia/Workspace/Cruise/install/uv_vision/lib/uv_vision
Installing uv_depthimg script to /home/nvidia/Workspace/Cruise/install/uv_vision/lib/uv_vision
Installing uv_srs script to /home/nvidia/Workspace/Cruise/install/uv_vision/lib/uv_vision
Installing uv_virtualwebcam script to /home/nvidia/Workspace/Cruise/install/uv_vision/lib/uv_vision
writing list of installed files to '/home/nvidia/Workspace/Cruise/build/uv_vision/install.log'
