[3.159s] Invoking command in '/home/nvidia/Workspace/Cruise/src/uv_control_py': PYTHONPATH=/home/nvidia/Workspace/Cruise/build/uv_control_py/prefix_override:/home/nvidia/Workspace/Cruise/install/uv_control_py/lib/python3.8/site-packages:${PYTHONPATH} /usr/bin/python3 setup.py egg_info --egg-base ../../build/uv_control_py build --build-base /home/nvidia/Workspace/Cruise/build/uv_control_py/build install --record /home/nvidia/Workspace/Cruise/build/uv_control_py/install.log --install-scripts $base/lib/uv_control_py --single-version-externally-managed
[3.542s] running egg_info
[3.543s] creating ../../build/uv_control_py/uv_control_py.egg-info
[3.544s] writing ../../build/uv_control_py/uv_control_py.egg-info/PKG-INFO
[3.544s] writing dependency_links to ../../build/uv_control_py/uv_control_py.egg-info/dependency_links.txt
[3.544s] writing entry points to ../../build/uv_control_py/uv_control_py.egg-info/entry_points.txt
[3.545s] writing requirements to ../../build/uv_control_py/uv_control_py.egg-info/requires.txt
[3.545s] writing top-level names to ../../build/uv_control_py/uv_control_py.egg-info/top_level.txt
[3.547s] writing manifest file '../../build/uv_control_py/uv_control_py.egg-info/SOURCES.txt'
[3.604s] reading manifest file '../../build/uv_control_py/uv_control_py.egg-info/SOURCES.txt'
[3.606s] writing manifest file '../../build/uv_control_py/uv_control_py.egg-info/SOURCES.txt'
[3.606s] running build
[3.606s] running build_py
[3.607s] creating /home/nvidia/Workspace/Cruise/build/uv_control_py/build
[3.607s] creating /home/nvidia/Workspace/Cruise/build/uv_control_py/build/lib
[3.607s] creating /home/nvidia/Workspace/Cruise/build/uv_control_py/build/lib/uv_control_py
[3.609s] copying uv_control_py/Pid.py -> /home/nvidia/Workspace/Cruise/build/uv_control_py/build/lib/uv_control_py
[3.609s] copying uv_control_py/CoordinateSystem.py -> /home/nvidia/Workspace/Cruise/build/uv_control_py/build/lib/uv_control_py
[3.612s] copying uv_control_py/Serial.py -> /home/nvidia/Workspace/Cruise/build/uv_control_py/build/lib/uv_control_py
[3.612s] copying uv_control_py/Curve.py -> /home/nvidia/Workspace/Cruise/build/uv_control_py/build/lib/uv_control_py
[3.612s] copying uv_control_py/__init__.py -> /home/nvidia/Workspace/Cruise/build/uv_control_py/build/lib/uv_control_py
[3.613s] running install
[3.615s] running install_lib
[3.617s] creating /home/nvidia/Workspace/Cruise/install/uv_control_py/lib/python3.8/site-packages/uv_control_py
[3.617s] copying /home/nvidia/Workspace/Cruise/build/uv_control_py/build/lib/uv_control_py/Pid.py -> /home/nvidia/Workspace/Cruise/install/uv_control_py/lib/python3.8/site-packages/uv_control_py
[3.617s] copying /home/nvidia/Workspace/Cruise/build/uv_control_py/build/lib/uv_control_py/CoordinateSystem.py -> /home/nvidia/Workspace/Cruise/install/uv_control_py/lib/python3.8/site-packages/uv_control_py
[3.617s] copying /home/nvidia/Workspace/Cruise/build/uv_control_py/build/lib/uv_control_py/Serial.py -> /home/nvidia/Workspace/Cruise/install/uv_control_py/lib/python3.8/site-packages/uv_control_py
[3.617s] copying /home/nvidia/Workspace/Cruise/build/uv_control_py/build/lib/uv_control_py/Curve.py -> /home/nvidia/Workspace/Cruise/install/uv_control_py/lib/python3.8/site-packages/uv_control_py
[3.618s] copying /home/nvidia/Workspace/Cruise/build/uv_control_py/build/lib/uv_control_py/__init__.py -> /home/nvidia/Workspace/Cruise/install/uv_control_py/lib/python3.8/site-packages/uv_control_py
[3.619s] byte-compiling /home/nvidia/Workspace/Cruise/install/uv_control_py/lib/python3.8/site-packages/uv_control_py/Pid.py to Pid.cpython-38.pyc
[3.623s] byte-compiling /home/nvidia/Workspace/Cruise/install/uv_control_py/lib/python3.8/site-packages/uv_control_py/CoordinateSystem.py to CoordinateSystem.cpython-38.pyc
[3.625s] byte-compiling /home/nvidia/Workspace/Cruise/install/uv_control_py/lib/python3.8/site-packages/uv_control_py/Serial.py to Serial.cpython-38.pyc
[3.626s] byte-compiling /home/nvidia/Workspace/Cruise/install/uv_control_py/lib/python3.8/site-packages/uv_control_py/Curve.py to Curve.cpython-38.pyc
[3.628s] byte-compiling /home/nvidia/Workspace/Cruise/install/uv_control_py/lib/python3.8/site-packages/uv_control_py/__init__.py to __init__.cpython-38.pyc
[3.628s] running install_data
[3.629s] creating /home/nvidia/Workspace/Cruise/install/uv_control_py/share/ament_index
[3.630s] creating /home/nvidia/Workspace/Cruise/install/uv_control_py/share/ament_index/resource_index
[3.630s] creating /home/nvidia/Workspace/Cruise/install/uv_control_py/share/ament_index/resource_index/packages
[3.630s] copying resource/uv_control_py -> /home/nvidia/Workspace/Cruise/install/uv_control_py/share/ament_index/resource_index/packages
[3.630s] copying package.xml -> /home/nvidia/Workspace/Cruise/install/uv_control_py/share/uv_control_py
[3.630s] running install_egg_info
[3.633s] Copying ../../build/uv_control_py/uv_control_py.egg-info to /home/nvidia/Workspace/Cruise/install/uv_control_py/lib/python3.8/site-packages/uv_control_py-0.0.0-py3.8.egg-info
[3.635s] running install_scripts
[3.670s] writing list of installed files to '/home/nvidia/Workspace/Cruise/build/uv_control_py/install.log'
[3.778s] Invoked command in '/home/nvidia/Workspace/Cruise/src/uv_control_py' returned '0': PYTHONPATH=/home/nvidia/Workspace/Cruise/build/uv_control_py/prefix_override:/home/nvidia/Workspace/Cruise/install/uv_control_py/lib/python3.8/site-packages:${PYTHONPATH} /usr/bin/python3 setup.py egg_info --egg-base ../../build/uv_control_py build --build-base /home/nvidia/Workspace/Cruise/build/uv_control_py/build install --record /home/nvidia/Workspace/Cruise/build/uv_control_py/install.log --install-scripts $base/lib/uv_control_py --single-version-externally-managed
