[0.202s] Invoking command in '/home/nvidia/Workspace/build/YOLOv5ss': /bin/cmake /home/nvidia/Workspace/YOLOv5-Lite/android_demo/ncnn-android-v5lite/app/src/main/jni -DCMAKE_INSTALL_PREFIX=/home/nvidia/Workspace/install/YOLOv5ss
[2.492s] CMake Error at CMakeLists.txt:9 (find_package):
[2.492s]   By not providing "Findncnn.cmake" in CMAKE_MODULE_PATH this project has
[2.492s]   asked CMake to find a package configuration file provided by "ncnn", but
[2.493s]   CMake did not find one.
[2.493s] 
[2.493s]   Could not find a package configuration file provided by "ncnn" with any of
[2.493s]   the following names:
[2.493s] 
[2.493s]     ncnnConfig.cmake
[2.493s]     ncnn-config.cmake
[2.493s] 
[2.493s]   Add the installation prefix of "ncnn" to CMAKE_PREFIX_PATH or set
[2.493s]   "ncnn_DIR" to a directory containing one of the above files.  If "ncnn"
[2.493s]   provides a separate development package or SDK, be sure it has been
[2.493s]   installed.
[2.493s] 
[2.494s] 
[2.494s] -- The C compiler identification is GNU 9.4.0
[2.494s] -- The CXX compiler identification is GNU 9.4.0
[2.494s] -- Check for working C compiler: /bin/cc
[2.494s] -- Check for working C compiler: /bin/cc -- works
[2.494s] -- Detecting C compiler ABI info
[2.494s] -- Detecting C compiler ABI info - done
[2.494s] -- Detecting C compile features
[2.494s] -- Detecting C compile features - done
[2.494s] -- Check for working CXX compiler: /bin/c++
[2.494s] -- Check for working CXX compiler: /bin/c++ -- works
[2.494s] -- Detecting CXX compiler ABI info
[2.495s] -- Detecting CXX compiler ABI info - done
[2.495s] -- Detecting CXX compile features
[2.495s] -- Detecting CXX compile features - done
[2.495s] -- Found OpenCV: /usr (found version "4.5.4") found components: core imgproc 
[2.495s] -- Configuring incomplete, errors occurred!
[2.495s] See also "/home/nvidia/Workspace/build/YOLOv5ss/CMakeFiles/CMakeOutput.log".
[2.497s] Invoked command in '/home/nvidia/Workspace/build/YOLOv5ss' returned '1': /bin/cmake /home/nvidia/Workspace/YOLOv5-Lite/android_demo/ncnn-android-v5lite/app/src/main/jni -DCMAKE_INSTALL_PREFIX=/home/nvidia/Workspace/install/YOLOv5ss
