/home/nvidia/Workspace/Cruise/install/utils/lib/python3.8/site-packages/utils/activations.py
/home/nvidia/Workspace/Cruise/install/utils/lib/python3.8/site-packages/utils/loss.py
/home/nvidia/Workspace/Cruise/install/utils/lib/python3.8/site-packages/utils/plots.py
/home/nvidia/Workspace/Cruise/install/utils/lib/python3.8/site-packages/utils/metrics.py
/home/nvidia/Workspace/Cruise/install/utils/lib/python3.8/site-packages/utils/empty.py
/home/nvidia/Workspace/Cruise/install/utils/lib/python3.8/site-packages/utils/autoanchor.py
/home/nvidia/Workspace/Cruise/install/utils/lib/python3.8/site-packages/utils/google_utils.py
/home/nvidia/Workspace/Cruise/install/utils/lib/python3.8/site-packages/utils/general.py
/home/nvidia/Workspace/Cruise/install/utils/lib/python3.8/site-packages/utils/datasets.py
/home/nvidia/Workspace/Cruise/install/utils/lib/python3.8/site-packages/utils/torch_utils.py
/home/nvidia/Workspace/Cruise/install/utils/lib/python3.8/site-packages/utils/__init__.py
/home/nvidia/Workspace/Cruise/install/utils/lib/python3.8/site-packages/utils/__pycache__/activations.cpython-38.pyc
/home/nvidia/Workspace/Cruise/install/utils/lib/python3.8/site-packages/utils/__pycache__/loss.cpython-38.pyc
/home/nvidia/Workspace/Cruise/install/utils/lib/python3.8/site-packages/utils/__pycache__/plots.cpython-38.pyc
/home/nvidia/Workspace/Cruise/install/utils/lib/python3.8/site-packages/utils/__pycache__/metrics.cpython-38.pyc
/home/nvidia/Workspace/Cruise/install/utils/lib/python3.8/site-packages/utils/__pycache__/empty.cpython-38.pyc
/home/nvidia/Workspace/Cruise/install/utils/lib/python3.8/site-packages/utils/__pycache__/autoanchor.cpython-38.pyc
/home/nvidia/Workspace/Cruise/install/utils/lib/python3.8/site-packages/utils/__pycache__/google_utils.cpython-38.pyc
/home/nvidia/Workspace/Cruise/install/utils/lib/python3.8/site-packages/utils/__pycache__/general.cpython-38.pyc
/home/nvidia/Workspace/Cruise/install/utils/lib/python3.8/site-packages/utils/__pycache__/datasets.cpython-38.pyc
/home/nvidia/Workspace/Cruise/install/utils/lib/python3.8/site-packages/utils/__pycache__/torch_utils.cpython-38.pyc
/home/nvidia/Workspace/Cruise/install/utils/lib/python3.8/site-packages/utils/__pycache__/__init__.cpython-38.pyc
/home/nvidia/Workspace/Cruise/install/utils/share/ament_index/resource_index/packages/utils
/home/nvidia/Workspace/Cruise/install/utils/share/utils/package.xml
/home/nvidia/Workspace/Cruise/install/utils/lib/python3.8/site-packages/utils-0.0.0-py3.8.egg-info/SOURCES.txt
/home/nvidia/Workspace/Cruise/install/utils/lib/python3.8/site-packages/utils-0.0.0-py3.8.egg-info/PKG-INFO
/home/nvidia/Workspace/Cruise/install/utils/lib/python3.8/site-packages/utils-0.0.0-py3.8.egg-info/entry_points.txt
/home/nvidia/Workspace/Cruise/install/utils/lib/python3.8/site-packages/utils-0.0.0-py3.8.egg-info/requires.txt
/home/nvidia/Workspace/Cruise/install/utils/lib/python3.8/site-packages/utils-0.0.0-py3.8.egg-info/zip-safe
/home/nvidia/Workspace/Cruise/install/utils/lib/python3.8/site-packages/utils-0.0.0-py3.8.egg-info/top_level.txt
/home/nvidia/Workspace/Cruise/install/utils/lib/python3.8/site-packages/utils-0.0.0-py3.8.egg-info/dependency_links.txt
/home/nvidia/Workspace/Cruise/install/utils/lib/utils/utils_empty
