running egg_info
creating ../../build/utils/utils.egg-info
writing ../../build/utils/utils.egg-info/PKG-INFO
writing dependency_links to ../../build/utils/utils.egg-info/dependency_links.txt
writing entry points to ../../build/utils/utils.egg-info/entry_points.txt
writing requirements to ../../build/utils/utils.egg-info/requires.txt
writing top-level names to ../../build/utils/utils.egg-info/top_level.txt
writing manifest file '../../build/utils/utils.egg-info/SOURCES.txt'
reading manifest file '../../build/utils/utils.egg-info/SOURCES.txt'
writing manifest file '../../build/utils/utils.egg-info/SOURCES.txt'
running build
running build_py
creating /home/nvidia/Workspace/Cruise/build/utils/build
creating /home/nvidia/Workspace/Cruise/build/utils/build/lib
creating /home/nvidia/Workspace/Cruise/build/utils/build/lib/utils
copying utils/activations.py -> /home/nvidia/Workspace/Cruise/build/utils/build/lib/utils
copying utils/loss.py -> /home/nvidia/Workspace/Cruise/build/utils/build/lib/utils
copying utils/plots.py -> /home/nvidia/Workspace/Cruise/build/utils/build/lib/utils
copying utils/metrics.py -> /home/nvidia/Workspace/Cruise/build/utils/build/lib/utils
copying utils/empty.py -> /home/nvidia/Workspace/Cruise/build/utils/build/lib/utils
copying utils/autoanchor.py -> /home/nvidia/Workspace/Cruise/build/utils/build/lib/utils
copying utils/google_utils.py -> /home/nvidia/Workspace/Cruise/build/utils/build/lib/utils
copying utils/general.py -> /home/nvidia/Workspace/Cruise/build/utils/build/lib/utils
copying utils/datasets.py -> /home/nvidia/Workspace/Cruise/build/utils/build/lib/utils
copying utils/torch_utils.py -> /home/nvidia/Workspace/Cruise/build/utils/build/lib/utils
copying utils/__init__.py -> /home/nvidia/Workspace/Cruise/build/utils/build/lib/utils
running install
running install_lib
creating /home/nvidia/Workspace/Cruise/install/utils/lib/python3.8/site-packages/utils
copying /home/nvidia/Workspace/Cruise/build/utils/build/lib/utils/activations.py -> /home/nvidia/Workspace/Cruise/install/utils/lib/python3.8/site-packages/utils
copying /home/nvidia/Workspace/Cruise/build/utils/build/lib/utils/loss.py -> /home/nvidia/Workspace/Cruise/install/utils/lib/python3.8/site-packages/utils
copying /home/nvidia/Workspace/Cruise/build/utils/build/lib/utils/plots.py -> /home/nvidia/Workspace/Cruise/install/utils/lib/python3.8/site-packages/utils
copying /home/nvidia/Workspace/Cruise/build/utils/build/lib/utils/metrics.py -> /home/nvidia/Workspace/Cruise/install/utils/lib/python3.8/site-packages/utils
copying /home/nvidia/Workspace/Cruise/build/utils/build/lib/utils/empty.py -> /home/nvidia/Workspace/Cruise/install/utils/lib/python3.8/site-packages/utils
copying /home/nvidia/Workspace/Cruise/build/utils/build/lib/utils/autoanchor.py -> /home/nvidia/Workspace/Cruise/install/utils/lib/python3.8/site-packages/utils
copying /home/nvidia/Workspace/Cruise/build/utils/build/lib/utils/google_utils.py -> /home/nvidia/Workspace/Cruise/install/utils/lib/python3.8/site-packages/utils
copying /home/nvidia/Workspace/Cruise/build/utils/build/lib/utils/general.py -> /home/nvidia/Workspace/Cruise/install/utils/lib/python3.8/site-packages/utils
copying /home/nvidia/Workspace/Cruise/build/utils/build/lib/utils/datasets.py -> /home/nvidia/Workspace/Cruise/install/utils/lib/python3.8/site-packages/utils
copying /home/nvidia/Workspace/Cruise/build/utils/build/lib/utils/torch_utils.py -> /home/nvidia/Workspace/Cruise/install/utils/lib/python3.8/site-packages/utils
copying /home/nvidia/Workspace/Cruise/build/utils/build/lib/utils/__init__.py -> /home/nvidia/Workspace/Cruise/install/utils/lib/python3.8/site-packages/utils
byte-compiling /home/nvidia/Workspace/Cruise/install/utils/lib/python3.8/site-packages/utils/activations.py to activations.cpython-38.pyc
byte-compiling /home/nvidia/Workspace/Cruise/install/utils/lib/python3.8/site-packages/utils/loss.py to loss.cpython-38.pyc
byte-compiling /home/nvidia/Workspace/Cruise/install/utils/lib/python3.8/site-packages/utils/plots.py to plots.cpython-38.pyc
byte-compiling /home/nvidia/Workspace/Cruise/install/utils/lib/python3.8/site-packages/utils/metrics.py to metrics.cpython-38.pyc
byte-compiling /home/nvidia/Workspace/Cruise/install/utils/lib/python3.8/site-packages/utils/empty.py to empty.cpython-38.pyc
byte-compiling /home/nvidia/Workspace/Cruise/install/utils/lib/python3.8/site-packages/utils/autoanchor.py to autoanchor.cpython-38.pyc
byte-compiling /home/nvidia/Workspace/Cruise/install/utils/lib/python3.8/site-packages/utils/google_utils.py to google_utils.cpython-38.pyc
byte-compiling /home/nvidia/Workspace/Cruise/install/utils/lib/python3.8/site-packages/utils/general.py to general.cpython-38.pyc
byte-compiling /home/nvidia/Workspace/Cruise/install/utils/lib/python3.8/site-packages/utils/datasets.py to datasets.cpython-38.pyc
byte-compiling /home/nvidia/Workspace/Cruise/install/utils/lib/python3.8/site-packages/utils/torch_utils.py to torch_utils.cpython-38.pyc
byte-compiling /home/nvidia/Workspace/Cruise/install/utils/lib/python3.8/site-packages/utils/__init__.py to __init__.cpython-38.pyc
running install_data
creating /home/nvidia/Workspace/Cruise/install/utils/share/ament_index
creating /home/nvidia/Workspace/Cruise/install/utils/share/ament_index/resource_index
creating /home/nvidia/Workspace/Cruise/install/utils/share/ament_index/resource_index/packages
copying resource/utils -> /home/nvidia/Workspace/Cruise/install/utils/share/ament_index/resource_index/packages
copying package.xml -> /home/nvidia/Workspace/Cruise/install/utils/share/utils
running install_egg_info
Copying ../../build/utils/utils.egg-info to /home/nvidia/Workspace/Cruise/install/utils/lib/python3.8/site-packages/utils-0.0.0-py3.8.egg-info
running install_scripts
Installing utils_empty script to /home/nvidia/Workspace/Cruise/install/utils/lib/utils
writing list of installed files to '/home/nvidia/Workspace/Cruise/build/utils/install.log'
