[3.138s] Invoking command in '/home/nvidia/Workspace/Cruise/src/utils': PYTHONPATH=/home/nvidia/Workspace/Cruise/build/utils/prefix_override:/home/nvidia/Workspace/Cruise/install/utils/lib/python3.8/site-packages:${PYTHONPATH} /usr/bin/python3 setup.py egg_info --egg-base ../../build/utils build --build-base /home/nvidia/Workspace/Cruise/build/utils/build install --record /home/nvidia/Workspace/Cruise/build/utils/install.log --single-version-externally-managed
[3.554s] running egg_info
[3.555s] creating ../../build/utils/utils.egg-info
[3.555s] writing ../../build/utils/utils.egg-info/PKG-INFO
[3.556s] writing dependency_links to ../../build/utils/utils.egg-info/dependency_links.txt
[3.556s] writing entry points to ../../build/utils/utils.egg-info/entry_points.txt
[3.556s] writing requirements to ../../build/utils/utils.egg-info/requires.txt
[3.556s] writing top-level names to ../../build/utils/utils.egg-info/top_level.txt
[3.558s] writing manifest file '../../build/utils/utils.egg-info/SOURCES.txt'
[3.607s] reading manifest file '../../build/utils/utils.egg-info/SOURCES.txt'
[3.608s] writing manifest file '../../build/utils/utils.egg-info/SOURCES.txt'
[3.609s] running build
[3.609s] running build_py
[3.609s] creating /home/nvidia/Workspace/Cruise/build/utils/build
[3.609s] creating /home/nvidia/Workspace/Cruise/build/utils/build/lib
[3.609s] creating /home/nvidia/Workspace/Cruise/build/utils/build/lib/utils
[3.609s] copying utils/activations.py -> /home/nvidia/Workspace/Cruise/build/utils/build/lib/utils
[3.612s] copying utils/loss.py -> /home/nvidia/Workspace/Cruise/build/utils/build/lib/utils
[3.612s] copying utils/plots.py -> /home/nvidia/Workspace/Cruise/build/utils/build/lib/utils
[3.615s] copying utils/metrics.py -> /home/nvidia/Workspace/Cruise/build/utils/build/lib/utils
[3.615s] copying utils/empty.py -> /home/nvidia/Workspace/Cruise/build/utils/build/lib/utils
[3.615s] copying utils/autoanchor.py -> /home/nvidia/Workspace/Cruise/build/utils/build/lib/utils
[3.615s] copying utils/google_utils.py -> /home/nvidia/Workspace/Cruise/build/utils/build/lib/utils
[3.615s] copying utils/general.py -> /home/nvidia/Workspace/Cruise/build/utils/build/lib/utils
[3.616s] copying utils/datasets.py -> /home/nvidia/Workspace/Cruise/build/utils/build/lib/utils
[3.616s] copying utils/torch_utils.py -> /home/nvidia/Workspace/Cruise/build/utils/build/lib/utils
[3.616s] copying utils/__init__.py -> /home/nvidia/Workspace/Cruise/build/utils/build/lib/utils
[3.616s] running install
[3.618s] running install_lib
[3.620s] creating /home/nvidia/Workspace/Cruise/install/utils/lib/python3.8/site-packages/utils
[3.620s] copying /home/nvidia/Workspace/Cruise/build/utils/build/lib/utils/activations.py -> /home/nvidia/Workspace/Cruise/install/utils/lib/python3.8/site-packages/utils
[3.620s] copying /home/nvidia/Workspace/Cruise/build/utils/build/lib/utils/loss.py -> /home/nvidia/Workspace/Cruise/install/utils/lib/python3.8/site-packages/utils
[3.620s] copying /home/nvidia/Workspace/Cruise/build/utils/build/lib/utils/plots.py -> /home/nvidia/Workspace/Cruise/install/utils/lib/python3.8/site-packages/utils
[3.620s] copying /home/nvidia/Workspace/Cruise/build/utils/build/lib/utils/metrics.py -> /home/nvidia/Workspace/Cruise/install/utils/lib/python3.8/site-packages/utils
[3.621s] copying /home/nvidia/Workspace/Cruise/build/utils/build/lib/utils/empty.py -> /home/nvidia/Workspace/Cruise/install/utils/lib/python3.8/site-packages/utils
[3.621s] copying /home/nvidia/Workspace/Cruise/build/utils/build/lib/utils/autoanchor.py -> /home/nvidia/Workspace/Cruise/install/utils/lib/python3.8/site-packages/utils
[3.621s] copying /home/nvidia/Workspace/Cruise/build/utils/build/lib/utils/google_utils.py -> /home/nvidia/Workspace/Cruise/install/utils/lib/python3.8/site-packages/utils
[3.621s] copying /home/nvidia/Workspace/Cruise/build/utils/build/lib/utils/general.py -> /home/nvidia/Workspace/Cruise/install/utils/lib/python3.8/site-packages/utils
[3.621s] copying /home/nvidia/Workspace/Cruise/build/utils/build/lib/utils/datasets.py -> /home/nvidia/Workspace/Cruise/install/utils/lib/python3.8/site-packages/utils
[3.621s] copying /home/nvidia/Workspace/Cruise/build/utils/build/lib/utils/torch_utils.py -> /home/nvidia/Workspace/Cruise/install/utils/lib/python3.8/site-packages/utils
[3.621s] copying /home/nvidia/Workspace/Cruise/build/utils/build/lib/utils/__init__.py -> /home/nvidia/Workspace/Cruise/install/utils/lib/python3.8/site-packages/utils
[3.623s] byte-compiling /home/nvidia/Workspace/Cruise/install/utils/lib/python3.8/site-packages/utils/activations.py to activations.cpython-38.pyc
[3.625s] byte-compiling /home/nvidia/Workspace/Cruise/install/utils/lib/python3.8/site-packages/utils/loss.py to loss.cpython-38.pyc
[3.628s] byte-compiling /home/nvidia/Workspace/Cruise/install/utils/lib/python3.8/site-packages/utils/plots.py to plots.cpython-38.pyc
[3.634s] byte-compiling /home/nvidia/Workspace/Cruise/install/utils/lib/python3.8/site-packages/utils/metrics.py to metrics.cpython-38.pyc
[3.637s] byte-compiling /home/nvidia/Workspace/Cruise/install/utils/lib/python3.8/site-packages/utils/empty.py to empty.cpython-38.pyc
[3.637s] byte-compiling /home/nvidia/Workspace/Cruise/install/utils/lib/python3.8/site-packages/utils/autoanchor.py to autoanchor.cpython-38.pyc
[3.639s] byte-compiling /home/nvidia/Workspace/Cruise/install/utils/lib/python3.8/site-packages/utils/google_utils.py to google_utils.cpython-38.pyc
[3.640s] byte-compiling /home/nvidia/Workspace/Cruise/install/utils/lib/python3.8/site-packages/utils/general.py to general.cpython-38.pyc
[3.646s] byte-compiling /home/nvidia/Workspace/Cruise/install/utils/lib/python3.8/site-packages/utils/datasets.py to datasets.cpython-38.pyc
[3.658s] byte-compiling /home/nvidia/Workspace/Cruise/install/utils/lib/python3.8/site-packages/utils/torch_utils.py to torch_utils.cpython-38.pyc
[3.661s] byte-compiling /home/nvidia/Workspace/Cruise/install/utils/lib/python3.8/site-packages/utils/__init__.py to __init__.cpython-38.pyc
[3.662s] running install_data
[3.663s] creating /home/nvidia/Workspace/Cruise/install/utils/share/ament_index
[3.663s] creating /home/nvidia/Workspace/Cruise/install/utils/share/ament_index/resource_index
[3.663s] creating /home/nvidia/Workspace/Cruise/install/utils/share/ament_index/resource_index/packages
[3.664s] copying resource/utils -> /home/nvidia/Workspace/Cruise/install/utils/share/ament_index/resource_index/packages
[3.664s] copying package.xml -> /home/nvidia/Workspace/Cruise/install/utils/share/utils
[3.664s] running install_egg_info
[3.666s] Copying ../../build/utils/utils.egg-info to /home/nvidia/Workspace/Cruise/install/utils/lib/python3.8/site-packages/utils-0.0.0-py3.8.egg-info
[3.668s] running install_scripts
[3.698s] Installing utils_empty script to /home/nvidia/Workspace/Cruise/install/utils/lib/utils
[3.699s] writing list of installed files to '/home/nvidia/Workspace/Cruise/build/utils/install.log'
[3.775s] Invoked command in '/home/nvidia/Workspace/Cruise/src/utils' returned '0': PYTHONPATH=/home/nvidia/Workspace/Cruise/build/utils/prefix_override:/home/nvidia/Workspace/Cruise/install/utils/lib/python3.8/site-packages:${PYTHONPATH} /usr/bin/python3 setup.py egg_info --egg-base ../../build/utils build --build-base /home/nvidia/Workspace/Cruise/build/utils/build install --record /home/nvidia/Workspace/Cruise/build/utils/install.log --single-version-externally-managed
