/home/nvidia/Workspace/Cruise/install/uv_ai/lib/python3.8/site-packages/uv_ai/uv_automaton.py
/home/nvidia/Workspace/Cruise/install/uv_ai/lib/python3.8/site-packages/uv_ai/uv_detect_test.py
/home/nvidia/Workspace/Cruise/install/uv_ai/lib/python3.8/site-packages/uv_ai/uv_detect_demo.py
/home/nvidia/Workspace/Cruise/install/uv_ai/lib/python3.8/site-packages/uv_ai/uv_detect.py
/home/nvidia/Workspace/Cruise/install/uv_ai/lib/python3.8/site-packages/uv_ai/uv_segment.py
/home/nvidia/Workspace/Cruise/install/uv_ai/lib/python3.8/site-packages/uv_ai/__init__.py
/home/nvidia/Workspace/Cruise/install/uv_ai/lib/python3.8/site-packages/uv_ai/__pycache__/uv_automaton.cpython-38.pyc
/home/nvidia/Workspace/Cruise/install/uv_ai/lib/python3.8/site-packages/uv_ai/__pycache__/uv_detect_test.cpython-38.pyc
/home/nvidia/Workspace/Cruise/install/uv_ai/lib/python3.8/site-packages/uv_ai/__pycache__/uv_detect_demo.cpython-38.pyc
/home/nvidia/Workspace/Cruise/install/uv_ai/lib/python3.8/site-packages/uv_ai/__pycache__/uv_detect.cpython-38.pyc
/home/nvidia/Workspace/Cruise/install/uv_ai/lib/python3.8/site-packages/uv_ai/__pycache__/uv_segment.cpython-38.pyc
/home/nvidia/Workspace/Cruise/install/uv_ai/lib/python3.8/site-packages/uv_ai/__pycache__/__init__.cpython-38.pyc
/home/nvidia/Workspace/Cruise/install/uv_ai/share/ament_index/resource_index/packages/uv_ai
/home/nvidia/Workspace/Cruise/install/uv_ai/share/uv_ai/package.xml
/home/nvidia/Workspace/Cruise/install/uv_ai/lib/python3.8/site-packages/uv_ai-0.0.0-py3.8.egg-info/SOURCES.txt
/home/nvidia/Workspace/Cruise/install/uv_ai/lib/python3.8/site-packages/uv_ai-0.0.0-py3.8.egg-info/PKG-INFO
/home/nvidia/Workspace/Cruise/install/uv_ai/lib/python3.8/site-packages/uv_ai-0.0.0-py3.8.egg-info/entry_points.txt
/home/nvidia/Workspace/Cruise/install/uv_ai/lib/python3.8/site-packages/uv_ai-0.0.0-py3.8.egg-info/requires.txt
/home/nvidia/Workspace/Cruise/install/uv_ai/lib/python3.8/site-packages/uv_ai-0.0.0-py3.8.egg-info/zip-safe
/home/nvidia/Workspace/Cruise/install/uv_ai/lib/python3.8/site-packages/uv_ai-0.0.0-py3.8.egg-info/top_level.txt
/home/nvidia/Workspace/Cruise/install/uv_ai/lib/python3.8/site-packages/uv_ai-0.0.0-py3.8.egg-info/dependency_links.txt
/home/nvidia/Workspace/Cruise/install/uv_ai/lib/uv_ai/uv_automation
/home/nvidia/Workspace/Cruise/install/uv_ai/lib/uv_ai/uv_detect
/home/nvidia/Workspace/Cruise/install/uv_ai/lib/uv_ai/uv_detect_demo
/home/nvidia/Workspace/Cruise/install/uv_ai/lib/uv_ai/uv_detect_test
/home/nvidia/Workspace/Cruise/install/uv_ai/lib/uv_ai/uv_segment
