/home/nvidia/Workspace/Cruise/install/uv_vision/lib/python3.8/site-packages/uv_vision/stereocam.py
/home/nvidia/Workspace/Cruise/install/uv_vision/lib/python3.8/site-packages/uv_vision/uv_srs.py
/home/nvidia/Workspace/Cruise/install/uv_vision/lib/python3.8/site-packages/uv_vision/uv_capture.py
/home/nvidia/Workspace/Cruise/install/uv_vision/lib/python3.8/site-packages/uv_vision/uv_virtualwebcam.py
/home/nvidia/Workspace/Cruise/install/uv_vision/lib/python3.8/site-packages/uv_vision/uv_depthimg.py
/home/nvidia/Workspace/Cruise/install/uv_vision/lib/python3.8/site-packages/uv_vision/__init__.py
/home/nvidia/Workspace/Cruise/install/uv_vision/lib/python3.8/site-packages/uv_vision/__pycache__/stereocam.cpython-38.pyc
/home/nvidia/Workspace/Cruise/install/uv_vision/lib/python3.8/site-packages/uv_vision/__pycache__/uv_srs.cpython-38.pyc
/home/nvidia/Workspace/Cruise/install/uv_vision/lib/python3.8/site-packages/uv_vision/__pycache__/uv_capture.cpython-38.pyc
/home/nvidia/Workspace/Cruise/install/uv_vision/lib/python3.8/site-packages/uv_vision/__pycache__/uv_virtualwebcam.cpython-38.pyc
/home/nvidia/Workspace/Cruise/install/uv_vision/lib/python3.8/site-packages/uv_vision/__pycache__/uv_depthimg.cpython-38.pyc
/home/nvidia/Workspace/Cruise/install/uv_vision/lib/python3.8/site-packages/uv_vision/__pycache__/__init__.cpython-38.pyc
/home/nvidia/Workspace/Cruise/install/uv_vision/share/ament_index/resource_index/packages/uv_vision
/home/nvidia/Workspace/Cruise/install/uv_vision/share/uv_vision/package.xml
/home/nvidia/Workspace/Cruise/install/uv_vision/lib/python3.8/site-packages/uv_vision-0.0.0-py3.8.egg-info/SOURCES.txt
/home/nvidia/Workspace/Cruise/install/uv_vision/lib/python3.8/site-packages/uv_vision-0.0.0-py3.8.egg-info/PKG-INFO
/home/nvidia/Workspace/Cruise/install/uv_vision/lib/python3.8/site-packages/uv_vision-0.0.0-py3.8.egg-info/entry_points.txt
/home/nvidia/Workspace/Cruise/install/uv_vision/lib/python3.8/site-packages/uv_vision-0.0.0-py3.8.egg-info/requires.txt
/home/nvidia/Workspace/Cruise/install/uv_vision/lib/python3.8/site-packages/uv_vision-0.0.0-py3.8.egg-info/zip-safe
/home/nvidia/Workspace/Cruise/install/uv_vision/lib/python3.8/site-packages/uv_vision-0.0.0-py3.8.egg-info/top_level.txt
/home/nvidia/Workspace/Cruise/install/uv_vision/lib/python3.8/site-packages/uv_vision-0.0.0-py3.8.egg-info/dependency_links.txt
/home/nvidia/Workspace/Cruise/install/uv_vision/lib/uv_vision/uv_capture
/home/nvidia/Workspace/Cruise/install/uv_vision/lib/uv_vision/uv_depthimg
/home/nvidia/Workspace/Cruise/install/uv_vision/lib/uv_vision/uv_srs
/home/nvidia/Workspace/Cruise/install/uv_vision/lib/uv_vision/uv_virtualwebcam
