running egg_info
creating ../../build/uv_ai/uv_ai.egg-info
writing ../../build/uv_ai/uv_ai.egg-info/PKG-INFO
writing dependency_links to ../../build/uv_ai/uv_ai.egg-info/dependency_links.txt
writing entry points to ../../build/uv_ai/uv_ai.egg-info/entry_points.txt
writing requirements to ../../build/uv_ai/uv_ai.egg-info/requires.txt
writing top-level names to ../../build/uv_ai/uv_ai.egg-info/top_level.txt
writing manifest file '../../build/uv_ai/uv_ai.egg-info/SOURCES.txt'
reading manifest file '../../build/uv_ai/uv_ai.egg-info/SOURCES.txt'
writing manifest file '../../build/uv_ai/uv_ai.egg-info/SOURCES.txt'
running build
running build_py
creating /home/nvidia/Workspace/Cruise/build/uv_ai/build
creating /home/nvidia/Workspace/Cruise/build/uv_ai/build/lib
creating /home/nvidia/Workspace/Cruise/build/uv_ai/build/lib/uv_ai
copying uv_ai/uv_automaton.py -> /home/nvidia/Workspace/Cruise/build/uv_ai/build/lib/uv_ai
copying uv_ai/uv_detect_test.py -> /home/nvidia/Workspace/Cruise/build/uv_ai/build/lib/uv_ai
copying uv_ai/uv_detect_demo.py -> /home/nvidia/Workspace/Cruise/build/uv_ai/build/lib/uv_ai
copying uv_ai/uv_detect.py -> /home/nvidia/Workspace/Cruise/build/uv_ai/build/lib/uv_ai
copying uv_ai/uv_segment.py -> /home/nvidia/Workspace/Cruise/build/uv_ai/build/lib/uv_ai
copying uv_ai/__init__.py -> /home/nvidia/Workspace/Cruise/build/uv_ai/build/lib/uv_ai
running install
running install_lib
creating /home/nvidia/Workspace/Cruise/install/uv_ai/lib/python3.8/site-packages/uv_ai
copying /home/nvidia/Workspace/Cruise/build/uv_ai/build/lib/uv_ai/uv_automaton.py -> /home/nvidia/Workspace/Cruise/install/uv_ai/lib/python3.8/site-packages/uv_ai
copying /home/nvidia/Workspace/Cruise/build/uv_ai/build/lib/uv_ai/uv_detect_test.py -> /home/nvidia/Workspace/Cruise/install/uv_ai/lib/python3.8/site-packages/uv_ai
copying /home/nvidia/Workspace/Cruise/build/uv_ai/build/lib/uv_ai/uv_detect_demo.py -> /home/nvidia/Workspace/Cruise/install/uv_ai/lib/python3.8/site-packages/uv_ai
copying /home/nvidia/Workspace/Cruise/build/uv_ai/build/lib/uv_ai/uv_detect.py -> /home/nvidia/Workspace/Cruise/install/uv_ai/lib/python3.8/site-packages/uv_ai
copying /home/nvidia/Workspace/Cruise/build/uv_ai/build/lib/uv_ai/uv_segment.py -> /home/nvidia/Workspace/Cruise/install/uv_ai/lib/python3.8/site-packages/uv_ai
copying /home/nvidia/Workspace/Cruise/build/uv_ai/build/lib/uv_ai/__init__.py -> /home/nvidia/Workspace/Cruise/install/uv_ai/lib/python3.8/site-packages/uv_ai
byte-compiling /home/nvidia/Workspace/Cruise/install/uv_ai/lib/python3.8/site-packages/uv_ai/uv_automaton.py to uv_automaton.cpython-38.pyc
byte-compiling /home/nvidia/Workspace/Cruise/install/uv_ai/lib/python3.8/site-packages/uv_ai/uv_detect_test.py to uv_detect_test.cpython-38.pyc
byte-compiling /home/nvidia/Workspace/Cruise/install/uv_ai/lib/python3.8/site-packages/uv_ai/uv_detect_demo.py to uv_detect_demo.cpython-38.pyc
byte-compiling /home/nvidia/Workspace/Cruise/install/uv_ai/lib/python3.8/site-packages/uv_ai/uv_detect.py to uv_detect.cpython-38.pyc
byte-compiling /home/nvidia/Workspace/Cruise/install/uv_ai/lib/python3.8/site-packages/uv_ai/uv_segment.py to uv_segment.cpython-38.pyc
byte-compiling /home/nvidia/Workspace/Cruise/install/uv_ai/lib/python3.8/site-packages/uv_ai/__init__.py to __init__.cpython-38.pyc
running install_data
creating /home/nvidia/Workspace/Cruise/install/uv_ai/share/ament_index
creating /home/nvidia/Workspace/Cruise/install/uv_ai/share/ament_index/resource_index
creating /home/nvidia/Workspace/Cruise/install/uv_ai/share/ament_index/resource_index/packages
copying resource/uv_ai -> /home/nvidia/Workspace/Cruise/install/uv_ai/share/ament_index/resource_index/packages
copying package.xml -> /home/nvidia/Workspace/Cruise/install/uv_ai/share/uv_ai
running install_egg_info
Copying ../../build/uv_ai/uv_ai.egg-info to /home/nvidia/Workspace/Cruise/install/uv_ai/lib/python3.8/site-packages/uv_ai-0.0.0-py3.8.egg-info
running install_scripts
Installing uv_automation script to /home/nvidia/Workspace/Cruise/install/uv_ai/lib/uv_ai
Installing uv_detect script to /home/nvidia/Workspace/Cruise/install/uv_ai/lib/uv_ai
Installing uv_detect_demo script to /home/nvidia/Workspace/Cruise/install/uv_ai/lib/uv_ai
Installing uv_detect_test script to /home/nvidia/Workspace/Cruise/install/uv_ai/lib/uv_ai
Installing uv_segment script to /home/nvidia/Workspace/Cruise/install/uv_ai/lib/uv_ai
writing list of installed files to '/home/nvidia/Workspace/Cruise/build/uv_ai/install.log'
