running egg_info
creating ../../build/models/models.egg-info
writing ../../build/models/models.egg-info/PKG-INFO
writing dependency_links to ../../build/models/models.egg-info/dependency_links.txt
writing entry points to ../../build/models/models.egg-info/entry_points.txt
writing requirements to ../../build/models/models.egg-info/requires.txt
writing top-level names to ../../build/models/models.egg-info/top_level.txt
writing manifest file '../../build/models/models.egg-info/SOURCES.txt'
reading manifest file '../../build/models/models.egg-info/SOURCES.txt'
writing manifest file '../../build/models/models.egg-info/SOURCES.txt'
running build
running build_py
creating /home/nvidia/Workspace/Cruise/build/models/build
creating /home/nvidia/Workspace/Cruise/build/models/build/lib
creating /home/nvidia/Workspace/Cruise/build/models/build/lib/models
copying models/common.py -> /home/nvidia/Workspace/Cruise/build/models/build/lib/models
copying models/yolo.py -> /home/nvidia/Workspace/Cruise/build/models/build/lib/models
copying models/empty.py -> /home/nvidia/Workspace/Cruise/build/models/build/lib/models
copying models/experimental.py -> /home/nvidia/Workspace/Cruise/build/models/build/lib/models
copying models/__init__.py -> /home/nvidia/Workspace/Cruise/build/models/build/lib/models
running install
running install_lib
creating /home/nvidia/Workspace/Cruise/install/models/lib/python3.8/site-packages/models
copying /home/nvidia/Workspace/Cruise/build/models/build/lib/models/common.py -> /home/nvidia/Workspace/Cruise/install/models/lib/python3.8/site-packages/models
copying /home/nvidia/Workspace/Cruise/build/models/build/lib/models/yolo.py -> /home/nvidia/Workspace/Cruise/install/models/lib/python3.8/site-packages/models
copying /home/nvidia/Workspace/Cruise/build/models/build/lib/models/empty.py -> /home/nvidia/Workspace/Cruise/install/models/lib/python3.8/site-packages/models
copying /home/nvidia/Workspace/Cruise/build/models/build/lib/models/experimental.py -> /home/nvidia/Workspace/Cruise/install/models/lib/python3.8/site-packages/models
copying /home/nvidia/Workspace/Cruise/build/models/build/lib/models/__init__.py -> /home/nvidia/Workspace/Cruise/install/models/lib/python3.8/site-packages/models
byte-compiling /home/nvidia/Workspace/Cruise/install/models/lib/python3.8/site-packages/models/common.py to common.cpython-38.pyc
byte-compiling /home/nvidia/Workspace/Cruise/install/models/lib/python3.8/site-packages/models/yolo.py to yolo.cpython-38.pyc
byte-compiling /home/nvidia/Workspace/Cruise/install/models/lib/python3.8/site-packages/models/empty.py to empty.cpython-38.pyc
byte-compiling /home/nvidia/Workspace/Cruise/install/models/lib/python3.8/site-packages/models/experimental.py to experimental.cpython-38.pyc
byte-compiling /home/nvidia/Workspace/Cruise/install/models/lib/python3.8/site-packages/models/__init__.py to __init__.cpython-38.pyc
running install_data
creating /home/nvidia/Workspace/Cruise/install/models/share/ament_index
creating /home/nvidia/Workspace/Cruise/install/models/share/ament_index/resource_index
creating /home/nvidia/Workspace/Cruise/install/models/share/ament_index/resource_index/packages
copying resource/models -> /home/nvidia/Workspace/Cruise/install/models/share/ament_index/resource_index/packages
copying package.xml -> /home/nvidia/Workspace/Cruise/install/models/share/models
running install_egg_info
Copying ../../build/models/models.egg-info to /home/nvidia/Workspace/Cruise/install/models/lib/python3.8/site-packages/models-0.0.0-py3.8.egg-info
running install_scripts
Installing models_empty script to /home/nvidia/Workspace/Cruise/install/models/lib/models
writing list of installed files to '/home/nvidia/Workspace/Cruise/build/models/install.log'
