-- The C compiler identification is GNU 9.4.0
-- The CXX compiler identification is GNU 9.4.0
-- Check for working C compiler: /bin/cc
-- Check for working C compiler: /bin/cc -- works
-- Detecting C compiler ABI info
-- Detecting C compiler ABI info - done
-- Detecting C compile features
-- Detecting C compile features - done
-- Check for working CXX compiler: /bin/c++
-- Check for working CXX compiler: /bin/c++ -- works
-- Detecting CXX compiler ABI info
-- Detecting CXX compiler ABI info - done
-- Detecting CXX compile features
-- Detecting CXX compile features - done
-- Found ament_cmake: 0.9.12 (/opt/ros/foxy/share/ament_cmake/cmake)
-- Found PythonInterp: /bin/python3 (found suitable version "3.8.10", minimum required is "3") 
-- Using PYTHON_EXECUTABLE: /bin/python3
-- Found rclcpp: 2.4.3 (/opt/ros/foxy/share/rclcpp/cmake)
-- Using all available rosidl_typesupport_c: rosidl_typesupport_fastrtps_c;rosidl_typesupport_introspection_c
-- Found rosidl_adapter: 1.3.1 (/opt/ros/foxy/share/rosidl_adapter/cmake)
-- Found OpenSSL: /usr/lib/aarch64-linux-gnu/libcrypto.so (found version "1.1.1f")  
-- Found FastRTPS: /opt/ros/foxy/include  
-- Using all available rosidl_typesupport_cpp: rosidl_typesupport_fastrtps_cpp;rosidl_typesupport_introspection_cpp
-- Found rmw_implementation_cmake: 1.0.4 (/opt/ros/foxy/share/rmw_implementation_cmake/cmake)
-- Using RMW implementation 'rmw_fastrtps_cpp' as default
-- Looking for pthread.h
-- Looking for pthread.h - found
-- Performing Test CMAKE_HAVE_LIBC_PTHREAD
-- Performing Test CMAKE_HAVE_LIBC_PTHREAD - Failed
-- Looking for pthread_create in pthreads
-- Looking for pthread_create in pthreads - not found
-- Looking for pthread_create in pthread
-- Looking for pthread_create in pthread - found
-- Found Threads: TRUE  
-- Found ament_lint_auto: 0.9.8 (/opt/ros/foxy/share/ament_lint_auto/cmake)
-- Found geometry_msgs: 2.0.5 (/opt/ros/foxy/share/geometry_msgs/cmake)
-- Found rosidl_default_generators: 1.0.1 (/opt/ros/foxy/share/rosidl_default_generators/cmake)
-- Found sensor_msgs: 2.0.5 (/opt/ros/foxy/share/sensor_msgs/cmake)
-- Found PythonInterp: /bin/python3 (found version "3.8.10") 
-- Found ament_cmake_ros: 0.9.2 (/opt/ros/foxy/share/ament_cmake_ros/cmake)
-- Using all available rosidl_typesupport_c: rosidl_typesupport_fastrtps_c;rosidl_typesupport_introspection_c
-- Using all available rosidl_typesupport_cpp: rosidl_typesupport_fastrtps_cpp;rosidl_typesupport_introspection_cpp
-- Found PythonInterp: /bin/python3 (found suitable version "3.8.10", minimum required is "3.5") 
-- Found python_cmake_module: 0.8.1 (/opt/ros/foxy/share/python_cmake_module/cmake)
-- Found PythonLibs: /usr/lib/aarch64-linux-gnu/libpython3.8.so (found suitable version "3.8.10", minimum required is "3.5") 
-- Using PYTHON_EXECUTABLE: /bin/python3
-- Using PYTHON_INCLUDE_DIRS: /usr/include/python3.8
-- Using PYTHON_LIBRARIES: /usr/lib/aarch64-linux-gnu/libpython3.8.so
-- Found PythonExtra: .so  
-- Added test 'copyright' to check source files copyright and LICENSE
-- Added test 'lint_cmake' to check CMake code style
-- Added test 'xmllint' to check XML markup files
-- Configuring done
-- Generating done
-- Build files have been written to: /home/nvidia/Workspace/Cruise/build/uv_msgs
[  1%] [34m[1mGenerating C code for ROS interfaces[0m
[35m[1mScanning dependencies of target uv_msgs__cpp[0m
[  1%] [34m[1mGenerating C++ code for ROS interfaces[0m
[  1%] Built target uv_msgs__cpp
[  3%] [34m[1mGenerating C++ type support dispatch for ROS interfaces[0m
[  3%] [34m[1mGenerating C++ introspection for ROS interfaces[0m
[  4%] [34m[1mGenerating C++ type support for eProsima Fast-RTPS[0m
[35m[1mScanning dependencies of target uv_msgs__rosidl_generator_c[0m
[  4%] [32mBuilding C object CMakeFiles/uv_msgs__rosidl_generator_c.dir/rosidl_generator_c/uv_msgs/msg/detail/robot_device_manager__functions.c.o[0m
[  5%] [32mBuilding C object CMakeFiles/uv_msgs__rosidl_generator_c.dir/rosidl_generator_c/uv_msgs/msg/detail/pid_controllers__functions.c.o[0m
[  5%] [32mBuilding C object CMakeFiles/uv_msgs__rosidl_generator_c.dir/rosidl_generator_c/uv_msgs/msg/detail/pid_params__functions.c.o[0m
[  5%] [32mBuilding C object CMakeFiles/uv_msgs__rosidl_generator_c.dir/rosidl_generator_c/uv_msgs/msg/detail/pid_controllers_state__functions.c.o[0m
[  6%] [32mBuilding C object CMakeFiles/uv_msgs__rosidl_generator_c.dir/rosidl_generator_c/uv_msgs/msg/detail/robot_motion_controller__functions.c.o[0m
[  7%] [32mBuilding C object CMakeFiles/uv_msgs__rosidl_generator_c.dir/rosidl_generator_c/uv_msgs/msg/detail/thrust_curve__functions.c.o[0m
[  7%] [32mBuilding C object CMakeFiles/uv_msgs__rosidl_generator_c.dir/rosidl_generator_c/uv_msgs/msg/detail/thrust_curves__functions.c.o[0m
[  7%] [32mBuilding C object CMakeFiles/uv_msgs__rosidl_generator_c.dir/rosidl_generator_c/uv_msgs/msg/detail/imu_data__functions.c.o[0m
[  8%] [32mBuilding C object CMakeFiles/uv_msgs__rosidl_generator_c.dir/rosidl_generator_c/uv_msgs/msg/detail/robot_axis__functions.c.o[0m
[  9%] [32mBuilding C object CMakeFiles/uv_msgs__rosidl_generator_c.dir/rosidl_generator_c/uv_msgs/msg/detail/motor_thrust__functions.c.o[0m
[  9%] [32mBuilding C object CMakeFiles/uv_msgs__rosidl_generator_c.dir/rosidl_generator_c/uv_msgs/msg/detail/servo_set__functions.c.o[0m
[ 10%] [32mBuilding C object CMakeFiles/uv_msgs__rosidl_generator_c.dir/rosidl_generator_c/uv_msgs/msg/detail/target_pos_down__functions.c.o[0m
[ 10%] [32mBuilding C object CMakeFiles/uv_msgs__rosidl_generator_c.dir/rosidl_generator_c/uv_msgs/msg/detail/cabin_state__functions.c.o[0m
[ 11%] [32mBuilding C object CMakeFiles/uv_msgs__rosidl_generator_c.dir/rosidl_generator_c/uv_msgs/msg/detail/propeller_thrust__functions.c.o[0m
[ 11%] [32mBuilding C object CMakeFiles/uv_msgs__rosidl_generator_c.dir/rosidl_generator_c/uv_msgs/msg/detail/work_state__functions.c.o[0m
[ 12%] [32mBuilding C object CMakeFiles/uv_msgs__rosidl_generator_c.dir/rosidl_generator_c/uv_msgs/msg/detail/yolov8__functions.c.o[0m
[ 12%] [32mBuilding C object CMakeFiles/uv_msgs__rosidl_generator_c.dir/rosidl_generator_c/uv_msgs/msg/detail/target_params__functions.c.o[0m
[ 13%] [32mBuilding C object CMakeFiles/uv_msgs__rosidl_generator_c.dir/rosidl_generator_c/uv_msgs/msg/detail/pixel_axis__functions.c.o[0m
[ 13%] [32mBuilding C object CMakeFiles/uv_msgs__rosidl_generator_c.dir/rosidl_generator_c/uv_msgs/msg/detail/target_axis__functions.c.o[0m
[ 14%] [32mBuilding C object CMakeFiles/uv_msgs__rosidl_generator_c.dir/rosidl_generator_c/uv_msgs/msg/detail/led_controllers__functions.c.o[0m
[ 15%] [32mBuilding C object CMakeFiles/uv_msgs__rosidl_generator_c.dir/rosidl_generator_c/uv_msgs/msg/detail/magnet_controller__functions.c.o[0m
[ 15%] [32mBuilding C object CMakeFiles/uv_msgs__rosidl_generator_c.dir/rosidl_generator_c/uv_msgs/srv/detail/detect_request__functions.c.o[0m
[ 15%] [32m[1mLinking C shared library libuv_msgs__rosidl_generator_c.so[0m
[ 15%] Built target uv_msgs__rosidl_generator_c
[ 16%] [34m[1mGenerating C type support dispatch for ROS interfaces[0m
[ 17%] [34m[1mGenerating C introspection for ROS interfaces[0m
[35m[1mScanning dependencies of target uv_msgs__rosidl_typesupport_cpp[0m
[ 18%] [32mBuilding CXX object CMakeFiles/uv_msgs__rosidl_typesupport_cpp.dir/rosidl_typesupport_cpp/uv_msgs/msg/robot_device_manager__type_support.cpp.o[0m
[ 18%] [32mBuilding CXX object CMakeFiles/uv_msgs__rosidl_typesupport_cpp.dir/rosidl_typesupport_cpp/uv_msgs/msg/robot_motion_controller__type_support.cpp.o[0m
[ 18%] [32mBuilding CXX object CMakeFiles/uv_msgs__rosidl_typesupport_cpp.dir/rosidl_typesupport_cpp/uv_msgs/msg/pid_params__type_support.cpp.o[0m
[ 19%] [32mBuilding CXX object CMakeFiles/uv_msgs__rosidl_typesupport_cpp.dir/rosidl_typesupport_cpp/uv_msgs/msg/pid_controllers__type_support.cpp.o[0m
[ 19%] [32mBuilding CXX object CMakeFiles/uv_msgs__rosidl_typesupport_cpp.dir/rosidl_typesupport_cpp/uv_msgs/msg/pid_controllers_state__type_support.cpp.o[0m
[ 20%] [32mBuilding CXX object CMakeFiles/uv_msgs__rosidl_typesupport_cpp.dir/rosidl_typesupport_cpp/uv_msgs/msg/thrust_curve__type_support.cpp.o[0m
[ 20%] [32mBuilding CXX object CMakeFiles/uv_msgs__rosidl_typesupport_cpp.dir/rosidl_typesupport_cpp/uv_msgs/msg/thrust_curves__type_support.cpp.o[0m
[ 21%] [32mBuilding CXX object CMakeFiles/uv_msgs__rosidl_typesupport_cpp.dir/rosidl_typesupport_cpp/uv_msgs/msg/robot_axis__type_support.cpp.o[0m
[ 21%] [32mBuilding CXX object CMakeFiles/uv_msgs__rosidl_typesupport_cpp.dir/rosidl_typesupport_cpp/uv_msgs/msg/imu_data__type_support.cpp.o[0m
[35m[1mScanning dependencies of target uv_msgs__rosidl_typesupport_introspection_cpp[0m
[ 22%] [32mBuilding CXX object CMakeFiles/uv_msgs__rosidl_typesupport_cpp.dir/rosidl_typesupport_cpp/uv_msgs/msg/motor_thrust__type_support.cpp.o[0m
[ 22%] [32mBuilding CXX object CMakeFiles/uv_msgs__rosidl_typesupport_introspection_cpp.dir/rosidl_typesupport_introspection_cpp/uv_msgs/msg/detail/robot_device_manager__type_support.cpp.o[0m
[ 23%] [32mBuilding CXX object CMakeFiles/uv_msgs__rosidl_typesupport_introspection_cpp.dir/rosidl_typesupport_introspection_cpp/uv_msgs/msg/detail/robot_motion_controller__type_support.cpp.o[0m
[35m[1mScanning dependencies of target uv_msgs__rosidl_typesupport_c[0m
[ 23%] [32mBuilding CXX object CMakeFiles/uv_msgs__rosidl_typesupport_introspection_cpp.dir/rosidl_typesupport_introspection_cpp/uv_msgs/msg/detail/pid_params__type_support.cpp.o[0m
[35m[1mScanning dependencies of target uv_msgs__rosidl_typesupport_fastrtps_cpp[0m
[ 23%] [32mBuilding CXX object CMakeFiles/uv_msgs__rosidl_typesupport_c.dir/rosidl_typesupport_c/uv_msgs/msg/robot_device_manager__type_support.cpp.o[0m
[ 23%] [32mBuilding CXX object CMakeFiles/uv_msgs__rosidl_typesupport_fastrtps_cpp.dir/rosidl_typesupport_fastrtps_cpp/uv_msgs/msg/detail/dds_fastrtps/robot_device_manager__type_support.cpp.o[0m
[ 24%] [32mBuilding CXX object CMakeFiles/uv_msgs__rosidl_typesupport_c.dir/rosidl_typesupport_c/uv_msgs/msg/robot_motion_controller__type_support.cpp.o[0m
[ 24%] [32mBuilding CXX object CMakeFiles/uv_msgs__rosidl_typesupport_c.dir/rosidl_typesupport_c/uv_msgs/msg/pid_params__type_support.cpp.o[0m
[ 25%] [32mBuilding CXX object CMakeFiles/uv_msgs__rosidl_typesupport_c.dir/rosidl_typesupport_c/uv_msgs/msg/pid_controllers__type_support.cpp.o[0m
[ 25%] [32mBuilding CXX object CMakeFiles/uv_msgs__rosidl_typesupport_cpp.dir/rosidl_typesupport_cpp/uv_msgs/msg/servo_set__type_support.cpp.o[0m
[ 25%] [32mBuilding CXX object CMakeFiles/uv_msgs__rosidl_typesupport_c.dir/rosidl_typesupport_c/uv_msgs/msg/pid_controllers_state__type_support.cpp.o[0m
[ 26%] [32mBuilding CXX object CMakeFiles/uv_msgs__rosidl_typesupport_c.dir/rosidl_typesupport_c/uv_msgs/msg/thrust_curve__type_support.cpp.o[0m
[ 26%] [32mBuilding CXX object CMakeFiles/uv_msgs__rosidl_typesupport_c.dir/rosidl_typesupport_c/uv_msgs/msg/thrust_curves__type_support.cpp.o[0m
[ 27%] [32mBuilding CXX object CMakeFiles/uv_msgs__rosidl_typesupport_c.dir/rosidl_typesupport_c/uv_msgs/msg/robot_axis__type_support.cpp.o[0m
[ 28%] [32mBuilding CXX object CMakeFiles/uv_msgs__rosidl_typesupport_introspection_cpp.dir/rosidl_typesupport_introspection_cpp/uv_msgs/msg/detail/pid_controllers__type_support.cpp.o[0m
[ 28%] [32mBuilding CXX object CMakeFiles/uv_msgs__rosidl_typesupport_introspection_cpp.dir/rosidl_typesupport_introspection_cpp/uv_msgs/msg/detail/pid_controllers_state__type_support.cpp.o[0m
[ 28%] [32mBuilding CXX object CMakeFiles/uv_msgs__rosidl_typesupport_c.dir/rosidl_typesupport_c/uv_msgs/msg/imu_data__type_support.cpp.o[0m
[ 29%] [32mBuilding CXX object CMakeFiles/uv_msgs__rosidl_typesupport_c.dir/rosidl_typesupport_c/uv_msgs/msg/motor_thrust__type_support.cpp.o[0m
[ 29%] [32mBuilding CXX object CMakeFiles/uv_msgs__rosidl_typesupport_c.dir/rosidl_typesupport_c/uv_msgs/msg/servo_set__type_support.cpp.o[0m
[ 30%] [32mBuilding CXX object CMakeFiles/uv_msgs__rosidl_typesupport_c.dir/rosidl_typesupport_c/uv_msgs/msg/target_pos_down__type_support.cpp.o[0m
[ 30%] [32mBuilding CXX object CMakeFiles/uv_msgs__rosidl_typesupport_c.dir/rosidl_typesupport_c/uv_msgs/msg/cabin_state__type_support.cpp.o[0m
[ 31%] [32mBuilding CXX object CMakeFiles/uv_msgs__rosidl_typesupport_c.dir/rosidl_typesupport_c/uv_msgs/msg/propeller_thrust__type_support.cpp.o[0m
[ 32%] [32mBuilding CXX object CMakeFiles/uv_msgs__rosidl_typesupport_introspection_cpp.dir/rosidl_typesupport_introspection_cpp/uv_msgs/msg/detail/thrust_curve__type_support.cpp.o[0m
[ 32%] [32mBuilding CXX object CMakeFiles/uv_msgs__rosidl_typesupport_introspection_cpp.dir/rosidl_typesupport_introspection_cpp/uv_msgs/msg/detail/thrust_curves__type_support.cpp.o[0m
[ 32%] [32mBuilding CXX object CMakeFiles/uv_msgs__rosidl_typesupport_c.dir/rosidl_typesupport_c/uv_msgs/msg/work_state__type_support.cpp.o[0m
[ 33%] [32mBuilding CXX object CMakeFiles/uv_msgs__rosidl_typesupport_cpp.dir/rosidl_typesupport_cpp/uv_msgs/msg/target_pos_down__type_support.cpp.o[0m
[ 34%] [32mBuilding CXX object CMakeFiles/uv_msgs__rosidl_typesupport_fastrtps_cpp.dir/rosidl_typesupport_fastrtps_cpp/uv_msgs/msg/detail/dds_fastrtps/robot_motion_controller__type_support.cpp.o[0m
[ 35%] [32mBuilding CXX object CMakeFiles/uv_msgs__rosidl_typesupport_c.dir/rosidl_typesupport_c/uv_msgs/msg/yolov8__type_support.cpp.o[0m
[ 36%] [32mBuilding CXX object CMakeFiles/uv_msgs__rosidl_typesupport_c.dir/rosidl_typesupport_c/uv_msgs/msg/target_params__type_support.cpp.o[0m
[ 36%] [32mBuilding CXX object CMakeFiles/uv_msgs__rosidl_typesupport_introspection_cpp.dir/rosidl_typesupport_introspection_cpp/uv_msgs/msg/detail/robot_axis__type_support.cpp.o[0m
[35m[1mScanning dependencies of target uv_msgs__rosidl_typesupport_introspection_c[0m
[ 36%] [32mBuilding CXX object CMakeFiles/uv_msgs__rosidl_typesupport_introspection_cpp.dir/rosidl_typesupport_introspection_cpp/uv_msgs/msg/detail/imu_data__type_support.cpp.o[0m
[ 37%] [32mBuilding CXX object CMakeFiles/uv_msgs__rosidl_typesupport_c.dir/rosidl_typesupport_c/uv_msgs/msg/pixel_axis__type_support.cpp.o[0m
[ 37%] [32mBuilding C object CMakeFiles/uv_msgs__rosidl_typesupport_introspection_c.dir/rosidl_typesupport_introspection_c/uv_msgs/msg/detail/robot_device_manager__type_support.c.o[0m
[ 37%] [32mBuilding CXX object CMakeFiles/uv_msgs__rosidl_typesupport_c.dir/rosidl_typesupport_c/uv_msgs/msg/target_axis__type_support.cpp.o[0m
[ 38%] [32mBuilding CXX object CMakeFiles/uv_msgs__rosidl_typesupport_c.dir/rosidl_typesupport_c/uv_msgs/msg/led_controllers__type_support.cpp.o[0m
[ 39%] [32mBuilding C object CMakeFiles/uv_msgs__rosidl_typesupport_introspection_c.dir/rosidl_typesupport_introspection_c/uv_msgs/msg/detail/robot_motion_controller__type_support.c.o[0m
[ 40%] [32mBuilding CXX object CMakeFiles/uv_msgs__rosidl_typesupport_introspection_cpp.dir/rosidl_typesupport_introspection_cpp/uv_msgs/msg/detail/motor_thrust__type_support.cpp.o[0m
[ 41%] [32mBuilding CXX object CMakeFiles/uv_msgs__rosidl_typesupport_c.dir/rosidl_typesupport_c/uv_msgs/srv/detect_request__type_support.cpp.o[0m
[ 41%] [32mBuilding CXX object CMakeFiles/uv_msgs__rosidl_typesupport_c.dir/rosidl_typesupport_c/uv_msgs/msg/magnet_controller__type_support.cpp.o[0m
[ 41%] [32mBuilding C object CMakeFiles/uv_msgs__rosidl_typesupport_introspection_c.dir/rosidl_typesupport_introspection_c/uv_msgs/msg/detail/pid_params__type_support.c.o[0m
[ 42%] [32mBuilding C object CMakeFiles/uv_msgs__rosidl_typesupport_introspection_c.dir/rosidl_typesupport_introspection_c/uv_msgs/msg/detail/pid_controllers__type_support.c.o[0m
[ 42%] [32mBuilding CXX object CMakeFiles/uv_msgs__rosidl_typesupport_cpp.dir/rosidl_typesupport_cpp/uv_msgs/msg/cabin_state__type_support.cpp.o[0m
[ 42%] [32m[1mLinking CXX shared library libuv_msgs__rosidl_typesupport_c.so[0m
[ 43%] [32mBuilding C object CMakeFiles/uv_msgs__rosidl_typesupport_introspection_c.dir/rosidl_typesupport_introspection_c/uv_msgs/msg/detail/pid_controllers_state__type_support.c.o[0m
[ 43%] [32mBuilding C object CMakeFiles/uv_msgs__rosidl_typesupport_introspection_c.dir/rosidl_typesupport_introspection_c/uv_msgs/msg/detail/thrust_curve__type_support.c.o[0m
[ 43%] [32mBuilding C object CMakeFiles/uv_msgs__rosidl_typesupport_introspection_c.dir/rosidl_typesupport_introspection_c/uv_msgs/msg/detail/thrust_curves__type_support.c.o[0m
[ 43%] [32mBuilding CXX object CMakeFiles/uv_msgs__rosidl_typesupport_introspection_cpp.dir/rosidl_typesupport_introspection_cpp/uv_msgs/msg/detail/servo_set__type_support.cpp.o[0m
[ 44%] [32mBuilding C object CMakeFiles/uv_msgs__rosidl_typesupport_introspection_c.dir/rosidl_typesupport_introspection_c/uv_msgs/msg/detail/robot_axis__type_support.c.o[0m
[ 44%] Built target uv_msgs__rosidl_typesupport_c
[ 44%] [32mBuilding C object CMakeFiles/uv_msgs__rosidl_typesupport_introspection_c.dir/rosidl_typesupport_introspection_c/uv_msgs/msg/detail/imu_data__type_support.c.o[0m
[ 45%] [32mBuilding CXX object CMakeFiles/uv_msgs__rosidl_typesupport_introspection_cpp.dir/rosidl_typesupport_introspection_cpp/uv_msgs/msg/detail/target_pos_down__type_support.cpp.o[0m
[ 46%] [32mBuilding C object CMakeFiles/uv_msgs__rosidl_typesupport_introspection_c.dir/rosidl_typesupport_introspection_c/uv_msgs/msg/detail/motor_thrust__type_support.c.o[0m
[ 46%] [32mBuilding C object CMakeFiles/uv_msgs__rosidl_typesupport_introspection_c.dir/rosidl_typesupport_introspection_c/uv_msgs/msg/detail/servo_set__type_support.c.o[0m
[ 47%] [32mBuilding C object CMakeFiles/uv_msgs__rosidl_typesupport_introspection_c.dir/rosidl_typesupport_introspection_c/uv_msgs/msg/detail/target_pos_down__type_support.c.o[0m
[ 47%] [32mBuilding C object CMakeFiles/uv_msgs__rosidl_typesupport_introspection_c.dir/rosidl_typesupport_introspection_c/uv_msgs/msg/detail/cabin_state__type_support.c.o[0m
[ 47%] [32mBuilding CXX object CMakeFiles/uv_msgs__rosidl_typesupport_fastrtps_cpp.dir/rosidl_typesupport_fastrtps_cpp/uv_msgs/msg/detail/dds_fastrtps/pid_params__type_support.cpp.o[0m
[ 48%] [32mBuilding C object CMakeFiles/uv_msgs__rosidl_typesupport_introspection_c.dir/rosidl_typesupport_introspection_c/uv_msgs/msg/detail/propeller_thrust__type_support.c.o[0m
[ 48%] [32mBuilding C object CMakeFiles/uv_msgs__rosidl_typesupport_introspection_c.dir/rosidl_typesupport_introspection_c/uv_msgs/msg/detail/work_state__type_support.c.o[0m
[ 49%] [32mBuilding C object CMakeFiles/uv_msgs__rosidl_typesupport_introspection_c.dir/rosidl_typesupport_introspection_c/uv_msgs/msg/detail/yolov8__type_support.c.o[0m
[ 49%] [32mBuilding CXX object CMakeFiles/uv_msgs__rosidl_typesupport_introspection_cpp.dir/rosidl_typesupport_introspection_cpp/uv_msgs/msg/detail/cabin_state__type_support.cpp.o[0m
[ 50%] [32mBuilding CXX object CMakeFiles/uv_msgs__rosidl_typesupport_fastrtps_cpp.dir/rosidl_typesupport_fastrtps_cpp/uv_msgs/msg/detail/dds_fastrtps/pid_controllers__type_support.cpp.o[0m
[ 50%] [32mBuilding C object CMakeFiles/uv_msgs__rosidl_typesupport_introspection_c.dir/rosidl_typesupport_introspection_c/uv_msgs/msg/detail/target_params__type_support.c.o[0m
[ 50%] [32mBuilding CXX object CMakeFiles/uv_msgs__rosidl_typesupport_fastrtps_cpp.dir/rosidl_typesupport_fastrtps_cpp/uv_msgs/msg/detail/dds_fastrtps/pid_controllers_state__type_support.cpp.o[0m
[ 51%] [32mBuilding CXX object CMakeFiles/uv_msgs__rosidl_typesupport_cpp.dir/rosidl_typesupport_cpp/uv_msgs/msg/propeller_thrust__type_support.cpp.o[0m
[ 52%] [32mBuilding C object CMakeFiles/uv_msgs__rosidl_typesupport_introspection_c.dir/rosidl_typesupport_introspection_c/uv_msgs/msg/detail/pixel_axis__type_support.c.o[0m
[ 53%] [32mBuilding CXX object CMakeFiles/uv_msgs__rosidl_typesupport_introspection_cpp.dir/rosidl_typesupport_introspection_cpp/uv_msgs/msg/detail/propeller_thrust__type_support.cpp.o[0m
[ 53%] [32mBuilding C object CMakeFiles/uv_msgs__rosidl_typesupport_introspection_c.dir/rosidl_typesupport_introspection_c/uv_msgs/msg/detail/target_axis__type_support.c.o[0m
[ 53%] [32mBuilding CXX object CMakeFiles/uv_msgs__rosidl_typesupport_introspection_cpp.dir/rosidl_typesupport_introspection_cpp/uv_msgs/msg/detail/work_state__type_support.cpp.o[0m
[ 54%] [32mBuilding C object CMakeFiles/uv_msgs__rosidl_typesupport_introspection_c.dir/rosidl_typesupport_introspection_c/uv_msgs/msg/detail/led_controllers__type_support.c.o[0m
[ 54%] [32mBuilding C object CMakeFiles/uv_msgs__rosidl_typesupport_introspection_c.dir/rosidl_typesupport_introspection_c/uv_msgs/msg/detail/magnet_controller__type_support.c.o[0m
[ 55%] [32mBuilding CXX object CMakeFiles/uv_msgs__rosidl_typesupport_introspection_cpp.dir/rosidl_typesupport_introspection_cpp/uv_msgs/msg/detail/yolov8__type_support.cpp.o[0m
[ 55%] [32mBuilding CXX object CMakeFiles/uv_msgs__rosidl_typesupport_cpp.dir/rosidl_typesupport_cpp/uv_msgs/msg/work_state__type_support.cpp.o[0m
[ 56%] [32mBuilding CXX object CMakeFiles/uv_msgs__rosidl_typesupport_fastrtps_cpp.dir/rosidl_typesupport_fastrtps_cpp/uv_msgs/msg/detail/dds_fastrtps/thrust_curve__type_support.cpp.o[0m
[ 57%] [32mBuilding C object CMakeFiles/uv_msgs__rosidl_typesupport_introspection_c.dir/rosidl_typesupport_introspection_c/uv_msgs/srv/detail/detect_request__type_support.c.o[0m
[ 57%] [32m[1mLinking C shared library libuv_msgs__rosidl_typesupport_introspection_c.so[0m
[ 57%] [32mBuilding CXX object CMakeFiles/uv_msgs__rosidl_typesupport_introspection_cpp.dir/rosidl_typesupport_introspection_cpp/uv_msgs/msg/detail/target_params__type_support.cpp.o[0m
[ 58%] [32mBuilding CXX object CMakeFiles/uv_msgs__rosidl_typesupport_introspection_cpp.dir/rosidl_typesupport_introspection_cpp/uv_msgs/msg/detail/pixel_axis__type_support.cpp.o[0m
[ 58%] [32mBuilding CXX object CMakeFiles/uv_msgs__rosidl_typesupport_fastrtps_cpp.dir/rosidl_typesupport_fastrtps_cpp/uv_msgs/msg/detail/dds_fastrtps/thrust_curves__type_support.cpp.o[0m
[ 59%] [32mBuilding CXX object CMakeFiles/uv_msgs__rosidl_typesupport_fastrtps_cpp.dir/rosidl_typesupport_fastrtps_cpp/uv_msgs/msg/detail/dds_fastrtps/robot_axis__type_support.cpp.o[0m
[ 59%] Built target uv_msgs__rosidl_typesupport_introspection_c
[ 59%] [32mBuilding CXX object CMakeFiles/uv_msgs__rosidl_typesupport_fastrtps_cpp.dir/rosidl_typesupport_fastrtps_cpp/uv_msgs/msg/detail/dds_fastrtps/imu_data__type_support.cpp.o[0m
[ 59%] [32mBuilding CXX object CMakeFiles/uv_msgs__rosidl_typesupport_introspection_cpp.dir/rosidl_typesupport_introspection_cpp/uv_msgs/msg/detail/target_axis__type_support.cpp.o[0m
[ 60%] [32mBuilding CXX object CMakeFiles/uv_msgs__rosidl_typesupport_cpp.dir/rosidl_typesupport_cpp/uv_msgs/msg/yolov8__type_support.cpp.o[0m
[ 61%] [32mBuilding CXX object CMakeFiles/uv_msgs__rosidl_typesupport_introspection_cpp.dir/rosidl_typesupport_introspection_cpp/uv_msgs/msg/detail/led_controllers__type_support.cpp.o[0m
[ 62%] [32mBuilding CXX object CMakeFiles/uv_msgs__rosidl_typesupport_fastrtps_cpp.dir/rosidl_typesupport_fastrtps_cpp/uv_msgs/msg/detail/dds_fastrtps/motor_thrust__type_support.cpp.o[0m
[ 62%] [32mBuilding CXX object CMakeFiles/uv_msgs__rosidl_typesupport_introspection_cpp.dir/rosidl_typesupport_introspection_cpp/uv_msgs/msg/detail/magnet_controller__type_support.cpp.o[0m
[ 62%] [32mBuilding CXX object CMakeFiles/uv_msgs__rosidl_typesupport_fastrtps_cpp.dir/rosidl_typesupport_fastrtps_cpp/uv_msgs/msg/detail/dds_fastrtps/servo_set__type_support.cpp.o[0m
[ 63%] [32mBuilding CXX object CMakeFiles/uv_msgs__rosidl_typesupport_introspection_cpp.dir/rosidl_typesupport_introspection_cpp/uv_msgs/srv/detail/detect_request__type_support.cpp.o[0m
[ 63%] [32mBuilding CXX object CMakeFiles/uv_msgs__rosidl_typesupport_cpp.dir/rosidl_typesupport_cpp/uv_msgs/msg/target_params__type_support.cpp.o[0m
[ 64%] [32mBuilding CXX object CMakeFiles/uv_msgs__rosidl_typesupport_fastrtps_cpp.dir/rosidl_typesupport_fastrtps_cpp/uv_msgs/msg/detail/dds_fastrtps/target_pos_down__type_support.cpp.o[0m
[ 65%] [32mBuilding CXX object CMakeFiles/uv_msgs__rosidl_typesupport_cpp.dir/rosidl_typesupport_cpp/uv_msgs/msg/pixel_axis__type_support.cpp.o[0m
[ 65%] [32mBuilding CXX object CMakeFiles/uv_msgs__rosidl_typesupport_fastrtps_cpp.dir/rosidl_typesupport_fastrtps_cpp/uv_msgs/msg/detail/dds_fastrtps/cabin_state__type_support.cpp.o[0m
[ 66%] [32mBuilding CXX object CMakeFiles/uv_msgs__rosidl_typesupport_fastrtps_cpp.dir/rosidl_typesupport_fastrtps_cpp/uv_msgs/msg/detail/dds_fastrtps/propeller_thrust__type_support.cpp.o[0m
[ 66%] [32mBuilding CXX object CMakeFiles/uv_msgs__rosidl_typesupport_fastrtps_cpp.dir/rosidl_typesupport_fastrtps_cpp/uv_msgs/msg/detail/dds_fastrtps/work_state__type_support.cpp.o[0m
[ 67%] [32m[1mLinking CXX shared library libuv_msgs__rosidl_typesupport_introspection_cpp.so[0m
[ 67%] [32mBuilding CXX object CMakeFiles/uv_msgs__rosidl_typesupport_cpp.dir/rosidl_typesupport_cpp/uv_msgs/msg/target_axis__type_support.cpp.o[0m
[ 68%] [32mBuilding CXX object CMakeFiles/uv_msgs__rosidl_typesupport_cpp.dir/rosidl_typesupport_cpp/uv_msgs/msg/led_controllers__type_support.cpp.o[0m
[ 69%] [32mBuilding CXX object CMakeFiles/uv_msgs__rosidl_typesupport_fastrtps_cpp.dir/rosidl_typesupport_fastrtps_cpp/uv_msgs/msg/detail/dds_fastrtps/yolov8__type_support.cpp.o[0m
[ 69%] Built target uv_msgs__rosidl_typesupport_introspection_cpp
[ 69%] [32mBuilding CXX object CMakeFiles/uv_msgs__rosidl_typesupport_fastrtps_cpp.dir/rosidl_typesupport_fastrtps_cpp/uv_msgs/msg/detail/dds_fastrtps/target_params__type_support.cpp.o[0m
[ 70%] [32mBuilding CXX object CMakeFiles/uv_msgs__rosidl_typesupport_fastrtps_cpp.dir/rosidl_typesupport_fastrtps_cpp/uv_msgs/msg/detail/dds_fastrtps/pixel_axis__type_support.cpp.o[0m
[ 70%] [32mBuilding CXX object CMakeFiles/uv_msgs__rosidl_typesupport_fastrtps_cpp.dir/rosidl_typesupport_fastrtps_cpp/uv_msgs/msg/detail/dds_fastrtps/target_axis__type_support.cpp.o[0m
[ 71%] [32mBuilding CXX object CMakeFiles/uv_msgs__rosidl_typesupport_fastrtps_cpp.dir/rosidl_typesupport_fastrtps_cpp/uv_msgs/msg/detail/dds_fastrtps/led_controllers__type_support.cpp.o[0m
[ 71%] [32mBuilding CXX object CMakeFiles/uv_msgs__rosidl_typesupport_cpp.dir/rosidl_typesupport_cpp/uv_msgs/msg/magnet_controller__type_support.cpp.o[0m
[ 72%] [32mBuilding CXX object CMakeFiles/uv_msgs__rosidl_typesupport_cpp.dir/rosidl_typesupport_cpp/uv_msgs/srv/detect_request__type_support.cpp.o[0m
[ 72%] [32mBuilding CXX object CMakeFiles/uv_msgs__rosidl_typesupport_fastrtps_cpp.dir/rosidl_typesupport_fastrtps_cpp/uv_msgs/msg/detail/dds_fastrtps/magnet_controller__type_support.cpp.o[0m
[ 73%] [32mBuilding CXX object CMakeFiles/uv_msgs__rosidl_typesupport_fastrtps_cpp.dir/rosidl_typesupport_fastrtps_cpp/uv_msgs/srv/detail/dds_fastrtps/detect_request__type_support.cpp.o[0m
[ 73%] [32m[1mLinking CXX shared library libuv_msgs__rosidl_typesupport_cpp.so[0m
[ 73%] Built target uv_msgs__rosidl_typesupport_cpp
[ 73%] [32m[1mLinking CXX shared library libuv_msgs__rosidl_typesupport_fastrtps_cpp.so[0m
[ 73%] Built target uv_msgs__rosidl_typesupport_fastrtps_cpp
[ 74%] [34m[1mGenerating C type support for eProsima Fast-RTPS[0m
[35m[1mScanning dependencies of target uv_msgs__rosidl_typesupport_fastrtps_c[0m
[ 75%] [32mBuilding CXX object CMakeFiles/uv_msgs__rosidl_typesupport_fastrtps_c.dir/rosidl_typesupport_fastrtps_c/uv_msgs/msg/detail/robot_device_manager__type_support_c.cpp.o[0m
[ 76%] [32mBuilding CXX object CMakeFiles/uv_msgs__rosidl_typesupport_fastrtps_c.dir/rosidl_typesupport_fastrtps_c/uv_msgs/msg/detail/robot_motion_controller__type_support_c.cpp.o[0m
[ 76%] [32mBuilding CXX object CMakeFiles/uv_msgs__rosidl_typesupport_fastrtps_c.dir/rosidl_typesupport_fastrtps_c/uv_msgs/msg/detail/pid_controllers__type_support_c.cpp.o[0m
[ 75%] [32mBuilding CXX object CMakeFiles/uv_msgs__rosidl_typesupport_fastrtps_c.dir/rosidl_typesupport_fastrtps_c/uv_msgs/msg/detail/pid_params__type_support_c.cpp.o[0m
[ 76%] [32mBuilding CXX object CMakeFiles/uv_msgs__rosidl_typesupport_fastrtps_c.dir/rosidl_typesupport_fastrtps_c/uv_msgs/msg/detail/pid_controllers_state__type_support_c.cpp.o[0m
[ 76%] [32mBuilding CXX object CMakeFiles/uv_msgs__rosidl_typesupport_fastrtps_c.dir/rosidl_typesupport_fastrtps_c/uv_msgs/msg/detail/thrust_curves__type_support_c.cpp.o[0m
[ 77%] [32mBuilding CXX object CMakeFiles/uv_msgs__rosidl_typesupport_fastrtps_c.dir/rosidl_typesupport_fastrtps_c/uv_msgs/msg/detail/thrust_curve__type_support_c.cpp.o[0m
[ 78%] [32mBuilding CXX object CMakeFiles/uv_msgs__rosidl_typesupport_fastrtps_c.dir/rosidl_typesupport_fastrtps_c/uv_msgs/msg/detail/robot_axis__type_support_c.cpp.o[0m
[ 79%] [32mBuilding CXX object CMakeFiles/uv_msgs__rosidl_typesupport_fastrtps_c.dir/rosidl_typesupport_fastrtps_c/uv_msgs/msg/detail/motor_thrust__type_support_c.cpp.o[0m
[ 79%] [32mBuilding CXX object CMakeFiles/uv_msgs__rosidl_typesupport_fastrtps_c.dir/rosidl_typesupport_fastrtps_c/uv_msgs/msg/detail/imu_data__type_support_c.cpp.o[0m
[ 79%] [32mBuilding CXX object CMakeFiles/uv_msgs__rosidl_typesupport_fastrtps_c.dir/rosidl_typesupport_fastrtps_c/uv_msgs/msg/detail/servo_set__type_support_c.cpp.o[0m
[ 80%] [32mBuilding CXX object CMakeFiles/uv_msgs__rosidl_typesupport_fastrtps_c.dir/rosidl_typesupport_fastrtps_c/uv_msgs/msg/detail/target_pos_down__type_support_c.cpp.o[0m
[ 80%] [32mBuilding CXX object CMakeFiles/uv_msgs__rosidl_typesupport_fastrtps_c.dir/rosidl_typesupport_fastrtps_c/uv_msgs/msg/detail/work_state__type_support_c.cpp.o[0m
[ 81%] [32mBuilding CXX object CMakeFiles/uv_msgs__rosidl_typesupport_fastrtps_c.dir/rosidl_typesupport_fastrtps_c/uv_msgs/msg/detail/propeller_thrust__type_support_c.cpp.o[0m
[ 81%] [32mBuilding CXX object CMakeFiles/uv_msgs__rosidl_typesupport_fastrtps_c.dir/rosidl_typesupport_fastrtps_c/uv_msgs/msg/detail/cabin_state__type_support_c.cpp.o[0m
[ 82%] [32mBuilding CXX object CMakeFiles/uv_msgs__rosidl_typesupport_fastrtps_c.dir/rosidl_typesupport_fastrtps_c/uv_msgs/msg/detail/yolov8__type_support_c.cpp.o[0m
[ 82%] [32mBuilding CXX object CMakeFiles/uv_msgs__rosidl_typesupport_fastrtps_c.dir/rosidl_typesupport_fastrtps_c/uv_msgs/msg/detail/target_params__type_support_c.cpp.o[0m
[ 83%] [32mBuilding CXX object CMakeFiles/uv_msgs__rosidl_typesupport_fastrtps_c.dir/rosidl_typesupport_fastrtps_c/uv_msgs/msg/detail/pixel_axis__type_support_c.cpp.o[0m
[ 83%] [32mBuilding CXX object CMakeFiles/uv_msgs__rosidl_typesupport_fastrtps_c.dir/rosidl_typesupport_fastrtps_c/uv_msgs/msg/detail/target_axis__type_support_c.cpp.o[0m
[ 84%] [32mBuilding CXX object CMakeFiles/uv_msgs__rosidl_typesupport_fastrtps_c.dir/rosidl_typesupport_fastrtps_c/uv_msgs/msg/detail/led_controllers__type_support_c.cpp.o[0m
[ 84%] [32mBuilding CXX object CMakeFiles/uv_msgs__rosidl_typesupport_fastrtps_c.dir/rosidl_typesupport_fastrtps_c/uv_msgs/msg/detail/magnet_controller__type_support_c.cpp.o[0m
[ 85%] [32mBuilding CXX object CMakeFiles/uv_msgs__rosidl_typesupport_fastrtps_c.dir/rosidl_typesupport_fastrtps_c/uv_msgs/srv/detail/detect_request__type_support_c.cpp.o[0m
[ 85%] [32m[1mLinking CXX shared library libuv_msgs__rosidl_typesupport_fastrtps_c.so[0m
[ 85%] Built target uv_msgs__rosidl_typesupport_fastrtps_c
[35m[1mScanning dependencies of target uv_msgs[0m
[ 85%] Built target uv_msgs
[35m[1mScanning dependencies of target uv_msgs__py[0m
[ 86%] [34m[1mGenerating Python code for ROS interfaces[0m
[ 86%] Built target uv_msgs__py
[35m[1mScanning dependencies of target uv_msgs__python[0m
[ 87%] [32mBuilding C object CMakeFiles/uv_msgs__python.dir/rosidl_generator_py/uv_msgs/msg/_pid_controllers_state_s.c.o[0m
[ 87%] [32mBuilding C object CMakeFiles/uv_msgs__python.dir/rosidl_generator_py/uv_msgs/msg/_pid_params_s.c.o[0m
[ 87%] [32mBuilding C object CMakeFiles/uv_msgs__python.dir/rosidl_generator_py/uv_msgs/msg/_pid_controllers_s.c.o[0m
[ 90%] [32mBuilding C object CMakeFiles/uv_msgs__python.dir/rosidl_generator_py/uv_msgs/msg/_thrust_curves_s.c.o[0m
[ 90%] [32mBuilding C object CMakeFiles/uv_msgs__python.dir/rosidl_generator_py/uv_msgs/msg/_thrust_curve_s.c.o[0m
[ 88%] [32mBuilding C object CMakeFiles/uv_msgs__python.dir/rosidl_generator_py/uv_msgs/msg/_robot_motion_controller_s.c.o[0m
[ 89%] [32mBuilding C object CMakeFiles/uv_msgs__python.dir/rosidl_generator_py/uv_msgs/msg/_robot_axis_s.c.o[0m
[ 90%] [32mBuilding C object CMakeFiles/uv_msgs__python.dir/rosidl_generator_py/uv_msgs/msg/_robot_device_manager_s.c.o[0m
[ 90%] [32mBuilding C object CMakeFiles/uv_msgs__python.dir/rosidl_generator_py/uv_msgs/msg/_imu_data_s.c.o[0m
[ 91%] [32mBuilding C object CMakeFiles/uv_msgs__python.dir/rosidl_generator_py/uv_msgs/msg/_servo_set_s.c.o[0m
[ 91%] [32mBuilding C object CMakeFiles/uv_msgs__python.dir/rosidl_generator_py/uv_msgs/msg/_motor_thrust_s.c.o[0m
[ 92%] [32mBuilding C object CMakeFiles/uv_msgs__python.dir/rosidl_generator_py/uv_msgs/msg/_target_pos_down_s.c.o[0m
[ 92%] [32mBuilding C object CMakeFiles/uv_msgs__python.dir/rosidl_generator_py/uv_msgs/msg/_cabin_state_s.c.o[0m
[ 93%] [32mBuilding C object CMakeFiles/uv_msgs__python.dir/rosidl_generator_py/uv_msgs/msg/_propeller_thrust_s.c.o[0m
[ 93%] [32mBuilding C object CMakeFiles/uv_msgs__python.dir/rosidl_generator_py/uv_msgs/msg/_work_state_s.c.o[0m
[ 94%] [32mBuilding C object CMakeFiles/uv_msgs__python.dir/rosidl_generator_py/uv_msgs/msg/_yolov8_s.c.o[0m
[ 94%] [32mBuilding C object CMakeFiles/uv_msgs__python.dir/rosidl_generator_py/uv_msgs/msg/_target_params_s.c.o[0m
[ 95%] [32mBuilding C object CMakeFiles/uv_msgs__python.dir/rosidl_generator_py/uv_msgs/msg/_pixel_axis_s.c.o[0m
[ 96%] [32mBuilding C object CMakeFiles/uv_msgs__python.dir/rosidl_generator_py/uv_msgs/msg/_led_controllers_s.c.o[0m
[ 96%] [32mBuilding C object CMakeFiles/uv_msgs__python.dir/rosidl_generator_py/uv_msgs/msg/_target_axis_s.c.o[0m
[ 96%] [32mBuilding C object CMakeFiles/uv_msgs__python.dir/rosidl_generator_py/uv_msgs/msg/_magnet_controller_s.c.o[0m
[ 97%] [32mBuilding C object CMakeFiles/uv_msgs__python.dir/rosidl_generator_py/uv_msgs/srv/_detect_request_s.c.o[0m
[ 97%] [32m[1mLinking C shared library rosidl_generator_py/uv_msgs/libuv_msgs__python.so[0m
[ 97%] Built target uv_msgs__python
[35m[1mScanning dependencies of target uv_msgs__rosidl_typesupport_c__pyext[0m
[35m[1mScanning dependencies of target uv_msgs__rosidl_typesupport_fastrtps_c__pyext[0m
[35m[1mScanning dependencies of target uv_msgs__rosidl_typesupport_introspection_c__pyext[0m
[ 99%] [32mBuilding C object CMakeFiles/uv_msgs__rosidl_typesupport_c__pyext.dir/rosidl_generator_py/uv_msgs/_uv_msgs_s.ep.rosidl_typesupport_c.c.o[0m
[ 99%] [32mBuilding C object CMakeFiles/uv_msgs__rosidl_typesupport_introspection_c__pyext.dir/rosidl_generator_py/uv_msgs/_uv_msgs_s.ep.rosidl_typesupport_introspection_c.c.o[0m
[100%] [32mBuilding C object CMakeFiles/uv_msgs__rosidl_typesupport_fastrtps_c__pyext.dir/rosidl_generator_py/uv_msgs/_uv_msgs_s.ep.rosidl_typesupport_fastrtps_c.c.o[0m
[100%] [32m[1mLinking CXX shared library rosidl_generator_py/uv_msgs/uv_msgs_s__rosidl_typesupport_fastrtps_c.cpython-38-aarch64-linux-gnu.so[0m
[100%] [32m[1mLinking C shared library rosidl_generator_py/uv_msgs/uv_msgs_s__rosidl_typesupport_c.cpython-38-aarch64-linux-gnu.so[0m
[100%] [32m[1mLinking C shared library rosidl_generator_py/uv_msgs/uv_msgs_s__rosidl_typesupport_introspection_c.cpython-38-aarch64-linux-gnu.so[0m
[100%] Built target uv_msgs__rosidl_typesupport_introspection_c__pyext
[100%] Built target uv_msgs__rosidl_typesupport_c__pyext
[100%] Built target uv_msgs__rosidl_typesupport_fastrtps_c__pyext
-- Install configuration: ""
-- Installing: /home/nvidia/Workspace/Cruise/install/uv_msgs/share/ament_index/resource_index/rosidl_interfaces/uv_msgs
-- Installing: /home/nvidia/Workspace/Cruise/install/uv_msgs/include/uv_msgs
-- Installing: /home/nvidia/Workspace/Cruise/install/uv_msgs/include/uv_msgs/msg
-- Installing: /home/nvidia/Workspace/Cruise/install/uv_msgs/include/uv_msgs/msg/pid_params.h
-- Installing: /home/nvidia/Workspace/Cruise/install/uv_msgs/include/uv_msgs/msg/cabin_state.h
-- Installing: /home/nvidia/Workspace/Cruise/install/uv_msgs/include/uv_msgs/msg/led_controllers.h
-- Installing: /home/nvidia/Workspace/Cruise/install/uv_msgs/include/uv_msgs/msg/propeller_thrust.h
-- Installing: /home/nvidia/Workspace/Cruise/install/uv_msgs/include/uv_msgs/msg/yolov8.h
-- Installing: /home/nvidia/Workspace/Cruise/install/uv_msgs/include/uv_msgs/msg/rosidl_generator_c__visibility_control.h
-- Installing: /home/nvidia/Workspace/Cruise/install/uv_msgs/include/uv_msgs/msg/robot_device_manager.h
-- Installing: /home/nvidia/Workspace/Cruise/install/uv_msgs/include/uv_msgs/msg/thrust_curves.h
-- Installing: /home/nvidia/Workspace/Cruise/install/uv_msgs/include/uv_msgs/msg/target_axis.h
-- Installing: /home/nvidia/Workspace/Cruise/install/uv_msgs/include/uv_msgs/msg/pid_controllers_state.h
-- Installing: /home/nvidia/Workspace/Cruise/install/uv_msgs/include/uv_msgs/msg/imu_data.h
-- Installing: /home/nvidia/Workspace/Cruise/install/uv_msgs/include/uv_msgs/msg/target_params.h
-- Installing: /home/nvidia/Workspace/Cruise/install/uv_msgs/include/uv_msgs/msg/robot_axis.h
-- Installing: /home/nvidia/Workspace/Cruise/install/uv_msgs/include/uv_msgs/msg/pid_controllers.h
-- Installing: /home/nvidia/Workspace/Cruise/install/uv_msgs/include/uv_msgs/msg/servo_set.h
-- Installing: /home/nvidia/Workspace/Cruise/install/uv_msgs/include/uv_msgs/msg/thrust_curve.h
-- Installing: /home/nvidia/Workspace/Cruise/install/uv_msgs/include/uv_msgs/msg/work_state.h
-- Installing: /home/nvidia/Workspace/Cruise/install/uv_msgs/include/uv_msgs/msg/motor_thrust.h
-- Installing: /home/nvidia/Workspace/Cruise/install/uv_msgs/include/uv_msgs/msg/pixel_axis.h
-- Installing: /home/nvidia/Workspace/Cruise/install/uv_msgs/include/uv_msgs/msg/magnet_controller.h
-- Installing: /home/nvidia/Workspace/Cruise/install/uv_msgs/include/uv_msgs/msg/target_pos_down.h
-- Installing: /home/nvidia/Workspace/Cruise/install/uv_msgs/include/uv_msgs/msg/detail
-- Installing: /home/nvidia/Workspace/Cruise/install/uv_msgs/include/uv_msgs/msg/detail/pixel_axis__type_support.h
-- Installing: /home/nvidia/Workspace/Cruise/install/uv_msgs/include/uv_msgs/msg/detail/pid_controllers__struct.h
-- Installing: /home/nvidia/Workspace/Cruise/install/uv_msgs/include/uv_msgs/msg/detail/robot_device_manager__functions.c
-- Installing: /home/nvidia/Workspace/Cruise/install/uv_msgs/include/uv_msgs/msg/detail/robot_device_manager__functions.h
-- Installing: /home/nvidia/Workspace/Cruise/install/uv_msgs/include/uv_msgs/msg/detail/imu_data__functions.c
-- Installing: /home/nvidia/Workspace/Cruise/install/uv_msgs/include/uv_msgs/msg/detail/pid_params__functions.h
-- Installing: /home/nvidia/Workspace/Cruise/install/uv_msgs/include/uv_msgs/msg/detail/servo_set__struct.h
-- Installing: /home/nvidia/Workspace/Cruise/install/uv_msgs/include/uv_msgs/msg/detail/cabin_state__functions.h
-- Installing: /home/nvidia/Workspace/Cruise/install/uv_msgs/include/uv_msgs/msg/detail/servo_set__type_support.h
-- Installing: /home/nvidia/Workspace/Cruise/install/uv_msgs/include/uv_msgs/msg/detail/propeller_thrust__struct.h
-- Installing: /home/nvidia/Workspace/Cruise/install/uv_msgs/include/uv_msgs/msg/detail/robot_motion_controller__functions.c
-- Installing: /home/nvidia/Workspace/Cruise/install/uv_msgs/include/uv_msgs/msg/detail/target_pos_down__type_support.h
-- Installing: /home/nvidia/Workspace/Cruise/install/uv_msgs/include/uv_msgs/msg/detail/pid_controllers_state__functions.h
-- Installing: /home/nvidia/Workspace/Cruise/install/uv_msgs/include/uv_msgs/msg/detail/target_axis__type_support.h
-- Installing: /home/nvidia/Workspace/Cruise/install/uv_msgs/include/uv_msgs/msg/detail/thrust_curve__functions.h
-- Installing: /home/nvidia/Workspace/Cruise/install/uv_msgs/include/uv_msgs/msg/detail/led_controllers__functions.c
-- Installing: /home/nvidia/Workspace/Cruise/install/uv_msgs/include/uv_msgs/msg/detail/motor_thrust__functions.h
-- Installing: /home/nvidia/Workspace/Cruise/install/uv_msgs/include/uv_msgs/msg/detail/target_params__struct.h
-- Installing: /home/nvidia/Workspace/Cruise/install/uv_msgs/include/uv_msgs/msg/detail/target_params__functions.h
-- Installing: /home/nvidia/Workspace/Cruise/install/uv_msgs/include/uv_msgs/msg/detail/robot_axis__struct.h
-- Installing: /home/nvidia/Workspace/Cruise/install/uv_msgs/include/uv_msgs/msg/detail/yolov8__type_support.h
-- Installing: /home/nvidia/Workspace/Cruise/install/uv_msgs/include/uv_msgs/msg/detail/pid_controllers__functions.c
-- Installing: /home/nvidia/Workspace/Cruise/install/uv_msgs/include/uv_msgs/msg/detail/thrust_curves__struct.h
-- Installing: /home/nvidia/Workspace/Cruise/install/uv_msgs/include/uv_msgs/msg/detail/pixel_axis__struct.h
-- Installing: /home/nvidia/Workspace/Cruise/install/uv_msgs/include/uv_msgs/msg/detail/pixel_axis__functions.h
-- Installing: /home/nvidia/Workspace/Cruise/install/uv_msgs/include/uv_msgs/msg/detail/pid_controllers__type_support.h
-- Installing: /home/nvidia/Workspace/Cruise/install/uv_msgs/include/uv_msgs/msg/detail/robot_device_manager__struct.h
-- Installing: /home/nvidia/Workspace/Cruise/install/uv_msgs/include/uv_msgs/msg/detail/led_controllers__type_support.h
-- Installing: /home/nvidia/Workspace/Cruise/install/uv_msgs/include/uv_msgs/msg/detail/target_params__functions.c
-- Installing: /home/nvidia/Workspace/Cruise/install/uv_msgs/include/uv_msgs/msg/detail/yolov8__functions.h
-- Installing: /home/nvidia/Workspace/Cruise/install/uv_msgs/include/uv_msgs/msg/detail/magnet_controller__type_support.h
-- Installing: /home/nvidia/Workspace/Cruise/install/uv_msgs/include/uv_msgs/msg/detail/target_axis__functions.h
-- Installing: /home/nvidia/Workspace/Cruise/install/uv_msgs/include/uv_msgs/msg/detail/robot_axis__functions.h
-- Installing: /home/nvidia/Workspace/Cruise/install/uv_msgs/include/uv_msgs/msg/detail/robot_motion_controller__type_support.h
-- Installing: /home/nvidia/Workspace/Cruise/install/uv_msgs/include/uv_msgs/msg/detail/thrust_curve__functions.c
-- Installing: /home/nvidia/Workspace/Cruise/install/uv_msgs/include/uv_msgs/msg/detail/pixel_axis__functions.c
-- Installing: /home/nvidia/Workspace/Cruise/install/uv_msgs/include/uv_msgs/msg/detail/target_axis__struct.h
-- Installing: /home/nvidia/Workspace/Cruise/install/uv_msgs/include/uv_msgs/msg/detail/pid_params__type_support.h
-- Installing: /home/nvidia/Workspace/Cruise/install/uv_msgs/include/uv_msgs/msg/detail/thrust_curves__functions.h
-- Installing: /home/nvidia/Workspace/Cruise/install/uv_msgs/include/uv_msgs/msg/detail/robot_device_manager__type_support.h
-- Installing: /home/nvidia/Workspace/Cruise/install/uv_msgs/include/uv_msgs/msg/detail/pid_params__functions.c
-- Installing: /home/nvidia/Workspace/Cruise/install/uv_msgs/include/uv_msgs/msg/detail/yolov8__functions.c
-- Installing: /home/nvidia/Workspace/Cruise/install/uv_msgs/include/uv_msgs/msg/detail/target_params__type_support.h
-- Installing: /home/nvidia/Workspace/Cruise/install/uv_msgs/include/uv_msgs/msg/detail/led_controllers__struct.h
-- Installing: /home/nvidia/Workspace/Cruise/install/uv_msgs/include/uv_msgs/msg/detail/robot_motion_controller__struct.h
-- Installing: /home/nvidia/Workspace/Cruise/install/uv_msgs/include/uv_msgs/msg/detail/magnet_controller__struct.h
-- Installing: /home/nvidia/Workspace/Cruise/install/uv_msgs/include/uv_msgs/msg/detail/imu_data__functions.h
-- Installing: /home/nvidia/Workspace/Cruise/install/uv_msgs/include/uv_msgs/msg/detail/pid_controllers_state__struct.h
-- Installing: /home/nvidia/Workspace/Cruise/install/uv_msgs/include/uv_msgs/msg/detail/propeller_thrust__functions.h
-- Installing: /home/nvidia/Workspace/Cruise/install/uv_msgs/include/uv_msgs/msg/detail/target_pos_down__functions.h
-- Installing: /home/nvidia/Workspace/Cruise/install/uv_msgs/include/uv_msgs/msg/detail/robot_motion_controller__functions.h
-- Installing: /home/nvidia/Workspace/Cruise/install/uv_msgs/include/uv_msgs/msg/detail/magnet_controller__functions.c
-- Installing: /home/nvidia/Workspace/Cruise/install/uv_msgs/include/uv_msgs/msg/detail/thrust_curves__type_support.h
-- Installing: /home/nvidia/Workspace/Cruise/install/uv_msgs/include/uv_msgs/msg/detail/propeller_thrust__type_support.h
-- Installing: /home/nvidia/Workspace/Cruise/install/uv_msgs/include/uv_msgs/msg/detail/servo_set__functions.c
-- Installing: /home/nvidia/Workspace/Cruise/install/uv_msgs/include/uv_msgs/msg/detail/thrust_curve__struct.h
-- Installing: /home/nvidia/Workspace/Cruise/install/uv_msgs/include/uv_msgs/msg/detail/pid_controllers_state__functions.c
-- Installing: /home/nvidia/Workspace/Cruise/install/uv_msgs/include/uv_msgs/msg/detail/target_pos_down__struct.h
-- Installing: /home/nvidia/Workspace/Cruise/install/uv_msgs/include/uv_msgs/msg/detail/magnet_controller__functions.h
-- Installing: /home/nvidia/Workspace/Cruise/install/uv_msgs/include/uv_msgs/msg/detail/motor_thrust__type_support.h
-- Installing: /home/nvidia/Workspace/Cruise/install/uv_msgs/include/uv_msgs/msg/detail/motor_thrust__functions.c
-- Installing: /home/nvidia/Workspace/Cruise/install/uv_msgs/include/uv_msgs/msg/detail/work_state__functions.h
-- Installing: /home/nvidia/Workspace/Cruise/install/uv_msgs/include/uv_msgs/msg/detail/imu_data__type_support.h
-- Installing: /home/nvidia/Workspace/Cruise/install/uv_msgs/include/uv_msgs/msg/detail/pid_controllers__functions.h
-- Installing: /home/nvidia/Workspace/Cruise/install/uv_msgs/include/uv_msgs/msg/detail/target_pos_down__functions.c
-- Installing: /home/nvidia/Workspace/Cruise/install/uv_msgs/include/uv_msgs/msg/detail/yolov8__struct.h
-- Installing: /home/nvidia/Workspace/Cruise/install/uv_msgs/include/uv_msgs/msg/detail/pid_controllers_state__type_support.h
-- Installing: /home/nvidia/Workspace/Cruise/install/uv_msgs/include/uv_msgs/msg/detail/thrust_curves__functions.c
-- Installing: /home/nvidia/Workspace/Cruise/install/uv_msgs/include/uv_msgs/msg/detail/cabin_state__struct.h
-- Installing: /home/nvidia/Workspace/Cruise/install/uv_msgs/include/uv_msgs/msg/detail/robot_axis__functions.c
-- Installing: /home/nvidia/Workspace/Cruise/install/uv_msgs/include/uv_msgs/msg/detail/robot_axis__type_support.h
-- Installing: /home/nvidia/Workspace/Cruise/install/uv_msgs/include/uv_msgs/msg/detail/work_state__functions.c
-- Installing: /home/nvidia/Workspace/Cruise/install/uv_msgs/include/uv_msgs/msg/detail/pid_params__struct.h
-- Installing: /home/nvidia/Workspace/Cruise/install/uv_msgs/include/uv_msgs/msg/detail/cabin_state__type_support.h
-- Installing: /home/nvidia/Workspace/Cruise/install/uv_msgs/include/uv_msgs/msg/detail/thrust_curve__type_support.h
-- Installing: /home/nvidia/Workspace/Cruise/install/uv_msgs/include/uv_msgs/msg/detail/motor_thrust__struct.h
-- Installing: /home/nvidia/Workspace/Cruise/install/uv_msgs/include/uv_msgs/msg/detail/propeller_thrust__functions.c
-- Installing: /home/nvidia/Workspace/Cruise/install/uv_msgs/include/uv_msgs/msg/detail/led_controllers__functions.h
-- Installing: /home/nvidia/Workspace/Cruise/install/uv_msgs/include/uv_msgs/msg/detail/servo_set__functions.h
-- Installing: /home/nvidia/Workspace/Cruise/install/uv_msgs/include/uv_msgs/msg/detail/cabin_state__functions.c
-- Installing: /home/nvidia/Workspace/Cruise/install/uv_msgs/include/uv_msgs/msg/detail/work_state__type_support.h
-- Installing: /home/nvidia/Workspace/Cruise/install/uv_msgs/include/uv_msgs/msg/detail/work_state__struct.h
-- Installing: /home/nvidia/Workspace/Cruise/install/uv_msgs/include/uv_msgs/msg/detail/imu_data__struct.h
-- Installing: /home/nvidia/Workspace/Cruise/install/uv_msgs/include/uv_msgs/msg/detail/target_axis__functions.c
-- Installing: /home/nvidia/Workspace/Cruise/install/uv_msgs/include/uv_msgs/msg/robot_motion_controller.h
-- Installing: /home/nvidia/Workspace/Cruise/install/uv_msgs/include/uv_msgs/srv
-- Installing: /home/nvidia/Workspace/Cruise/install/uv_msgs/include/uv_msgs/srv/detect_request.h
-- Installing: /home/nvidia/Workspace/Cruise/install/uv_msgs/include/uv_msgs/srv/detail
-- Installing: /home/nvidia/Workspace/Cruise/install/uv_msgs/include/uv_msgs/srv/detail/detect_request__struct.h
-- Installing: /home/nvidia/Workspace/Cruise/install/uv_msgs/include/uv_msgs/srv/detail/detect_request__functions.h
-- Installing: /home/nvidia/Workspace/Cruise/install/uv_msgs/include/uv_msgs/srv/detail/detect_request__type_support.h
-- Installing: /home/nvidia/Workspace/Cruise/install/uv_msgs/include/uv_msgs/srv/detail/detect_request__functions.c
-- Installing: /home/nvidia/Workspace/Cruise/install/uv_msgs/share/uv_msgs/environment/library_path.sh
-- Installing: /home/nvidia/Workspace/Cruise/install/uv_msgs/share/uv_msgs/environment/library_path.dsv
-- Installing: /home/nvidia/Workspace/Cruise/install/uv_msgs/lib/libuv_msgs__rosidl_generator_c.so
-- Set runtime path of "/home/nvidia/Workspace/Cruise/install/uv_msgs/lib/libuv_msgs__rosidl_generator_c.so" to ""
-- Up-to-date: /home/nvidia/Workspace/Cruise/install/uv_msgs/include/uv_msgs
-- Up-to-date: /home/nvidia/Workspace/Cruise/install/uv_msgs/include/uv_msgs/msg
-- Installing: /home/nvidia/Workspace/Cruise/install/uv_msgs/include/uv_msgs/msg/rosidl_typesupport_fastrtps_c__visibility_control.h
-- Up-to-date: /home/nvidia/Workspace/Cruise/install/uv_msgs/include/uv_msgs/msg/detail
-- Installing: /home/nvidia/Workspace/Cruise/install/uv_msgs/include/uv_msgs/msg/detail/target_pos_down__rosidl_typesupport_fastrtps_c.h
-- Installing: /home/nvidia/Workspace/Cruise/install/uv_msgs/include/uv_msgs/msg/detail/led_controllers__rosidl_typesupport_fastrtps_c.h
-- Installing: /home/nvidia/Workspace/Cruise/install/uv_msgs/include/uv_msgs/msg/detail/thrust_curve__rosidl_typesupport_fastrtps_c.h
-- Installing: /home/nvidia/Workspace/Cruise/install/uv_msgs/include/uv_msgs/msg/detail/propeller_thrust__rosidl_typesupport_fastrtps_c.h
-- Installing: /home/nvidia/Workspace/Cruise/install/uv_msgs/include/uv_msgs/msg/detail/thrust_curves__rosidl_typesupport_fastrtps_c.h
-- Installing: /home/nvidia/Workspace/Cruise/install/uv_msgs/include/uv_msgs/msg/detail/pid_controllers__rosidl_typesupport_fastrtps_c.h
-- Installing: /home/nvidia/Workspace/Cruise/install/uv_msgs/include/uv_msgs/msg/detail/yolov8__rosidl_typesupport_fastrtps_c.h
-- Installing: /home/nvidia/Workspace/Cruise/install/uv_msgs/include/uv_msgs/msg/detail/imu_data__rosidl_typesupport_fastrtps_c.h
-- Installing: /home/nvidia/Workspace/Cruise/install/uv_msgs/include/uv_msgs/msg/detail/robot_motion_controller__rosidl_typesupport_fastrtps_c.h
-- Installing: /home/nvidia/Workspace/Cruise/install/uv_msgs/include/uv_msgs/msg/detail/robot_axis__rosidl_typesupport_fastrtps_c.h
-- Installing: /home/nvidia/Workspace/Cruise/install/uv_msgs/include/uv_msgs/msg/detail/magnet_controller__rosidl_typesupport_fastrtps_c.h
-- Installing: /home/nvidia/Workspace/Cruise/install/uv_msgs/include/uv_msgs/msg/detail/target_axis__rosidl_typesupport_fastrtps_c.h
-- Installing: /home/nvidia/Workspace/Cruise/install/uv_msgs/include/uv_msgs/msg/detail/servo_set__rosidl_typesupport_fastrtps_c.h
-- Installing: /home/nvidia/Workspace/Cruise/install/uv_msgs/include/uv_msgs/msg/detail/work_state__rosidl_typesupport_fastrtps_c.h
-- Installing: /home/nvidia/Workspace/Cruise/install/uv_msgs/include/uv_msgs/msg/detail/robot_device_manager__rosidl_typesupport_fastrtps_c.h
-- Installing: /home/nvidia/Workspace/Cruise/install/uv_msgs/include/uv_msgs/msg/detail/pixel_axis__rosidl_typesupport_fastrtps_c.h
-- Installing: /home/nvidia/Workspace/Cruise/install/uv_msgs/include/uv_msgs/msg/detail/pid_controllers_state__rosidl_typesupport_fastrtps_c.h
-- Installing: /home/nvidia/Workspace/Cruise/install/uv_msgs/include/uv_msgs/msg/detail/cabin_state__rosidl_typesupport_fastrtps_c.h
-- Installing: /home/nvidia/Workspace/Cruise/install/uv_msgs/include/uv_msgs/msg/detail/motor_thrust__rosidl_typesupport_fastrtps_c.h
-- Installing: /home/nvidia/Workspace/Cruise/install/uv_msgs/include/uv_msgs/msg/detail/target_params__rosidl_typesupport_fastrtps_c.h
-- Installing: /home/nvidia/Workspace/Cruise/install/uv_msgs/include/uv_msgs/msg/detail/pid_params__rosidl_typesupport_fastrtps_c.h
-- Up-to-date: /home/nvidia/Workspace/Cruise/install/uv_msgs/include/uv_msgs/srv
-- Up-to-date: /home/nvidia/Workspace/Cruise/install/uv_msgs/include/uv_msgs/srv/detail
-- Installing: /home/nvidia/Workspace/Cruise/install/uv_msgs/include/uv_msgs/srv/detail/detect_request__rosidl_typesupport_fastrtps_c.h
-- Installing: /home/nvidia/Workspace/Cruise/install/uv_msgs/lib/libuv_msgs__rosidl_typesupport_fastrtps_c.so
-- Set runtime path of "/home/nvidia/Workspace/Cruise/install/uv_msgs/lib/libuv_msgs__rosidl_typesupport_fastrtps_c.so" to ""
-- Up-to-date: /home/nvidia/Workspace/Cruise/install/uv_msgs/include/uv_msgs
-- Up-to-date: /home/nvidia/Workspace/Cruise/install/uv_msgs/include/uv_msgs/msg
-- Installing: /home/nvidia/Workspace/Cruise/install/uv_msgs/include/uv_msgs/msg/rosidl_typesupport_fastrtps_cpp__visibility_control.h
-- Up-to-date: /home/nvidia/Workspace/Cruise/install/uv_msgs/include/uv_msgs/msg/detail
-- Installing: /home/nvidia/Workspace/Cruise/install/uv_msgs/include/uv_msgs/msg/detail/target_axis__rosidl_typesupport_fastrtps_cpp.hpp
-- Installing: /home/nvidia/Workspace/Cruise/install/uv_msgs/include/uv_msgs/msg/detail/target_pos_down__rosidl_typesupport_fastrtps_cpp.hpp
-- Installing: /home/nvidia/Workspace/Cruise/install/uv_msgs/include/uv_msgs/msg/detail/led_controllers__rosidl_typesupport_fastrtps_cpp.hpp
-- Installing: /home/nvidia/Workspace/Cruise/install/uv_msgs/include/uv_msgs/msg/detail/propeller_thrust__rosidl_typesupport_fastrtps_cpp.hpp
-- Installing: /home/nvidia/Workspace/Cruise/install/uv_msgs/include/uv_msgs/msg/detail/dds_fastrtps
-- Installing: /home/nvidia/Workspace/Cruise/install/uv_msgs/include/uv_msgs/msg/detail/imu_data__rosidl_typesupport_fastrtps_cpp.hpp
-- Installing: /home/nvidia/Workspace/Cruise/install/uv_msgs/include/uv_msgs/msg/detail/motor_thrust__rosidl_typesupport_fastrtps_cpp.hpp
-- Installing: /home/nvidia/Workspace/Cruise/install/uv_msgs/include/uv_msgs/msg/detail/pid_controllers__rosidl_typesupport_fastrtps_cpp.hpp
-- Installing: /home/nvidia/Workspace/Cruise/install/uv_msgs/include/uv_msgs/msg/detail/cabin_state__rosidl_typesupport_fastrtps_cpp.hpp
-- Installing: /home/nvidia/Workspace/Cruise/install/uv_msgs/include/uv_msgs/msg/detail/robot_axis__rosidl_typesupport_fastrtps_cpp.hpp
-- Installing: /home/nvidia/Workspace/Cruise/install/uv_msgs/include/uv_msgs/msg/detail/robot_motion_controller__rosidl_typesupport_fastrtps_cpp.hpp
-- Installing: /home/nvidia/Workspace/Cruise/install/uv_msgs/include/uv_msgs/msg/detail/pixel_axis__rosidl_typesupport_fastrtps_cpp.hpp
-- Installing: /home/nvidia/Workspace/Cruise/install/uv_msgs/include/uv_msgs/msg/detail/target_params__rosidl_typesupport_fastrtps_cpp.hpp
-- Installing: /home/nvidia/Workspace/Cruise/install/uv_msgs/include/uv_msgs/msg/detail/thrust_curve__rosidl_typesupport_fastrtps_cpp.hpp
-- Installing: /home/nvidia/Workspace/Cruise/install/uv_msgs/include/uv_msgs/msg/detail/servo_set__rosidl_typesupport_fastrtps_cpp.hpp
-- Installing: /home/nvidia/Workspace/Cruise/install/uv_msgs/include/uv_msgs/msg/detail/thrust_curves__rosidl_typesupport_fastrtps_cpp.hpp
-- Installing: /home/nvidia/Workspace/Cruise/install/uv_msgs/include/uv_msgs/msg/detail/pid_controllers_state__rosidl_typesupport_fastrtps_cpp.hpp
-- Installing: /home/nvidia/Workspace/Cruise/install/uv_msgs/include/uv_msgs/msg/detail/magnet_controller__rosidl_typesupport_fastrtps_cpp.hpp
-- Installing: /home/nvidia/Workspace/Cruise/install/uv_msgs/include/uv_msgs/msg/detail/pid_params__rosidl_typesupport_fastrtps_cpp.hpp
-- Installing: /home/nvidia/Workspace/Cruise/install/uv_msgs/include/uv_msgs/msg/detail/yolov8__rosidl_typesupport_fastrtps_cpp.hpp
-- Installing: /home/nvidia/Workspace/Cruise/install/uv_msgs/include/uv_msgs/msg/detail/robot_device_manager__rosidl_typesupport_fastrtps_cpp.hpp
-- Installing: /home/nvidia/Workspace/Cruise/install/uv_msgs/include/uv_msgs/msg/detail/work_state__rosidl_typesupport_fastrtps_cpp.hpp
-- Up-to-date: /home/nvidia/Workspace/Cruise/install/uv_msgs/include/uv_msgs/srv
-- Up-to-date: /home/nvidia/Workspace/Cruise/install/uv_msgs/include/uv_msgs/srv/detail
-- Installing: /home/nvidia/Workspace/Cruise/install/uv_msgs/include/uv_msgs/srv/detail/detect_request__rosidl_typesupport_fastrtps_cpp.hpp
-- Installing: /home/nvidia/Workspace/Cruise/install/uv_msgs/include/uv_msgs/srv/detail/dds_fastrtps
-- Installing: /home/nvidia/Workspace/Cruise/install/uv_msgs/lib/libuv_msgs__rosidl_typesupport_fastrtps_cpp.so
-- Set runtime path of "/home/nvidia/Workspace/Cruise/install/uv_msgs/lib/libuv_msgs__rosidl_typesupport_fastrtps_cpp.so" to ""
-- Up-to-date: /home/nvidia/Workspace/Cruise/install/uv_msgs/include/uv_msgs
-- Up-to-date: /home/nvidia/Workspace/Cruise/install/uv_msgs/include/uv_msgs/msg
-- Installing: /home/nvidia/Workspace/Cruise/install/uv_msgs/include/uv_msgs/msg/rosidl_typesupport_introspection_c__visibility_control.h
-- Up-to-date: /home/nvidia/Workspace/Cruise/install/uv_msgs/include/uv_msgs/msg/detail
-- Installing: /home/nvidia/Workspace/Cruise/install/uv_msgs/include/uv_msgs/msg/detail/thrust_curves__rosidl_typesupport_introspection_c.h
-- Installing: /home/nvidia/Workspace/Cruise/install/uv_msgs/include/uv_msgs/msg/detail/pixel_axis__type_support.c
-- Installing: /home/nvidia/Workspace/Cruise/install/uv_msgs/include/uv_msgs/msg/detail/imu_data__type_support.c
-- Installing: /home/nvidia/Workspace/Cruise/install/uv_msgs/include/uv_msgs/msg/detail/imu_data__rosidl_typesupport_introspection_c.h
-- Installing: /home/nvidia/Workspace/Cruise/install/uv_msgs/include/uv_msgs/msg/detail/thrust_curve__type_support.c
-- Installing: /home/nvidia/Workspace/Cruise/install/uv_msgs/include/uv_msgs/msg/detail/servo_set__rosidl_typesupport_introspection_c.h
-- Installing: /home/nvidia/Workspace/Cruise/install/uv_msgs/include/uv_msgs/msg/detail/work_state__type_support.c
-- Installing: /home/nvidia/Workspace/Cruise/install/uv_msgs/include/uv_msgs/msg/detail/servo_set__type_support.c
-- Installing: /home/nvidia/Workspace/Cruise/install/uv_msgs/include/uv_msgs/msg/detail/target_params__rosidl_typesupport_introspection_c.h
-- Installing: /home/nvidia/Workspace/Cruise/install/uv_msgs/include/uv_msgs/msg/detail/yolov8__rosidl_typesupport_introspection_c.h
-- Installing: /home/nvidia/Workspace/Cruise/install/uv_msgs/include/uv_msgs/msg/detail/pid_controllers_state__type_support.c
-- Installing: /home/nvidia/Workspace/Cruise/install/uv_msgs/include/uv_msgs/msg/detail/robot_axis__rosidl_typesupport_introspection_c.h
-- Installing: /home/nvidia/Workspace/Cruise/install/uv_msgs/include/uv_msgs/msg/detail/motor_thrust__rosidl_typesupport_introspection_c.h
-- Installing: /home/nvidia/Workspace/Cruise/install/uv_msgs/include/uv_msgs/msg/detail/robot_motion_controller__type_support.c
-- Installing: /home/nvidia/Workspace/Cruise/install/uv_msgs/include/uv_msgs/msg/detail/target_axis__type_support.c
-- Installing: /home/nvidia/Workspace/Cruise/install/uv_msgs/include/uv_msgs/msg/detail/pid_controllers_state__rosidl_typesupport_introspection_c.h
-- Installing: /home/nvidia/Workspace/Cruise/install/uv_msgs/include/uv_msgs/msg/detail/led_controllers__rosidl_typesupport_introspection_c.h
-- Installing: /home/nvidia/Workspace/Cruise/install/uv_msgs/include/uv_msgs/msg/detail/magnet_controller__type_support.c
-- Installing: /home/nvidia/Workspace/Cruise/install/uv_msgs/include/uv_msgs/msg/detail/motor_thrust__type_support.c
-- Installing: /home/nvidia/Workspace/Cruise/install/uv_msgs/include/uv_msgs/msg/detail/thrust_curve__rosidl_typesupport_introspection_c.h
-- Installing: /home/nvidia/Workspace/Cruise/install/uv_msgs/include/uv_msgs/msg/detail/pid_controllers__type_support.c
-- Installing: /home/nvidia/Workspace/Cruise/install/uv_msgs/include/uv_msgs/msg/detail/pixel_axis__rosidl_typesupport_introspection_c.h
-- Installing: /home/nvidia/Workspace/Cruise/install/uv_msgs/include/uv_msgs/msg/detail/robot_device_manager__type_support.c
-- Installing: /home/nvidia/Workspace/Cruise/install/uv_msgs/include/uv_msgs/msg/detail/target_params__type_support.c
-- Installing: /home/nvidia/Workspace/Cruise/install/uv_msgs/include/uv_msgs/msg/detail/target_axis__rosidl_typesupport_introspection_c.h
-- Installing: /home/nvidia/Workspace/Cruise/install/uv_msgs/include/uv_msgs/msg/detail/cabin_state__type_support.c
-- Installing: /home/nvidia/Workspace/Cruise/install/uv_msgs/include/uv_msgs/msg/detail/propeller_thrust__type_support.c
-- Installing: /home/nvidia/Workspace/Cruise/install/uv_msgs/include/uv_msgs/msg/detail/target_pos_down__type_support.c
-- Installing: /home/nvidia/Workspace/Cruise/install/uv_msgs/include/uv_msgs/msg/detail/pid_params__type_support.c
-- Installing: /home/nvidia/Workspace/Cruise/install/uv_msgs/include/uv_msgs/msg/detail/thrust_curves__type_support.c
-- Installing: /home/nvidia/Workspace/Cruise/install/uv_msgs/include/uv_msgs/msg/detail/robot_motion_controller__rosidl_typesupport_introspection_c.h
-- Installing: /home/nvidia/Workspace/Cruise/install/uv_msgs/include/uv_msgs/msg/detail/robot_device_manager__rosidl_typesupport_introspection_c.h
-- Installing: /home/nvidia/Workspace/Cruise/install/uv_msgs/include/uv_msgs/msg/detail/pid_params__rosidl_typesupport_introspection_c.h
-- Installing: /home/nvidia/Workspace/Cruise/install/uv_msgs/include/uv_msgs/msg/detail/yolov8__type_support.c
-- Installing: /home/nvidia/Workspace/Cruise/install/uv_msgs/include/uv_msgs/msg/detail/target_pos_down__rosidl_typesupport_introspection_c.h
-- Installing: /home/nvidia/Workspace/Cruise/install/uv_msgs/include/uv_msgs/msg/detail/work_state__rosidl_typesupport_introspection_c.h
-- Installing: /home/nvidia/Workspace/Cruise/install/uv_msgs/include/uv_msgs/msg/detail/propeller_thrust__rosidl_typesupport_introspection_c.h
-- Installing: /home/nvidia/Workspace/Cruise/install/uv_msgs/include/uv_msgs/msg/detail/magnet_controller__rosidl_typesupport_introspection_c.h
-- Installing: /home/nvidia/Workspace/Cruise/install/uv_msgs/include/uv_msgs/msg/detail/led_controllers__type_support.c
-- Installing: /home/nvidia/Workspace/Cruise/install/uv_msgs/include/uv_msgs/msg/detail/robot_axis__type_support.c
-- Installing: /home/nvidia/Workspace/Cruise/install/uv_msgs/include/uv_msgs/msg/detail/cabin_state__rosidl_typesupport_introspection_c.h
-- Installing: /home/nvidia/Workspace/Cruise/install/uv_msgs/include/uv_msgs/msg/detail/pid_controllers__rosidl_typesupport_introspection_c.h
-- Up-to-date: /home/nvidia/Workspace/Cruise/install/uv_msgs/include/uv_msgs/srv
-- Up-to-date: /home/nvidia/Workspace/Cruise/install/uv_msgs/include/uv_msgs/srv/detail
-- Installing: /home/nvidia/Workspace/Cruise/install/uv_msgs/include/uv_msgs/srv/detail/detect_request__rosidl_typesupport_introspection_c.h
-- Installing: /home/nvidia/Workspace/Cruise/install/uv_msgs/include/uv_msgs/srv/detail/detect_request__type_support.c
-- Installing: /home/nvidia/Workspace/Cruise/install/uv_msgs/lib/libuv_msgs__rosidl_typesupport_introspection_c.so
-- Set runtime path of "/home/nvidia/Workspace/Cruise/install/uv_msgs/lib/libuv_msgs__rosidl_typesupport_introspection_c.so" to ""
-- Installing: /home/nvidia/Workspace/Cruise/install/uv_msgs/lib/libuv_msgs__rosidl_typesupport_c.so
-- Set runtime path of "/home/nvidia/Workspace/Cruise/install/uv_msgs/lib/libuv_msgs__rosidl_typesupport_c.so" to ""
-- Up-to-date: /home/nvidia/Workspace/Cruise/install/uv_msgs/include/uv_msgs
-- Up-to-date: /home/nvidia/Workspace/Cruise/install/uv_msgs/include/uv_msgs/msg
-- Installing: /home/nvidia/Workspace/Cruise/install/uv_msgs/include/uv_msgs/msg/robot_device_manager.hpp
-- Installing: /home/nvidia/Workspace/Cruise/install/uv_msgs/include/uv_msgs/msg/robot_motion_controller.hpp
-- Installing: /home/nvidia/Workspace/Cruise/install/uv_msgs/include/uv_msgs/msg/magnet_controller.hpp
-- Installing: /home/nvidia/Workspace/Cruise/install/uv_msgs/include/uv_msgs/msg/propeller_thrust.hpp
-- Installing: /home/nvidia/Workspace/Cruise/install/uv_msgs/include/uv_msgs/msg/cabin_state.hpp
-- Installing: /home/nvidia/Workspace/Cruise/install/uv_msgs/include/uv_msgs/msg/led_controllers.hpp
-- Installing: /home/nvidia/Workspace/Cruise/install/uv_msgs/include/uv_msgs/msg/work_state.hpp
-- Installing: /home/nvidia/Workspace/Cruise/install/uv_msgs/include/uv_msgs/msg/target_pos_down.hpp
-- Installing: /home/nvidia/Workspace/Cruise/install/uv_msgs/include/uv_msgs/msg/imu_data.hpp
-- Installing: /home/nvidia/Workspace/Cruise/install/uv_msgs/include/uv_msgs/msg/motor_thrust.hpp
-- Installing: /home/nvidia/Workspace/Cruise/install/uv_msgs/include/uv_msgs/msg/robot_axis.hpp
-- Installing: /home/nvidia/Workspace/Cruise/install/uv_msgs/include/uv_msgs/msg/target_params.hpp
-- Installing: /home/nvidia/Workspace/Cruise/install/uv_msgs/include/uv_msgs/msg/pixel_axis.hpp
-- Installing: /home/nvidia/Workspace/Cruise/install/uv_msgs/include/uv_msgs/msg/pid_controllers.hpp
-- Installing: /home/nvidia/Workspace/Cruise/install/uv_msgs/include/uv_msgs/msg/rosidl_generator_cpp__visibility_control.hpp
-- Installing: /home/nvidia/Workspace/Cruise/install/uv_msgs/include/uv_msgs/msg/pid_controllers_state.hpp
-- Installing: /home/nvidia/Workspace/Cruise/install/uv_msgs/include/uv_msgs/msg/thrust_curve.hpp
-- Installing: /home/nvidia/Workspace/Cruise/install/uv_msgs/include/uv_msgs/msg/yolov8.hpp
-- Installing: /home/nvidia/Workspace/Cruise/install/uv_msgs/include/uv_msgs/msg/target_axis.hpp
-- Installing: /home/nvidia/Workspace/Cruise/install/uv_msgs/include/uv_msgs/msg/pid_params.hpp
-- Installing: /home/nvidia/Workspace/Cruise/install/uv_msgs/include/uv_msgs/msg/servo_set.hpp
-- Up-to-date: /home/nvidia/Workspace/Cruise/install/uv_msgs/include/uv_msgs/msg/detail
-- Installing: /home/nvidia/Workspace/Cruise/install/uv_msgs/include/uv_msgs/msg/detail/propeller_thrust__builder.hpp
-- Installing: /home/nvidia/Workspace/Cruise/install/uv_msgs/include/uv_msgs/msg/detail/cabin_state__type_support.hpp
-- Installing: /home/nvidia/Workspace/Cruise/install/uv_msgs/include/uv_msgs/msg/detail/target_pos_down__struct.hpp
-- Installing: /home/nvidia/Workspace/Cruise/install/uv_msgs/include/uv_msgs/msg/detail/robot_motion_controller__builder.hpp
-- Installing: /home/nvidia/Workspace/Cruise/install/uv_msgs/include/uv_msgs/msg/detail/cabin_state__traits.hpp
-- Installing: /home/nvidia/Workspace/Cruise/install/uv_msgs/include/uv_msgs/msg/detail/target_axis__traits.hpp
-- Installing: /home/nvidia/Workspace/Cruise/install/uv_msgs/include/uv_msgs/msg/detail/pid_controllers__traits.hpp
-- Installing: /home/nvidia/Workspace/Cruise/install/uv_msgs/include/uv_msgs/msg/detail/pid_params__struct.hpp
-- Installing: /home/nvidia/Workspace/Cruise/install/uv_msgs/include/uv_msgs/msg/detail/work_state__struct.hpp
-- Installing: /home/nvidia/Workspace/Cruise/install/uv_msgs/include/uv_msgs/msg/detail/yolov8__type_support.hpp
-- Installing: /home/nvidia/Workspace/Cruise/install/uv_msgs/include/uv_msgs/msg/detail/target_pos_down__traits.hpp
-- Installing: /home/nvidia/Workspace/Cruise/install/uv_msgs/include/uv_msgs/msg/detail/pid_controllers_state__builder.hpp
-- Installing: /home/nvidia/Workspace/Cruise/install/uv_msgs/include/uv_msgs/msg/detail/thrust_curves__traits.hpp
-- Installing: /home/nvidia/Workspace/Cruise/install/uv_msgs/include/uv_msgs/msg/detail/thrust_curve__builder.hpp
-- Installing: /home/nvidia/Workspace/Cruise/install/uv_msgs/include/uv_msgs/msg/detail/robot_device_manager__traits.hpp
-- Installing: /home/nvidia/Workspace/Cruise/install/uv_msgs/include/uv_msgs/msg/detail/robot_motion_controller__struct.hpp
-- Installing: /home/nvidia/Workspace/Cruise/install/uv_msgs/include/uv_msgs/msg/detail/pid_params__builder.hpp
-- Installing: /home/nvidia/Workspace/Cruise/install/uv_msgs/include/uv_msgs/msg/detail/propeller_thrust__type_support.hpp
-- Installing: /home/nvidia/Workspace/Cruise/install/uv_msgs/include/uv_msgs/msg/detail/robot_axis__struct.hpp
-- Installing: /home/nvidia/Workspace/Cruise/install/uv_msgs/include/uv_msgs/msg/detail/thrust_curve__traits.hpp
-- Installing: /home/nvidia/Workspace/Cruise/install/uv_msgs/include/uv_msgs/msg/detail/magnet_controller__traits.hpp
-- Installing: /home/nvidia/Workspace/Cruise/install/uv_msgs/include/uv_msgs/msg/detail/motor_thrust__type_support.hpp
-- Installing: /home/nvidia/Workspace/Cruise/install/uv_msgs/include/uv_msgs/msg/detail/pid_params__type_support.hpp
-- Installing: /home/nvidia/Workspace/Cruise/install/uv_msgs/include/uv_msgs/msg/detail/pixel_axis__type_support.hpp
-- Installing: /home/nvidia/Workspace/Cruise/install/uv_msgs/include/uv_msgs/msg/detail/target_axis__struct.hpp
-- Installing: /home/nvidia/Workspace/Cruise/install/uv_msgs/include/uv_msgs/msg/detail/imu_data__struct.hpp
-- Installing: /home/nvidia/Workspace/Cruise/install/uv_msgs/include/uv_msgs/msg/detail/pixel_axis__builder.hpp
-- Installing: /home/nvidia/Workspace/Cruise/install/uv_msgs/include/uv_msgs/msg/detail/servo_set__struct.hpp
-- Installing: /home/nvidia/Workspace/Cruise/install/uv_msgs/include/uv_msgs/msg/detail/robot_axis__type_support.hpp
-- Installing: /home/nvidia/Workspace/Cruise/install/uv_msgs/include/uv_msgs/msg/detail/magnet_controller__type_support.hpp
-- Installing: /home/nvidia/Workspace/Cruise/install/uv_msgs/include/uv_msgs/msg/detail/robot_device_manager__builder.hpp
-- Installing: /home/nvidia/Workspace/Cruise/install/uv_msgs/include/uv_msgs/msg/detail/thrust_curves__type_support.hpp
-- Installing: /home/nvidia/Workspace/Cruise/install/uv_msgs/include/uv_msgs/msg/detail/led_controllers__struct.hpp
-- Installing: /home/nvidia/Workspace/Cruise/install/uv_msgs/include/uv_msgs/msg/detail/thrust_curves__builder.hpp
-- Installing: /home/nvidia/Workspace/Cruise/install/uv_msgs/include/uv_msgs/msg/detail/robot_motion_controller__traits.hpp
-- Installing: /home/nvidia/Workspace/Cruise/install/uv_msgs/include/uv_msgs/msg/detail/pixel_axis__traits.hpp
-- Installing: /home/nvidia/Workspace/Cruise/install/uv_msgs/include/uv_msgs/msg/detail/pid_controllers_state__type_support.hpp
-- Installing: /home/nvidia/Workspace/Cruise/install/uv_msgs/include/uv_msgs/msg/detail/led_controllers__builder.hpp
-- Installing: /home/nvidia/Workspace/Cruise/install/uv_msgs/include/uv_msgs/msg/detail/target_params__struct.hpp
-- Installing: /home/nvidia/Workspace/Cruise/install/uv_msgs/include/uv_msgs/msg/detail/robot_motion_controller__type_support.hpp
-- Installing: /home/nvidia/Workspace/Cruise/install/uv_msgs/include/uv_msgs/msg/detail/target_axis__builder.hpp
-- Installing: /home/nvidia/Workspace/Cruise/install/uv_msgs/include/uv_msgs/msg/detail/robot_device_manager__struct.hpp
-- Installing: /home/nvidia/Workspace/Cruise/install/uv_msgs/include/uv_msgs/msg/detail/pid_params__traits.hpp
-- Installing: /home/nvidia/Workspace/Cruise/install/uv_msgs/include/uv_msgs/msg/detail/yolov8__traits.hpp
-- Installing: /home/nvidia/Workspace/Cruise/install/uv_msgs/include/uv_msgs/msg/detail/led_controllers__type_support.hpp
-- Installing: /home/nvidia/Workspace/Cruise/install/uv_msgs/include/uv_msgs/msg/detail/robot_device_manager__type_support.hpp
-- Installing: /home/nvidia/Workspace/Cruise/install/uv_msgs/include/uv_msgs/msg/detail/pid_controllers_state__struct.hpp
-- Installing: /home/nvidia/Workspace/Cruise/install/uv_msgs/include/uv_msgs/msg/detail/motor_thrust__traits.hpp
-- Installing: /home/nvidia/Workspace/Cruise/install/uv_msgs/include/uv_msgs/msg/detail/thrust_curve__type_support.hpp
-- Installing: /home/nvidia/Workspace/Cruise/install/uv_msgs/include/uv_msgs/msg/detail/motor_thrust__builder.hpp
-- Installing: /home/nvidia/Workspace/Cruise/install/uv_msgs/include/uv_msgs/msg/detail/magnet_controller__struct.hpp
-- Installing: /home/nvidia/Workspace/Cruise/install/uv_msgs/include/uv_msgs/msg/detail/servo_set__builder.hpp
-- Installing: /home/nvidia/Workspace/Cruise/install/uv_msgs/include/uv_msgs/msg/detail/thrust_curves__struct.hpp
-- Installing: /home/nvidia/Workspace/Cruise/install/uv_msgs/include/uv_msgs/msg/detail/target_axis__type_support.hpp
-- Installing: /home/nvidia/Workspace/Cruise/install/uv_msgs/include/uv_msgs/msg/detail/pid_controllers_state__traits.hpp
-- Installing: /home/nvidia/Workspace/Cruise/install/uv_msgs/include/uv_msgs/msg/detail/cabin_state__builder.hpp
-- Installing: /home/nvidia/Workspace/Cruise/install/uv_msgs/include/uv_msgs/msg/detail/propeller_thrust__struct.hpp
-- Installing: /home/nvidia/Workspace/Cruise/install/uv_msgs/include/uv_msgs/msg/detail/target_params__traits.hpp
-- Installing: /home/nvidia/Workspace/Cruise/install/uv_msgs/include/uv_msgs/msg/detail/imu_data__traits.hpp
-- Installing: /home/nvidia/Workspace/Cruise/install/uv_msgs/include/uv_msgs/msg/detail/imu_data__builder.hpp
-- Installing: /home/nvidia/Workspace/Cruise/install/uv_msgs/include/uv_msgs/msg/detail/servo_set__type_support.hpp
-- Installing: /home/nvidia/Workspace/Cruise/install/uv_msgs/include/uv_msgs/msg/detail/yolov8__struct.hpp
-- Installing: /home/nvidia/Workspace/Cruise/install/uv_msgs/include/uv_msgs/msg/detail/robot_axis__builder.hpp
-- Installing: /home/nvidia/Workspace/Cruise/install/uv_msgs/include/uv_msgs/msg/detail/target_params__type_support.hpp
-- Installing: /home/nvidia/Workspace/Cruise/install/uv_msgs/include/uv_msgs/msg/detail/target_pos_down__builder.hpp
-- Installing: /home/nvidia/Workspace/Cruise/install/uv_msgs/include/uv_msgs/msg/detail/yolov8__builder.hpp
-- Installing: /home/nvidia/Workspace/Cruise/install/uv_msgs/include/uv_msgs/msg/detail/pixel_axis__struct.hpp
-- Installing: /home/nvidia/Workspace/Cruise/install/uv_msgs/include/uv_msgs/msg/detail/work_state__type_support.hpp
-- Installing: /home/nvidia/Workspace/Cruise/install/uv_msgs/include/uv_msgs/msg/detail/propeller_thrust__traits.hpp
-- Installing: /home/nvidia/Workspace/Cruise/install/uv_msgs/include/uv_msgs/msg/detail/motor_thrust__struct.hpp
-- Installing: /home/nvidia/Workspace/Cruise/install/uv_msgs/include/uv_msgs/msg/detail/thrust_curve__struct.hpp
-- Installing: /home/nvidia/Workspace/Cruise/install/uv_msgs/include/uv_msgs/msg/detail/pid_controllers__type_support.hpp
-- Installing: /home/nvidia/Workspace/Cruise/install/uv_msgs/include/uv_msgs/msg/detail/pid_controllers__struct.hpp
-- Installing: /home/nvidia/Workspace/Cruise/install/uv_msgs/include/uv_msgs/msg/detail/imu_data__type_support.hpp
-- Installing: /home/nvidia/Workspace/Cruise/install/uv_msgs/include/uv_msgs/msg/detail/target_params__builder.hpp
-- Installing: /home/nvidia/Workspace/Cruise/install/uv_msgs/include/uv_msgs/msg/detail/servo_set__traits.hpp
-- Installing: /home/nvidia/Workspace/Cruise/install/uv_msgs/include/uv_msgs/msg/detail/target_pos_down__type_support.hpp
-- Installing: /home/nvidia/Workspace/Cruise/install/uv_msgs/include/uv_msgs/msg/detail/led_controllers__traits.hpp
-- Installing: /home/nvidia/Workspace/Cruise/install/uv_msgs/include/uv_msgs/msg/detail/robot_axis__traits.hpp
-- Installing: /home/nvidia/Workspace/Cruise/install/uv_msgs/include/uv_msgs/msg/detail/pid_controllers__builder.hpp
-- Installing: /home/nvidia/Workspace/Cruise/install/uv_msgs/include/uv_msgs/msg/detail/work_state__builder.hpp
-- Installing: /home/nvidia/Workspace/Cruise/install/uv_msgs/include/uv_msgs/msg/detail/cabin_state__struct.hpp
-- Installing: /home/nvidia/Workspace/Cruise/install/uv_msgs/include/uv_msgs/msg/detail/magnet_controller__builder.hpp
-- Installing: /home/nvidia/Workspace/Cruise/install/uv_msgs/include/uv_msgs/msg/detail/work_state__traits.hpp
-- Installing: /home/nvidia/Workspace/Cruise/install/uv_msgs/include/uv_msgs/msg/thrust_curves.hpp
-- Up-to-date: /home/nvidia/Workspace/Cruise/install/uv_msgs/include/uv_msgs/srv
-- Installing: /home/nvidia/Workspace/Cruise/install/uv_msgs/include/uv_msgs/srv/detect_request.hpp
-- Up-to-date: /home/nvidia/Workspace/Cruise/install/uv_msgs/include/uv_msgs/srv/detail
-- Installing: /home/nvidia/Workspace/Cruise/install/uv_msgs/include/uv_msgs/srv/detail/detect_request__type_support.hpp
-- Installing: /home/nvidia/Workspace/Cruise/install/uv_msgs/include/uv_msgs/srv/detail/detect_request__traits.hpp
-- Installing: /home/nvidia/Workspace/Cruise/install/uv_msgs/include/uv_msgs/srv/detail/detect_request__builder.hpp
-- Installing: /home/nvidia/Workspace/Cruise/install/uv_msgs/include/uv_msgs/srv/detail/detect_request__struct.hpp
-- Up-to-date: /home/nvidia/Workspace/Cruise/install/uv_msgs/include/uv_msgs
-- Up-to-date: /home/nvidia/Workspace/Cruise/install/uv_msgs/include/uv_msgs/msg
-- Up-to-date: /home/nvidia/Workspace/Cruise/install/uv_msgs/include/uv_msgs/msg/detail
-- Installing: /home/nvidia/Workspace/Cruise/install/uv_msgs/include/uv_msgs/msg/detail/propeller_thrust__type_support.cpp
-- Installing: /home/nvidia/Workspace/Cruise/install/uv_msgs/include/uv_msgs/msg/detail/work_state__type_support.cpp
-- Installing: /home/nvidia/Workspace/Cruise/install/uv_msgs/include/uv_msgs/msg/detail/work_state__rosidl_typesupport_introspection_cpp.hpp
-- Installing: /home/nvidia/Workspace/Cruise/install/uv_msgs/include/uv_msgs/msg/detail/pid_controllers_state__type_support.cpp
-- Installing: /home/nvidia/Workspace/Cruise/install/uv_msgs/include/uv_msgs/msg/detail/yolov8__rosidl_typesupport_introspection_cpp.hpp
-- Installing: /home/nvidia/Workspace/Cruise/install/uv_msgs/include/uv_msgs/msg/detail/thrust_curve__rosidl_typesupport_introspection_cpp.hpp
-- Installing: /home/nvidia/Workspace/Cruise/install/uv_msgs/include/uv_msgs/msg/detail/target_params__rosidl_typesupport_introspection_cpp.hpp
-- Installing: /home/nvidia/Workspace/Cruise/install/uv_msgs/include/uv_msgs/msg/detail/target_axis__type_support.cpp
-- Installing: /home/nvidia/Workspace/Cruise/install/uv_msgs/include/uv_msgs/msg/detail/pixel_axis__type_support.cpp
-- Installing: /home/nvidia/Workspace/Cruise/install/uv_msgs/include/uv_msgs/msg/detail/robot_motion_controller__rosidl_typesupport_introspection_cpp.hpp
-- Installing: /home/nvidia/Workspace/Cruise/install/uv_msgs/include/uv_msgs/msg/detail/pid_controllers__type_support.cpp
-- Installing: /home/nvidia/Workspace/Cruise/install/uv_msgs/include/uv_msgs/msg/detail/robot_motion_controller__type_support.cpp
-- Installing: /home/nvidia/Workspace/Cruise/install/uv_msgs/include/uv_msgs/msg/detail/robot_axis__rosidl_typesupport_introspection_cpp.hpp
-- Installing: /home/nvidia/Workspace/Cruise/install/uv_msgs/include/uv_msgs/msg/detail/target_axis__rosidl_typesupport_introspection_cpp.hpp
-- Installing: /home/nvidia/Workspace/Cruise/install/uv_msgs/include/uv_msgs/msg/detail/magnet_controller__type_support.cpp
-- Installing: /home/nvidia/Workspace/Cruise/install/uv_msgs/include/uv_msgs/msg/detail/thrust_curve__type_support.cpp
-- Installing: /home/nvidia/Workspace/Cruise/install/uv_msgs/include/uv_msgs/msg/detail/robot_axis__type_support.cpp
-- Installing: /home/nvidia/Workspace/Cruise/install/uv_msgs/include/uv_msgs/msg/detail/motor_thrust__type_support.cpp
-- Installing: /home/nvidia/Workspace/Cruise/install/uv_msgs/include/uv_msgs/msg/detail/led_controllers__type_support.cpp
-- Installing: /home/nvidia/Workspace/Cruise/install/uv_msgs/include/uv_msgs/msg/detail/thrust_curves__type_support.cpp
-- Installing: /home/nvidia/Workspace/Cruise/install/uv_msgs/include/uv_msgs/msg/detail/thrust_curves__rosidl_typesupport_introspection_cpp.hpp
-- Installing: /home/nvidia/Workspace/Cruise/install/uv_msgs/include/uv_msgs/msg/detail/cabin_state__type_support.cpp
-- Installing: /home/nvidia/Workspace/Cruise/install/uv_msgs/include/uv_msgs/msg/detail/imu_data__rosidl_typesupport_introspection_cpp.hpp
-- Installing: /home/nvidia/Workspace/Cruise/install/uv_msgs/include/uv_msgs/msg/detail/led_controllers__rosidl_typesupport_introspection_cpp.hpp
-- Installing: /home/nvidia/Workspace/Cruise/install/uv_msgs/include/uv_msgs/msg/detail/target_params__type_support.cpp
-- Installing: /home/nvidia/Workspace/Cruise/install/uv_msgs/include/uv_msgs/msg/detail/cabin_state__rosidl_typesupport_introspection_cpp.hpp
-- Installing: /home/nvidia/Workspace/Cruise/install/uv_msgs/include/uv_msgs/msg/detail/yolov8__type_support.cpp
-- Installing: /home/nvidia/Workspace/Cruise/install/uv_msgs/include/uv_msgs/msg/detail/servo_set__type_support.cpp
-- Installing: /home/nvidia/Workspace/Cruise/install/uv_msgs/include/uv_msgs/msg/detail/propeller_thrust__rosidl_typesupport_introspection_cpp.hpp
-- Installing: /home/nvidia/Workspace/Cruise/install/uv_msgs/include/uv_msgs/msg/detail/robot_device_manager__rosidl_typesupport_introspection_cpp.hpp
-- Installing: /home/nvidia/Workspace/Cruise/install/uv_msgs/include/uv_msgs/msg/detail/magnet_controller__rosidl_typesupport_introspection_cpp.hpp
-- Installing: /home/nvidia/Workspace/Cruise/install/uv_msgs/include/uv_msgs/msg/detail/target_pos_down__rosidl_typesupport_introspection_cpp.hpp
-- Installing: /home/nvidia/Workspace/Cruise/install/uv_msgs/include/uv_msgs/msg/detail/servo_set__rosidl_typesupport_introspection_cpp.hpp
-- Installing: /home/nvidia/Workspace/Cruise/install/uv_msgs/include/uv_msgs/msg/detail/pid_controllers__rosidl_typesupport_introspection_cpp.hpp
-- Installing: /home/nvidia/Workspace/Cruise/install/uv_msgs/include/uv_msgs/msg/detail/pid_controllers_state__rosidl_typesupport_introspection_cpp.hpp
-- Installing: /home/nvidia/Workspace/Cruise/install/uv_msgs/include/uv_msgs/msg/detail/pixel_axis__rosidl_typesupport_introspection_cpp.hpp
-- Installing: /home/nvidia/Workspace/Cruise/install/uv_msgs/include/uv_msgs/msg/detail/pid_params__rosidl_typesupport_introspection_cpp.hpp
-- Installing: /home/nvidia/Workspace/Cruise/install/uv_msgs/include/uv_msgs/msg/detail/target_pos_down__type_support.cpp
-- Installing: /home/nvidia/Workspace/Cruise/install/uv_msgs/include/uv_msgs/msg/detail/imu_data__type_support.cpp
-- Installing: /home/nvidia/Workspace/Cruise/install/uv_msgs/include/uv_msgs/msg/detail/pid_params__type_support.cpp
-- Installing: /home/nvidia/Workspace/Cruise/install/uv_msgs/include/uv_msgs/msg/detail/robot_device_manager__type_support.cpp
-- Installing: /home/nvidia/Workspace/Cruise/install/uv_msgs/include/uv_msgs/msg/detail/motor_thrust__rosidl_typesupport_introspection_cpp.hpp
-- Up-to-date: /home/nvidia/Workspace/Cruise/install/uv_msgs/include/uv_msgs/srv
-- Up-to-date: /home/nvidia/Workspace/Cruise/install/uv_msgs/include/uv_msgs/srv/detail
-- Installing: /home/nvidia/Workspace/Cruise/install/uv_msgs/include/uv_msgs/srv/detail/detect_request__rosidl_typesupport_introspection_cpp.hpp
-- Installing: /home/nvidia/Workspace/Cruise/install/uv_msgs/include/uv_msgs/srv/detail/detect_request__type_support.cpp
-- Installing: /home/nvidia/Workspace/Cruise/install/uv_msgs/lib/libuv_msgs__rosidl_typesupport_introspection_cpp.so
-- Set runtime path of "/home/nvidia/Workspace/Cruise/install/uv_msgs/lib/libuv_msgs__rosidl_typesupport_introspection_cpp.so" to ""
-- Installing: /home/nvidia/Workspace/Cruise/install/uv_msgs/lib/libuv_msgs__rosidl_typesupport_cpp.so
-- Set runtime path of "/home/nvidia/Workspace/Cruise/install/uv_msgs/lib/libuv_msgs__rosidl_typesupport_cpp.so" to ""
-- Installing: /home/nvidia/Workspace/Cruise/install/uv_msgs/share/uv_msgs/environment/pythonpath.sh
-- Installing: /home/nvidia/Workspace/Cruise/install/uv_msgs/share/uv_msgs/environment/pythonpath.dsv
-- Installing: /home/nvidia/Workspace/Cruise/install/uv_msgs/lib/python3.8/site-packages/uv_msgs/__init__.py
Compiling '/home/nvidia/Workspace/Cruise/install/uv_msgs/lib/python3.8/site-packages/uv_msgs/__init__.py'...
-- Installing: /home/nvidia/Workspace/Cruise/install/uv_msgs/lib/python3.8/site-packages/uv_msgs/msg
-- Installing: /home/nvidia/Workspace/Cruise/install/uv_msgs/lib/python3.8/site-packages/uv_msgs/msg/_robot_motion_controller_s.c
-- Installing: /home/nvidia/Workspace/Cruise/install/uv_msgs/lib/python3.8/site-packages/uv_msgs/msg/_target_params.py
-- Installing: /home/nvidia/Workspace/Cruise/install/uv_msgs/lib/python3.8/site-packages/uv_msgs/msg/_propeller_thrust_s.c
-- Installing: /home/nvidia/Workspace/Cruise/install/uv_msgs/lib/python3.8/site-packages/uv_msgs/msg/_imu_data_s.c
-- Installing: /home/nvidia/Workspace/Cruise/install/uv_msgs/lib/python3.8/site-packages/uv_msgs/msg/_pid_controllers_state.py
-- Installing: /home/nvidia/Workspace/Cruise/install/uv_msgs/lib/python3.8/site-packages/uv_msgs/msg/_pid_controllers.py
-- Installing: /home/nvidia/Workspace/Cruise/install/uv_msgs/lib/python3.8/site-packages/uv_msgs/msg/_thrust_curves_s.c
-- Installing: /home/nvidia/Workspace/Cruise/install/uv_msgs/lib/python3.8/site-packages/uv_msgs/msg/_cabin_state_s.c
-- Installing: /home/nvidia/Workspace/Cruise/install/uv_msgs/lib/python3.8/site-packages/uv_msgs/msg/_thrust_curves.py
-- Installing: /home/nvidia/Workspace/Cruise/install/uv_msgs/lib/python3.8/site-packages/uv_msgs/msg/_cabin_state.py
-- Installing: /home/nvidia/Workspace/Cruise/install/uv_msgs/lib/python3.8/site-packages/uv_msgs/msg/_led_controllers_s.c
-- Installing: /home/nvidia/Workspace/Cruise/install/uv_msgs/lib/python3.8/site-packages/uv_msgs/msg/_pid_controllers_state_s.c
-- Installing: /home/nvidia/Workspace/Cruise/install/uv_msgs/lib/python3.8/site-packages/uv_msgs/msg/_magnet_controller.py
-- Installing: /home/nvidia/Workspace/Cruise/install/uv_msgs/lib/python3.8/site-packages/uv_msgs/msg/_propeller_thrust.py
-- Installing: /home/nvidia/Workspace/Cruise/install/uv_msgs/lib/python3.8/site-packages/uv_msgs/msg/_yolov8.py
-- Installing: /home/nvidia/Workspace/Cruise/install/uv_msgs/lib/python3.8/site-packages/uv_msgs/msg/_pid_controllers_s.c
-- Installing: /home/nvidia/Workspace/Cruise/install/uv_msgs/lib/python3.8/site-packages/uv_msgs/msg/_robot_motion_controller.py
-- Installing: /home/nvidia/Workspace/Cruise/install/uv_msgs/lib/python3.8/site-packages/uv_msgs/msg/_target_params_s.c
-- Installing: /home/nvidia/Workspace/Cruise/install/uv_msgs/lib/python3.8/site-packages/uv_msgs/msg/_target_pos_down_s.c
-- Installing: /home/nvidia/Workspace/Cruise/install/uv_msgs/lib/python3.8/site-packages/uv_msgs/msg/_imu_data.py
-- Installing: /home/nvidia/Workspace/Cruise/install/uv_msgs/lib/python3.8/site-packages/uv_msgs/msg/_robot_device_manager_s.c
-- Installing: /home/nvidia/Workspace/Cruise/install/uv_msgs/lib/python3.8/site-packages/uv_msgs/msg/_work_state.py
-- Installing: /home/nvidia/Workspace/Cruise/install/uv_msgs/lib/python3.8/site-packages/uv_msgs/msg/_led_controllers.py
-- Installing: /home/nvidia/Workspace/Cruise/install/uv_msgs/lib/python3.8/site-packages/uv_msgs/msg/_work_state_s.c
-- Installing: /home/nvidia/Workspace/Cruise/install/uv_msgs/lib/python3.8/site-packages/uv_msgs/msg/_thrust_curve.py
-- Installing: /home/nvidia/Workspace/Cruise/install/uv_msgs/lib/python3.8/site-packages/uv_msgs/msg/_pid_params.py
-- Installing: /home/nvidia/Workspace/Cruise/install/uv_msgs/lib/python3.8/site-packages/uv_msgs/msg/_target_axis.py
-- Installing: /home/nvidia/Workspace/Cruise/install/uv_msgs/lib/python3.8/site-packages/uv_msgs/msg/_pixel_axis.py
-- Installing: /home/nvidia/Workspace/Cruise/install/uv_msgs/lib/python3.8/site-packages/uv_msgs/msg/_motor_thrust.py
-- Installing: /home/nvidia/Workspace/Cruise/install/uv_msgs/lib/python3.8/site-packages/uv_msgs/msg/_robot_device_manager.py
-- Installing: /home/nvidia/Workspace/Cruise/install/uv_msgs/lib/python3.8/site-packages/uv_msgs/msg/_pixel_axis_s.c
-- Installing: /home/nvidia/Workspace/Cruise/install/uv_msgs/lib/python3.8/site-packages/uv_msgs/msg/_target_axis_s.c
-- Installing: /home/nvidia/Workspace/Cruise/install/uv_msgs/lib/python3.8/site-packages/uv_msgs/msg/_robot_axis.py
-- Installing: /home/nvidia/Workspace/Cruise/install/uv_msgs/lib/python3.8/site-packages/uv_msgs/msg/_robot_axis_s.c
-- Installing: /home/nvidia/Workspace/Cruise/install/uv_msgs/lib/python3.8/site-packages/uv_msgs/msg/_target_pos_down.py
-- Installing: /home/nvidia/Workspace/Cruise/install/uv_msgs/lib/python3.8/site-packages/uv_msgs/msg/_thrust_curve_s.c
-- Installing: /home/nvidia/Workspace/Cruise/install/uv_msgs/lib/python3.8/site-packages/uv_msgs/msg/_pid_params_s.c
-- Installing: /home/nvidia/Workspace/Cruise/install/uv_msgs/lib/python3.8/site-packages/uv_msgs/msg/_servo_set_s.c
-- Installing: /home/nvidia/Workspace/Cruise/install/uv_msgs/lib/python3.8/site-packages/uv_msgs/msg/_motor_thrust_s.c
-- Installing: /home/nvidia/Workspace/Cruise/install/uv_msgs/lib/python3.8/site-packages/uv_msgs/msg/_servo_set.py
-- Installing: /home/nvidia/Workspace/Cruise/install/uv_msgs/lib/python3.8/site-packages/uv_msgs/msg/_magnet_controller_s.c
-- Installing: /home/nvidia/Workspace/Cruise/install/uv_msgs/lib/python3.8/site-packages/uv_msgs/msg/__init__.py
-- Installing: /home/nvidia/Workspace/Cruise/install/uv_msgs/lib/python3.8/site-packages/uv_msgs/msg/_yolov8_s.c
-- Installing: /home/nvidia/Workspace/Cruise/install/uv_msgs/lib/python3.8/site-packages/uv_msgs/srv
-- Installing: /home/nvidia/Workspace/Cruise/install/uv_msgs/lib/python3.8/site-packages/uv_msgs/srv/_detect_request.py
-- Installing: /home/nvidia/Workspace/Cruise/install/uv_msgs/lib/python3.8/site-packages/uv_msgs/srv/_detect_request_s.c
-- Installing: /home/nvidia/Workspace/Cruise/install/uv_msgs/lib/python3.8/site-packages/uv_msgs/srv/__init__.py
-- Installing: /home/nvidia/Workspace/Cruise/install/uv_msgs/lib/python3.8/site-packages/uv_msgs/uv_msgs_s__rosidl_typesupport_fastrtps_c.cpython-38-aarch64-linux-gnu.so
-- Set runtime path of "/home/nvidia/Workspace/Cruise/install/uv_msgs/lib/python3.8/site-packages/uv_msgs/uv_msgs_s__rosidl_typesupport_fastrtps_c.cpython-38-aarch64-linux-gnu.so" to ""
-- Installing: /home/nvidia/Workspace/Cruise/install/uv_msgs/lib/python3.8/site-packages/uv_msgs/uv_msgs_s__rosidl_typesupport_introspection_c.cpython-38-aarch64-linux-gnu.so
-- Set runtime path of "/home/nvidia/Workspace/Cruise/install/uv_msgs/lib/python3.8/site-packages/uv_msgs/uv_msgs_s__rosidl_typesupport_introspection_c.cpython-38-aarch64-linux-gnu.so" to ""
-- Installing: /home/nvidia/Workspace/Cruise/install/uv_msgs/lib/python3.8/site-packages/uv_msgs/uv_msgs_s__rosidl_typesupport_c.cpython-38-aarch64-linux-gnu.so
-- Set runtime path of "/home/nvidia/Workspace/Cruise/install/uv_msgs/lib/python3.8/site-packages/uv_msgs/uv_msgs_s__rosidl_typesupport_c.cpython-38-aarch64-linux-gnu.so" to ""
-- Installing: /home/nvidia/Workspace/Cruise/install/uv_msgs/lib/libuv_msgs__python.so
-- Set runtime path of "/home/nvidia/Workspace/Cruise/install/uv_msgs/lib/libuv_msgs__python.so" to ""
-- Installing: /home/nvidia/Workspace/Cruise/install/uv_msgs/share/uv_msgs/msg/RobotDeviceManager.idl
-- Installing: /home/nvidia/Workspace/Cruise/install/uv_msgs/share/uv_msgs/msg/RobotMotionController.idl
-- Installing: /home/nvidia/Workspace/Cruise/install/uv_msgs/share/uv_msgs/msg/PidParams.idl
-- Installing: /home/nvidia/Workspace/Cruise/install/uv_msgs/share/uv_msgs/msg/PidControllers.idl
-- Installing: /home/nvidia/Workspace/Cruise/install/uv_msgs/share/uv_msgs/msg/PidControllersState.idl
-- Installing: /home/nvidia/Workspace/Cruise/install/uv_msgs/share/uv_msgs/msg/ThrustCurve.idl
-- Installing: /home/nvidia/Workspace/Cruise/install/uv_msgs/share/uv_msgs/msg/ThrustCurves.idl
-- Installing: /home/nvidia/Workspace/Cruise/install/uv_msgs/share/uv_msgs/msg/RobotAxis.idl
-- Installing: /home/nvidia/Workspace/Cruise/install/uv_msgs/share/uv_msgs/msg/ImuData.idl
-- Installing: /home/nvidia/Workspace/Cruise/install/uv_msgs/share/uv_msgs/msg/MotorThrust.idl
-- Installing: /home/nvidia/Workspace/Cruise/install/uv_msgs/share/uv_msgs/msg/ServoSet.idl
-- Installing: /home/nvidia/Workspace/Cruise/install/uv_msgs/share/uv_msgs/msg/TargetPosDown.idl
-- Installing: /home/nvidia/Workspace/Cruise/install/uv_msgs/share/uv_msgs/msg/CabinState.idl
-- Installing: /home/nvidia/Workspace/Cruise/install/uv_msgs/share/uv_msgs/msg/PropellerThrust.idl
-- Installing: /home/nvidia/Workspace/Cruise/install/uv_msgs/share/uv_msgs/msg/WorkState.idl
-- Installing: /home/nvidia/Workspace/Cruise/install/uv_msgs/share/uv_msgs/msg/Yolov8.idl
-- Installing: /home/nvidia/Workspace/Cruise/install/uv_msgs/share/uv_msgs/msg/TargetParams.idl
-- Installing: /home/nvidia/Workspace/Cruise/install/uv_msgs/share/uv_msgs/msg/PixelAxis.idl
-- Installing: /home/nvidia/Workspace/Cruise/install/uv_msgs/share/uv_msgs/msg/TargetAxis.idl
-- Installing: /home/nvidia/Workspace/Cruise/install/uv_msgs/share/uv_msgs/msg/LedControllers.idl
-- Installing: /home/nvidia/Workspace/Cruise/install/uv_msgs/share/uv_msgs/msg/MagnetController.idl
-- Installing: /home/nvidia/Workspace/Cruise/install/uv_msgs/share/uv_msgs/srv/DetectRequest.idl
-- Installing: /home/nvidia/Workspace/Cruise/install/uv_msgs/share/uv_msgs/msg/RobotDeviceManager.msg
-- Installing: /home/nvidia/Workspace/Cruise/install/uv_msgs/share/uv_msgs/msg/RobotMotionController.msg
-- Installing: /home/nvidia/Workspace/Cruise/install/uv_msgs/share/uv_msgs/msg/PidParams.msg
-- Installing: /home/nvidia/Workspace/Cruise/install/uv_msgs/share/uv_msgs/msg/PidControllers.msg
-- Installing: /home/nvidia/Workspace/Cruise/install/uv_msgs/share/uv_msgs/msg/PidControllersState.msg
-- Installing: /home/nvidia/Workspace/Cruise/install/uv_msgs/share/uv_msgs/msg/ThrustCurve.msg
-- Installing: /home/nvidia/Workspace/Cruise/install/uv_msgs/share/uv_msgs/msg/ThrustCurves.msg
-- Installing: /home/nvidia/Workspace/Cruise/install/uv_msgs/share/uv_msgs/msg/RobotAxis.msg
-- Installing: /home/nvidia/Workspace/Cruise/install/uv_msgs/share/uv_msgs/msg/ImuData.msg
-- Installing: /home/nvidia/Workspace/Cruise/install/uv_msgs/share/uv_msgs/msg/MotorThrust.msg
-- Installing: /home/nvidia/Workspace/Cruise/install/uv_msgs/share/uv_msgs/msg/ServoSet.msg
-- Installing: /home/nvidia/Workspace/Cruise/install/uv_msgs/share/uv_msgs/msg/TargetPosDown.msg
-- Installing: /home/nvidia/Workspace/Cruise/install/uv_msgs/share/uv_msgs/msg/CabinState.msg
-- Installing: /home/nvidia/Workspace/Cruise/install/uv_msgs/share/uv_msgs/msg/PropellerThrust.msg
-- Installing: /home/nvidia/Workspace/Cruise/install/uv_msgs/share/uv_msgs/msg/WorkState.msg
-- Installing: /home/nvidia/Workspace/Cruise/install/uv_msgs/share/uv_msgs/msg/Yolov8.msg
-- Installing: /home/nvidia/Workspace/Cruise/install/uv_msgs/share/uv_msgs/msg/TargetParams.msg
-- Installing: /home/nvidia/Workspace/Cruise/install/uv_msgs/share/uv_msgs/msg/PixelAxis.msg
-- Installing: /home/nvidia/Workspace/Cruise/install/uv_msgs/share/uv_msgs/msg/TargetAxis.msg
-- Installing: /home/nvidia/Workspace/Cruise/install/uv_msgs/share/uv_msgs/msg/LedControllers.msg
-- Installing: /home/nvidia/Workspace/Cruise/install/uv_msgs/share/uv_msgs/msg/MagnetController.msg
-- Installing: /home/nvidia/Workspace/Cruise/install/uv_msgs/share/uv_msgs/srv/DetectRequest.srv
-- Installing: /home/nvidia/Workspace/Cruise/install/uv_msgs/share/uv_msgs/srv/DetectRequest_Request.msg
-- Installing: /home/nvidia/Workspace/Cruise/install/uv_msgs/share/uv_msgs/srv/DetectRequest_Response.msg
-- Installing: /home/nvidia/Workspace/Cruise/install/uv_msgs/share/ament_index/resource_index/package_run_dependencies/uv_msgs
-- Installing: /home/nvidia/Workspace/Cruise/install/uv_msgs/share/ament_index/resource_index/parent_prefix_path/uv_msgs
-- Installing: /home/nvidia/Workspace/Cruise/install/uv_msgs/share/uv_msgs/environment/ament_prefix_path.sh
-- Installing: /home/nvidia/Workspace/Cruise/install/uv_msgs/share/uv_msgs/environment/ament_prefix_path.dsv
-- Installing: /home/nvidia/Workspace/Cruise/install/uv_msgs/share/uv_msgs/environment/path.sh
-- Installing: /home/nvidia/Workspace/Cruise/install/uv_msgs/share/uv_msgs/environment/path.dsv
-- Installing: /home/nvidia/Workspace/Cruise/install/uv_msgs/share/uv_msgs/local_setup.bash
-- Installing: /home/nvidia/Workspace/Cruise/install/uv_msgs/share/uv_msgs/local_setup.sh
-- Installing: /home/nvidia/Workspace/Cruise/install/uv_msgs/share/uv_msgs/local_setup.zsh
-- Installing: /home/nvidia/Workspace/Cruise/install/uv_msgs/share/uv_msgs/local_setup.dsv
-- Installing: /home/nvidia/Workspace/Cruise/install/uv_msgs/share/uv_msgs/package.dsv
-- Installing: /home/nvidia/Workspace/Cruise/install/uv_msgs/share/ament_index/resource_index/packages/uv_msgs
-- Installing: /home/nvidia/Workspace/Cruise/install/uv_msgs/share/uv_msgs/cmake/uv_msgs__rosidl_generator_cExport.cmake
-- Installing: /home/nvidia/Workspace/Cruise/install/uv_msgs/share/uv_msgs/cmake/uv_msgs__rosidl_generator_cExport-noconfig.cmake
-- Installing: /home/nvidia/Workspace/Cruise/install/uv_msgs/share/uv_msgs/cmake/uv_msgs__rosidl_typesupport_introspection_cExport.cmake
-- Installing: /home/nvidia/Workspace/Cruise/install/uv_msgs/share/uv_msgs/cmake/uv_msgs__rosidl_typesupport_introspection_cExport-noconfig.cmake
-- Installing: /home/nvidia/Workspace/Cruise/install/uv_msgs/share/uv_msgs/cmake/uv_msgs__rosidl_typesupport_cExport.cmake
-- Installing: /home/nvidia/Workspace/Cruise/install/uv_msgs/share/uv_msgs/cmake/uv_msgs__rosidl_typesupport_cExport-noconfig.cmake
-- Installing: /home/nvidia/Workspace/Cruise/install/uv_msgs/share/uv_msgs/cmake/uv_msgs__rosidl_generator_cppExport.cmake
-- Installing: /home/nvidia/Workspace/Cruise/install/uv_msgs/share/uv_msgs/cmake/uv_msgs__rosidl_typesupport_introspection_cppExport.cmake
-- Installing: /home/nvidia/Workspace/Cruise/install/uv_msgs/share/uv_msgs/cmake/uv_msgs__rosidl_typesupport_introspection_cppExport-noconfig.cmake
-- Installing: /home/nvidia/Workspace/Cruise/install/uv_msgs/share/uv_msgs/cmake/uv_msgs__rosidl_typesupport_cppExport.cmake
-- Installing: /home/nvidia/Workspace/Cruise/install/uv_msgs/share/uv_msgs/cmake/uv_msgs__rosidl_typesupport_cppExport-noconfig.cmake
-- Installing: /home/nvidia/Workspace/Cruise/install/uv_msgs/share/uv_msgs/cmake/rosidl_cmake-extras.cmake
-- Installing: /home/nvidia/Workspace/Cruise/install/uv_msgs/share/uv_msgs/cmake/ament_cmake_export_dependencies-extras.cmake
-- Installing: /home/nvidia/Workspace/Cruise/install/uv_msgs/share/uv_msgs/cmake/ament_cmake_export_libraries-extras.cmake
-- Installing: /home/nvidia/Workspace/Cruise/install/uv_msgs/share/uv_msgs/cmake/ament_cmake_export_targets-extras.cmake
-- Installing: /home/nvidia/Workspace/Cruise/install/uv_msgs/share/uv_msgs/cmake/ament_cmake_export_include_directories-extras.cmake
-- Installing: /home/nvidia/Workspace/Cruise/install/uv_msgs/share/uv_msgs/cmake/rosidl_cmake_export_typesupport_libraries-extras.cmake
-- Installing: /home/nvidia/Workspace/Cruise/install/uv_msgs/share/uv_msgs/cmake/rosidl_cmake_export_typesupport_targets-extras.cmake
-- Installing: /home/nvidia/Workspace/Cruise/install/uv_msgs/share/uv_msgs/cmake/uv_msgsConfig.cmake
-- Installing: /home/nvidia/Workspace/Cruise/install/uv_msgs/share/uv_msgs/cmake/uv_msgsConfig-version.cmake
-- Installing: /home/nvidia/Workspace/Cruise/install/uv_msgs/share/uv_msgs/package.xml
