[3.175s] Invoking command in '/home/nvidia/Workspace/Cruise/src/uv_hm': PYTHONPATH=/home/nvidia/Workspace/Cruise/build/uv_hm/prefix_override:/home/nvidia/Workspace/Cruise/install/uv_hm/lib/python3.8/site-packages:${PYTHONPATH} /usr/bin/python3 setup.py egg_info --egg-base ../../build/uv_hm build --build-base /home/nvidia/Workspace/Cruise/build/uv_hm/build install --record /home/nvidia/Workspace/Cruise/build/uv_hm/install.log --single-version-externally-managed
[3.561s] running egg_info
[3.563s] creating ../../build/uv_hm/uv_hm.egg-info
[3.563s] writing ../../build/uv_hm/uv_hm.egg-info/PKG-INFO
[3.563s] writing dependency_links to ../../build/uv_hm/uv_hm.egg-info/dependency_links.txt
[3.564s] writing entry points to ../../build/uv_hm/uv_hm.egg-info/entry_points.txt
[3.564s] writing requirements to ../../build/uv_hm/uv_hm.egg-info/requires.txt
[3.564s] writing top-level names to ../../build/uv_hm/uv_hm.egg-info/top_level.txt
[3.567s] writing manifest file '../../build/uv_hm/uv_hm.egg-info/SOURCES.txt'
[3.619s] reading manifest file '../../build/uv_hm/uv_hm.egg-info/SOURCES.txt'
[3.620s] writing manifest file '../../build/uv_hm/uv_hm.egg-info/SOURCES.txt'
[3.620s] running build
[3.621s] running build_py
[3.621s] creating /home/nvidia/Workspace/Cruise/build/uv_hm/build
[3.621s] creating /home/nvidia/Workspace/Cruise/build/uv_hm/build/lib
[3.621s] creating /home/nvidia/Workspace/Cruise/build/uv_hm/build/lib/uv_hm
[3.623s] copying uv_hm/uv_hmu.py -> /home/nvidia/Workspace/Cruise/build/uv_hm/build/lib/uv_hm
[3.624s] copying uv_hm/uv_web_pannel.py -> /home/nvidia/Workspace/Cruise/build/uv_hm/build/lib/uv_hm
[3.626s] copying uv_hm/__init__.py -> /home/nvidia/Workspace/Cruise/build/uv_hm/build/lib/uv_hm
[3.627s] running install
[3.628s] running install_lib
[3.630s] creating /home/nvidia/Workspace/Cruise/install/uv_hm/lib/python3.8/site-packages/uv_hm
[3.630s] copying /home/nvidia/Workspace/Cruise/build/uv_hm/build/lib/uv_hm/uv_hmu.py -> /home/nvidia/Workspace/Cruise/install/uv_hm/lib/python3.8/site-packages/uv_hm
[3.631s] copying /home/nvidia/Workspace/Cruise/build/uv_hm/build/lib/uv_hm/uv_web_pannel.py -> /home/nvidia/Workspace/Cruise/install/uv_hm/lib/python3.8/site-packages/uv_hm
[3.631s] copying /home/nvidia/Workspace/Cruise/build/uv_hm/build/lib/uv_hm/__init__.py -> /home/nvidia/Workspace/Cruise/install/uv_hm/lib/python3.8/site-packages/uv_hm
[3.632s] byte-compiling /home/nvidia/Workspace/Cruise/install/uv_hm/lib/python3.8/site-packages/uv_hm/uv_hmu.py to uv_hmu.cpython-38.pyc
[3.636s] byte-compiling /home/nvidia/Workspace/Cruise/install/uv_hm/lib/python3.8/site-packages/uv_hm/uv_web_pannel.py to uv_web_pannel.cpython-38.pyc
[3.638s] byte-compiling /home/nvidia/Workspace/Cruise/install/uv_hm/lib/python3.8/site-packages/uv_hm/__init__.py to __init__.cpython-38.pyc
[3.638s] running install_data
[3.640s] creating /home/nvidia/Workspace/Cruise/install/uv_hm/share/ament_index
[3.640s] creating /home/nvidia/Workspace/Cruise/install/uv_hm/share/ament_index/resource_index
[3.640s] creating /home/nvidia/Workspace/Cruise/install/uv_hm/share/ament_index/resource_index/packages
[3.640s] copying resource/uv_hm -> /home/nvidia/Workspace/Cruise/install/uv_hm/share/ament_index/resource_index/packages
[3.640s] copying package.xml -> /home/nvidia/Workspace/Cruise/install/uv_hm/share/uv_hm
[3.640s] running install_egg_info
[3.643s] Copying ../../build/uv_hm/uv_hm.egg-info to /home/nvidia/Workspace/Cruise/install/uv_hm/lib/python3.8/site-packages/uv_hm-0.0.0-py3.8.egg-info
[3.645s] running install_scripts
[3.680s] Installing uv_hmu script to /home/nvidia/Workspace/Cruise/install/uv_hm/lib/uv_hm
[3.681s] Installing uv_web_pannel script to /home/nvidia/Workspace/Cruise/install/uv_hm/lib/uv_hm
[3.682s] writing list of installed files to '/home/nvidia/Workspace/Cruise/build/uv_hm/install.log'
[3.781s] Invoked command in '/home/nvidia/Workspace/Cruise/src/uv_hm' returned '0': PYTHONPATH=/home/nvidia/Workspace/Cruise/build/uv_hm/prefix_override:/home/nvidia/Workspace/Cruise/install/uv_hm/lib/python3.8/site-packages:${PYTHONPATH} /usr/bin/python3 setup.py egg_info --egg-base ../../build/uv_hm build --build-base /home/nvidia/Workspace/Cruise/build/uv_hm/build install --record /home/nvidia/Workspace/Cruise/build/uv_hm/install.log --single-version-externally-managed
