[0.459s] DEBUG:colcon:Command line arguments: ['/bin/colcon', 'build']
[0.459s] DEBUG:colcon:Parsed command line arguments: Namespace(allow_overriding=[], ament_cmake_args=None, base_paths=['.'], build_base='build', catkin_cmake_args=None, catkin_skip_building_tests=False, cmake_args=None, cmake_clean_cache=False, cmake_clean_first=False, cmake_force_configure=False, cmake_target=None, cmake_target_skip_unavailable=False, continue_on_error=False, event_handlers=None, executor='parallel', ignore_user_meta=False, install_base='install', log_base=None, log_level=None, main=<bound method BuildVerb.main of <colcon_core.verb.build.BuildVerb object at 0xffff9d14a3d0>>, merge_install=False, metas=['./colcon.meta'], packages_above=None, packages_above_and_dependencies=None, packages_above_depth=None, packages_end=None, packages_ignore=None, packages_ignore_regex=None, packages_select=None, packages_select_build_failed=False, packages_select_by_dep=None, packages_select_regex=None, packages_select_test_failures=False, packages_skip=None, packages_skip_build_finished=False, packages_skip_by_dep=None, packages_skip_regex=None, packages_skip_test_passed=False, packages_skip_up_to=None, packages_start=None, packages_up_to=None, packages_up_to_regex=None, parallel_workers=8, paths=None, symlink_install=False, test_result_base=None, verb_extension=<colcon_core.verb.build.BuildVerb object at 0xffff9d14a3d0>, verb_name='build', verb_parser=<colcon_defaults.argument_parser.defaults.DefaultArgumentsDecorator object at 0xffff9d14a910>)
[0.498s] Level 1:colcon.colcon_core.package_discovery:discover_packages(colcon_meta) check parameters
[0.499s] Level 1:colcon.colcon_core.package_discovery:discover_packages(recursive) check parameters
[0.499s] Level 1:colcon.colcon_core.package_discovery:discover_packages(ignore) check parameters
[0.499s] Level 1:colcon.colcon_core.package_discovery:discover_packages(path) check parameters
[0.499s] Level 1:colcon.colcon_core.package_discovery:discover_packages(colcon_meta) discover
[0.499s] Level 1:colcon.colcon_core.package_discovery:discover_packages(recursive) discover
[0.499s] INFO:colcon.colcon_core.package_discovery:Crawling recursively for packages in '/home/nvidia/Workspace/Cruise'
[0.499s] Level 1:colcon.colcon_core.package_identification:_identify(.) by extensions ['ignore', 'ignore_ament_install']
[0.499s] Level 1:colcon.colcon_core.package_identification:_identify(.) by extension 'ignore'
[0.500s] Level 1:colcon.colcon_core.package_identification:_identify(.) by extension 'ignore_ament_install'
[0.500s] Level 1:colcon.colcon_core.package_identification:_identify(.) by extensions ['colcon_pkg']
[0.500s] Level 1:colcon.colcon_core.package_identification:_identify(.) by extension 'colcon_pkg'
[0.500s] Level 1:colcon.colcon_core.package_identification:_identify(.) by extensions ['colcon_meta']
[0.500s] Level 1:colcon.colcon_core.package_identification:_identify(.) by extension 'colcon_meta'
[0.500s] Level 1:colcon.colcon_core.package_identification:_identify(.) by extensions ['ros']
[0.500s] Level 1:colcon.colcon_core.package_identification:_identify(.) by extension 'ros'
[0.538s] Level 1:colcon.colcon_core.package_identification:_identify(.) by extensions ['cmake', 'python']
[0.538s] Level 1:colcon.colcon_core.package_identification:_identify(.) by extension 'cmake'
[0.539s] Level 1:colcon.colcon_core.package_identification:_identify(.) by extension 'python'
[0.539s] Level 1:colcon.colcon_core.package_identification:_identify(.) by extensions ['python_setup_py']
[0.539s] Level 1:colcon.colcon_core.package_identification:_identify(.) by extension 'python_setup_py'
[0.539s] Level 1:colcon.colcon_core.package_identification:_identify(1039) by extensions ['ignore', 'ignore_ament_install']
[0.539s] Level 1:colcon.colcon_core.package_identification:_identify(1039) by extension 'ignore'
[0.539s] Level 1:colcon.colcon_core.package_identification:_identify(1039) by extension 'ignore_ament_install'
[0.539s] Level 1:colcon.colcon_core.package_identification:_identify(1039) by extensions ['colcon_pkg']
[0.539s] Level 1:colcon.colcon_core.package_identification:_identify(1039) by extension 'colcon_pkg'
[0.539s] Level 1:colcon.colcon_core.package_identification:_identify(1039) by extensions ['colcon_meta']
[0.539s] Level 1:colcon.colcon_core.package_identification:_identify(1039) by extension 'colcon_meta'
[0.540s] Level 1:colcon.colcon_core.package_identification:_identify(1039) by extensions ['ros']
[0.540s] Level 1:colcon.colcon_core.package_identification:_identify(1039) by extension 'ros'
[0.540s] Level 1:colcon.colcon_core.package_identification:_identify(1039) by extensions ['cmake', 'python']
[0.540s] Level 1:colcon.colcon_core.package_identification:_identify(1039) by extension 'cmake'
[0.540s] Level 1:colcon.colcon_core.package_identification:_identify(1039) by extension 'python'
[0.540s] Level 1:colcon.colcon_core.package_identification:_identify(1039) by extensions ['python_setup_py']
[0.540s] Level 1:colcon.colcon_core.package_identification:_identify(1039) by extension 'python_setup_py'
[0.540s] Level 1:colcon.colcon_core.package_identification:_identify(build) by extensions ['ignore', 'ignore_ament_install']
[0.540s] Level 1:colcon.colcon_core.package_identification:_identify(build) by extension 'ignore'
[0.540s] Level 1:colcon.colcon_core.package_identification:_identify(build) ignored
[0.540s] Level 1:colcon.colcon_core.package_identification:_identify(datas) by extensions ['ignore', 'ignore_ament_install']
[0.541s] Level 1:colcon.colcon_core.package_identification:_identify(datas) by extension 'ignore'
[0.541s] Level 1:colcon.colcon_core.package_identification:_identify(datas) by extension 'ignore_ament_install'
[0.541s] Level 1:colcon.colcon_core.package_identification:_identify(datas) by extensions ['colcon_pkg']
[0.541s] Level 1:colcon.colcon_core.package_identification:_identify(datas) by extension 'colcon_pkg'
[0.541s] Level 1:colcon.colcon_core.package_identification:_identify(datas) by extensions ['colcon_meta']
[0.541s] Level 1:colcon.colcon_core.package_identification:_identify(datas) by extension 'colcon_meta'
[0.541s] Level 1:colcon.colcon_core.package_identification:_identify(datas) by extensions ['ros']
[0.541s] Level 1:colcon.colcon_core.package_identification:_identify(datas) by extension 'ros'
[0.541s] Level 1:colcon.colcon_core.package_identification:_identify(datas) by extensions ['cmake', 'python']
[0.541s] Level 1:colcon.colcon_core.package_identification:_identify(datas) by extension 'cmake'
[0.541s] Level 1:colcon.colcon_core.package_identification:_identify(datas) by extension 'python'
[0.541s] Level 1:colcon.colcon_core.package_identification:_identify(datas) by extensions ['python_setup_py']
[0.541s] Level 1:colcon.colcon_core.package_identification:_identify(datas) by extension 'python_setup_py'
[0.542s] Level 1:colcon.colcon_core.package_identification:_identify(img) by extensions ['ignore', 'ignore_ament_install']
[0.542s] Level 1:colcon.colcon_core.package_identification:_identify(img) by extension 'ignore'
[0.542s] Level 1:colcon.colcon_core.package_identification:_identify(img) by extension 'ignore_ament_install'
[0.542s] Level 1:colcon.colcon_core.package_identification:_identify(img) by extensions ['colcon_pkg']
[0.542s] Level 1:colcon.colcon_core.package_identification:_identify(img) by extension 'colcon_pkg'
[0.542s] Level 1:colcon.colcon_core.package_identification:_identify(img) by extensions ['colcon_meta']
[0.542s] Level 1:colcon.colcon_core.package_identification:_identify(img) by extension 'colcon_meta'
[0.542s] Level 1:colcon.colcon_core.package_identification:_identify(img) by extensions ['ros']
[0.542s] Level 1:colcon.colcon_core.package_identification:_identify(img) by extension 'ros'
[0.542s] Level 1:colcon.colcon_core.package_identification:_identify(img) by extensions ['cmake', 'python']
[0.542s] Level 1:colcon.colcon_core.package_identification:_identify(img) by extension 'cmake'
[0.542s] Level 1:colcon.colcon_core.package_identification:_identify(img) by extension 'python'
[0.542s] Level 1:colcon.colcon_core.package_identification:_identify(img) by extensions ['python_setup_py']
[0.542s] Level 1:colcon.colcon_core.package_identification:_identify(img) by extension 'python_setup_py'
[0.543s] Level 1:colcon.colcon_core.package_identification:_identify(img/build) by extensions ['ignore', 'ignore_ament_install']
[0.543s] Level 1:colcon.colcon_core.package_identification:_identify(img/build) by extension 'ignore'
[0.543s] Level 1:colcon.colcon_core.package_identification:_identify(img/build) ignored
[0.543s] Level 1:colcon.colcon_core.package_identification:_identify(img/down) by extensions ['ignore', 'ignore_ament_install']
[0.543s] Level 1:colcon.colcon_core.package_identification:_identify(img/down) by extension 'ignore'
[0.543s] Level 1:colcon.colcon_core.package_identification:_identify(img/down) by extension 'ignore_ament_install'
[0.543s] Level 1:colcon.colcon_core.package_identification:_identify(img/down) by extensions ['colcon_pkg']
[0.543s] Level 1:colcon.colcon_core.package_identification:_identify(img/down) by extension 'colcon_pkg'
[0.543s] Level 1:colcon.colcon_core.package_identification:_identify(img/down) by extensions ['colcon_meta']
[0.543s] Level 1:colcon.colcon_core.package_identification:_identify(img/down) by extension 'colcon_meta'
[0.544s] Level 1:colcon.colcon_core.package_identification:_identify(img/down) by extensions ['ros']
[0.544s] Level 1:colcon.colcon_core.package_identification:_identify(img/down) by extension 'ros'
[0.544s] Level 1:colcon.colcon_core.package_identification:_identify(img/down) by extensions ['cmake', 'python']
[0.544s] Level 1:colcon.colcon_core.package_identification:_identify(img/down) by extension 'cmake'
[0.544s] Level 1:colcon.colcon_core.package_identification:_identify(img/down) by extension 'python'
[0.544s] Level 1:colcon.colcon_core.package_identification:_identify(img/down) by extensions ['python_setup_py']
[0.544s] Level 1:colcon.colcon_core.package_identification:_identify(img/down) by extension 'python_setup_py'
[0.544s] Level 1:colcon.colcon_core.package_identification:_identify(img/front) by extensions ['ignore', 'ignore_ament_install']
[0.545s] Level 1:colcon.colcon_core.package_identification:_identify(img/front) by extension 'ignore'
[0.545s] Level 1:colcon.colcon_core.package_identification:_identify(img/front) by extension 'ignore_ament_install'
[0.545s] Level 1:colcon.colcon_core.package_identification:_identify(img/front) by extensions ['colcon_pkg']
[0.545s] Level 1:colcon.colcon_core.package_identification:_identify(img/front) by extension 'colcon_pkg'
[0.545s] Level 1:colcon.colcon_core.package_identification:_identify(img/front) by extensions ['colcon_meta']
[0.545s] Level 1:colcon.colcon_core.package_identification:_identify(img/front) by extension 'colcon_meta'
[0.545s] Level 1:colcon.colcon_core.package_identification:_identify(img/front) by extensions ['ros']
[0.545s] Level 1:colcon.colcon_core.package_identification:_identify(img/front) by extension 'ros'
[0.545s] Level 1:colcon.colcon_core.package_identification:_identify(img/front) by extensions ['cmake', 'python']
[0.545s] Level 1:colcon.colcon_core.package_identification:_identify(img/front) by extension 'cmake'
[0.545s] Level 1:colcon.colcon_core.package_identification:_identify(img/front) by extension 'python'
[0.545s] Level 1:colcon.colcon_core.package_identification:_identify(img/front) by extensions ['python_setup_py']
[0.545s] Level 1:colcon.colcon_core.package_identification:_identify(img/front) by extension 'python_setup_py'
[0.545s] Level 1:colcon.colcon_core.package_identification:_identify(img/install) by extensions ['ignore', 'ignore_ament_install']
[0.545s] Level 1:colcon.colcon_core.package_identification:_identify(img/install) by extension 'ignore'
[0.546s] Level 1:colcon.colcon_core.package_identification:_identify(img/install) ignored
[0.546s] Level 1:colcon.colcon_core.package_identification:_identify(img/log) by extensions ['ignore', 'ignore_ament_install']
[0.546s] Level 1:colcon.colcon_core.package_identification:_identify(img/log) by extension 'ignore'
[0.546s] Level 1:colcon.colcon_core.package_identification:_identify(img/log) ignored
[0.546s] Level 1:colcon.colcon_core.package_identification:_identify(install) by extensions ['ignore', 'ignore_ament_install']
[0.546s] Level 1:colcon.colcon_core.package_identification:_identify(install) by extension 'ignore'
[0.546s] Level 1:colcon.colcon_core.package_identification:_identify(install) ignored
[0.546s] Level 1:colcon.colcon_core.package_identification:_identify(log) by extensions ['ignore', 'ignore_ament_install']
[0.546s] Level 1:colcon.colcon_core.package_identification:_identify(log) by extension 'ignore'
[0.547s] Level 1:colcon.colcon_core.package_identification:_identify(log) ignored
[0.547s] Level 1:colcon.colcon_core.package_identification:_identify(scripts) by extensions ['ignore', 'ignore_ament_install']
[0.547s] Level 1:colcon.colcon_core.package_identification:_identify(scripts) by extension 'ignore'
[0.547s] Level 1:colcon.colcon_core.package_identification:_identify(scripts) by extension 'ignore_ament_install'
[0.547s] Level 1:colcon.colcon_core.package_identification:_identify(scripts) by extensions ['colcon_pkg']
[0.547s] Level 1:colcon.colcon_core.package_identification:_identify(scripts) by extension 'colcon_pkg'
[0.547s] Level 1:colcon.colcon_core.package_identification:_identify(scripts) by extensions ['colcon_meta']
[0.547s] Level 1:colcon.colcon_core.package_identification:_identify(scripts) by extension 'colcon_meta'
[0.547s] Level 1:colcon.colcon_core.package_identification:_identify(scripts) by extensions ['ros']
[0.547s] Level 1:colcon.colcon_core.package_identification:_identify(scripts) by extension 'ros'
[0.547s] Level 1:colcon.colcon_core.package_identification:_identify(scripts) by extensions ['cmake', 'python']
[0.547s] Level 1:colcon.colcon_core.package_identification:_identify(scripts) by extension 'cmake'
[0.547s] Level 1:colcon.colcon_core.package_identification:_identify(scripts) by extension 'python'
[0.547s] Level 1:colcon.colcon_core.package_identification:_identify(scripts) by extensions ['python_setup_py']
[0.547s] Level 1:colcon.colcon_core.package_identification:_identify(scripts) by extension 'python_setup_py'
[0.548s] Level 1:colcon.colcon_core.package_identification:_identify(scripts/run) by extensions ['ignore', 'ignore_ament_install']
[0.548s] Level 1:colcon.colcon_core.package_identification:_identify(scripts/run) by extension 'ignore'
[0.548s] Level 1:colcon.colcon_core.package_identification:_identify(scripts/run) by extension 'ignore_ament_install'
[0.548s] Level 1:colcon.colcon_core.package_identification:_identify(scripts/run) by extensions ['colcon_pkg']
[0.548s] Level 1:colcon.colcon_core.package_identification:_identify(scripts/run) by extension 'colcon_pkg'
[0.548s] Level 1:colcon.colcon_core.package_identification:_identify(scripts/run) by extensions ['colcon_meta']
[0.548s] Level 1:colcon.colcon_core.package_identification:_identify(scripts/run) by extension 'colcon_meta'
[0.548s] Level 1:colcon.colcon_core.package_identification:_identify(scripts/run) by extensions ['ros']
[0.548s] Level 1:colcon.colcon_core.package_identification:_identify(scripts/run) by extension 'ros'
[0.548s] Level 1:colcon.colcon_core.package_identification:_identify(scripts/run) by extensions ['cmake', 'python']
[0.548s] Level 1:colcon.colcon_core.package_identification:_identify(scripts/run) by extension 'cmake'
[0.548s] Level 1:colcon.colcon_core.package_identification:_identify(scripts/run) by extension 'python'
[0.548s] Level 1:colcon.colcon_core.package_identification:_identify(scripts/run) by extensions ['python_setup_py']
[0.548s] Level 1:colcon.colcon_core.package_identification:_identify(scripts/run) by extension 'python_setup_py'
[0.549s] Level 1:colcon.colcon_core.package_identification:_identify(scripts/test) by extensions ['ignore', 'ignore_ament_install']
[0.549s] Level 1:colcon.colcon_core.package_identification:_identify(scripts/test) by extension 'ignore'
[0.549s] Level 1:colcon.colcon_core.package_identification:_identify(scripts/test) by extension 'ignore_ament_install'
[0.549s] Level 1:colcon.colcon_core.package_identification:_identify(scripts/test) by extensions ['colcon_pkg']
[0.549s] Level 1:colcon.colcon_core.package_identification:_identify(scripts/test) by extension 'colcon_pkg'
[0.549s] Level 1:colcon.colcon_core.package_identification:_identify(scripts/test) by extensions ['colcon_meta']
[0.549s] Level 1:colcon.colcon_core.package_identification:_identify(scripts/test) by extension 'colcon_meta'
[0.549s] Level 1:colcon.colcon_core.package_identification:_identify(scripts/test) by extensions ['ros']
[0.549s] Level 1:colcon.colcon_core.package_identification:_identify(scripts/test) by extension 'ros'
[0.549s] Level 1:colcon.colcon_core.package_identification:_identify(scripts/test) by extensions ['cmake', 'python']
[0.549s] Level 1:colcon.colcon_core.package_identification:_identify(scripts/test) by extension 'cmake'
[0.549s] Level 1:colcon.colcon_core.package_identification:_identify(scripts/test) by extension 'python'
[0.549s] Level 1:colcon.colcon_core.package_identification:_identify(scripts/test) by extensions ['python_setup_py']
[0.549s] Level 1:colcon.colcon_core.package_identification:_identify(scripts/test) by extension 'python_setup_py'
[0.550s] Level 1:colcon.colcon_core.package_identification:_identify(src) by extensions ['ignore', 'ignore_ament_install']
[0.550s] Level 1:colcon.colcon_core.package_identification:_identify(src) by extension 'ignore'
[0.550s] Level 1:colcon.colcon_core.package_identification:_identify(src) by extension 'ignore_ament_install'
[0.550s] Level 1:colcon.colcon_core.package_identification:_identify(src) by extensions ['colcon_pkg']
[0.550s] Level 1:colcon.colcon_core.package_identification:_identify(src) by extension 'colcon_pkg'
[0.550s] Level 1:colcon.colcon_core.package_identification:_identify(src) by extensions ['colcon_meta']
[0.550s] Level 1:colcon.colcon_core.package_identification:_identify(src) by extension 'colcon_meta'
[0.550s] Level 1:colcon.colcon_core.package_identification:_identify(src) by extensions ['ros']
[0.550s] Level 1:colcon.colcon_core.package_identification:_identify(src) by extension 'ros'
[0.550s] Level 1:colcon.colcon_core.package_identification:_identify(src) by extensions ['cmake', 'python']
[0.550s] Level 1:colcon.colcon_core.package_identification:_identify(src) by extension 'cmake'
[0.550s] Level 1:colcon.colcon_core.package_identification:_identify(src) by extension 'python'
[0.550s] Level 1:colcon.colcon_core.package_identification:_identify(src) by extensions ['python_setup_py']
[0.550s] Level 1:colcon.colcon_core.package_identification:_identify(src) by extension 'python_setup_py'
[0.551s] Level 1:colcon.colcon_core.package_identification:_identify(src/models) by extensions ['ignore', 'ignore_ament_install']
[0.551s] Level 1:colcon.colcon_core.package_identification:_identify(src/models) by extension 'ignore'
[0.551s] Level 1:colcon.colcon_core.package_identification:_identify(src/models) by extension 'ignore_ament_install'
[0.551s] Level 1:colcon.colcon_core.package_identification:_identify(src/models) by extensions ['colcon_pkg']
[0.551s] Level 1:colcon.colcon_core.package_identification:_identify(src/models) by extension 'colcon_pkg'
[0.551s] Level 1:colcon.colcon_core.package_identification:_identify(src/models) by extensions ['colcon_meta']
[0.551s] Level 1:colcon.colcon_core.package_identification:_identify(src/models) by extension 'colcon_meta'
[0.551s] Level 1:colcon.colcon_core.package_identification:_identify(src/models) by extensions ['ros']
[0.551s] Level 1:colcon.colcon_core.package_identification:_identify(src/models) by extension 'ros'
[0.555s] DEBUG:colcon.colcon_core.package_identification:Package 'src/models' with type 'ros.ament_python' and name 'models'
[0.555s] Level 1:colcon.colcon_core.package_identification:_identify(src/utils) by extensions ['ignore', 'ignore_ament_install']
[0.555s] Level 1:colcon.colcon_core.package_identification:_identify(src/utils) by extension 'ignore'
[0.556s] Level 1:colcon.colcon_core.package_identification:_identify(src/utils) by extension 'ignore_ament_install'
[0.556s] Level 1:colcon.colcon_core.package_identification:_identify(src/utils) by extensions ['colcon_pkg']
[0.556s] Level 1:colcon.colcon_core.package_identification:_identify(src/utils) by extension 'colcon_pkg'
[0.556s] Level 1:colcon.colcon_core.package_identification:_identify(src/utils) by extensions ['colcon_meta']
[0.556s] Level 1:colcon.colcon_core.package_identification:_identify(src/utils) by extension 'colcon_meta'
[0.556s] Level 1:colcon.colcon_core.package_identification:_identify(src/utils) by extensions ['ros']
[0.556s] Level 1:colcon.colcon_core.package_identification:_identify(src/utils) by extension 'ros'
[0.557s] DEBUG:colcon.colcon_core.package_identification:Package 'src/utils' with type 'ros.ament_python' and name 'utils'
[0.557s] Level 1:colcon.colcon_core.package_identification:_identify(src/uv_ai) by extensions ['ignore', 'ignore_ament_install']
[0.557s] Level 1:colcon.colcon_core.package_identification:_identify(src/uv_ai) by extension 'ignore'
[0.557s] Level 1:colcon.colcon_core.package_identification:_identify(src/uv_ai) by extension 'ignore_ament_install'
[0.557s] Level 1:colcon.colcon_core.package_identification:_identify(src/uv_ai) by extensions ['colcon_pkg']
[0.557s] Level 1:colcon.colcon_core.package_identification:_identify(src/uv_ai) by extension 'colcon_pkg'
[0.557s] Level 1:colcon.colcon_core.package_identification:_identify(src/uv_ai) by extensions ['colcon_meta']
[0.557s] Level 1:colcon.colcon_core.package_identification:_identify(src/uv_ai) by extension 'colcon_meta'
[0.557s] Level 1:colcon.colcon_core.package_identification:_identify(src/uv_ai) by extensions ['ros']
[0.557s] Level 1:colcon.colcon_core.package_identification:_identify(src/uv_ai) by extension 'ros'
[0.558s] DEBUG:colcon.colcon_core.package_identification:Package 'src/uv_ai' with type 'ros.ament_python' and name 'uv_ai'
[0.558s] Level 1:colcon.colcon_core.package_identification:_identify(src/uv_control_py) by extensions ['ignore', 'ignore_ament_install']
[0.559s] Level 1:colcon.colcon_core.package_identification:_identify(src/uv_control_py) by extension 'ignore'
[0.559s] Level 1:colcon.colcon_core.package_identification:_identify(src/uv_control_py) by extension 'ignore_ament_install'
[0.559s] Level 1:colcon.colcon_core.package_identification:_identify(src/uv_control_py) by extensions ['colcon_pkg']
[0.559s] Level 1:colcon.colcon_core.package_identification:_identify(src/uv_control_py) by extension 'colcon_pkg'
[0.559s] Level 1:colcon.colcon_core.package_identification:_identify(src/uv_control_py) by extensions ['colcon_meta']
[0.559s] Level 1:colcon.colcon_core.package_identification:_identify(src/uv_control_py) by extension 'colcon_meta'
[0.559s] Level 1:colcon.colcon_core.package_identification:_identify(src/uv_control_py) by extensions ['ros']
[0.559s] Level 1:colcon.colcon_core.package_identification:_identify(src/uv_control_py) by extension 'ros'
[0.560s] DEBUG:colcon.colcon_core.package_identification:Package 'src/uv_control_py' with type 'ros.ament_python' and name 'uv_control_py'
[0.560s] Level 1:colcon.colcon_core.package_identification:_identify(src/uv_hm) by extensions ['ignore', 'ignore_ament_install']
[0.560s] Level 1:colcon.colcon_core.package_identification:_identify(src/uv_hm) by extension 'ignore'
[0.560s] Level 1:colcon.colcon_core.package_identification:_identify(src/uv_hm) by extension 'ignore_ament_install'
[0.560s] Level 1:colcon.colcon_core.package_identification:_identify(src/uv_hm) by extensions ['colcon_pkg']
[0.560s] Level 1:colcon.colcon_core.package_identification:_identify(src/uv_hm) by extension 'colcon_pkg'
[0.560s] Level 1:colcon.colcon_core.package_identification:_identify(src/uv_hm) by extensions ['colcon_meta']
[0.560s] Level 1:colcon.colcon_core.package_identification:_identify(src/uv_hm) by extension 'colcon_meta'
[0.560s] Level 1:colcon.colcon_core.package_identification:_identify(src/uv_hm) by extensions ['ros']
[0.560s] Level 1:colcon.colcon_core.package_identification:_identify(src/uv_hm) by extension 'ros'
[0.561s] DEBUG:colcon.colcon_core.package_identification:Package 'src/uv_hm' with type 'ros.ament_python' and name 'uv_hm'
[0.561s] Level 1:colcon.colcon_core.package_identification:_identify(src/uv_msgs) by extensions ['ignore', 'ignore_ament_install']
[0.561s] Level 1:colcon.colcon_core.package_identification:_identify(src/uv_msgs) by extension 'ignore'
[0.561s] Level 1:colcon.colcon_core.package_identification:_identify(src/uv_msgs) by extension 'ignore_ament_install'
[0.562s] Level 1:colcon.colcon_core.package_identification:_identify(src/uv_msgs) by extensions ['colcon_pkg']
[0.562s] Level 1:colcon.colcon_core.package_identification:_identify(src/uv_msgs) by extension 'colcon_pkg'
[0.562s] Level 1:colcon.colcon_core.package_identification:_identify(src/uv_msgs) by extensions ['colcon_meta']
[0.562s] Level 1:colcon.colcon_core.package_identification:_identify(src/uv_msgs) by extension 'colcon_meta'
[0.562s] Level 1:colcon.colcon_core.package_identification:_identify(src/uv_msgs) by extensions ['ros']
[0.562s] Level 1:colcon.colcon_core.package_identification:_identify(src/uv_msgs) by extension 'ros'
[0.563s] DEBUG:colcon.colcon_core.package_identification:Package 'src/uv_msgs' with type 'ros.ament_cmake' and name 'uv_msgs'
[0.563s] Level 1:colcon.colcon_core.package_identification:_identify(src/uv_vision) by extensions ['ignore', 'ignore_ament_install']
[0.563s] Level 1:colcon.colcon_core.package_identification:_identify(src/uv_vision) by extension 'ignore'
[0.563s] Level 1:colcon.colcon_core.package_identification:_identify(src/uv_vision) by extension 'ignore_ament_install'
[0.563s] Level 1:colcon.colcon_core.package_identification:_identify(src/uv_vision) by extensions ['colcon_pkg']
[0.563s] Level 1:colcon.colcon_core.package_identification:_identify(src/uv_vision) by extension 'colcon_pkg'
[0.563s] Level 1:colcon.colcon_core.package_identification:_identify(src/uv_vision) by extensions ['colcon_meta']
[0.563s] Level 1:colcon.colcon_core.package_identification:_identify(src/uv_vision) by extension 'colcon_meta'
[0.563s] Level 1:colcon.colcon_core.package_identification:_identify(src/uv_vision) by extensions ['ros']
[0.564s] Level 1:colcon.colcon_core.package_identification:_identify(src/uv_vision) by extension 'ros'
[0.564s] DEBUG:colcon.colcon_core.package_identification:Package 'src/uv_vision' with type 'ros.ament_python' and name 'uv_vision'
[0.564s] Level 1:colcon.colcon_core.package_discovery:discover_packages(recursive) using defaults
[0.564s] Level 1:colcon.colcon_core.package_discovery:discover_packages(ignore) discover
[0.564s] Level 1:colcon.colcon_core.package_discovery:discover_packages(ignore) using defaults
[0.564s] Level 1:colcon.colcon_core.package_discovery:discover_packages(path) discover
[0.564s] Level 1:colcon.colcon_core.package_discovery:discover_packages(path) using defaults
[0.596s] Level 1:colcon.colcon_core.package_discovery:discover_packages(prefix_path) check parameters
[0.596s] Level 1:colcon.colcon_core.package_discovery:discover_packages(prefix_path) discover
[0.598s] WARNING:colcon.colcon_ros.prefix_path.ament:The path '/home/nvidia/Workspace/Cruise/install/uv_vision' in the environment variable AMENT_PREFIX_PATH doesn't exist
[0.598s] WARNING:colcon.colcon_ros.prefix_path.ament:The path '/home/nvidia/Workspace/Cruise/install/uv_msgs' in the environment variable AMENT_PREFIX_PATH doesn't exist
[0.599s] WARNING:colcon.colcon_ros.prefix_path.ament:The path '/home/nvidia/Workspace/Cruise/install/uv_hm' in the environment variable AMENT_PREFIX_PATH doesn't exist
[0.599s] WARNING:colcon.colcon_ros.prefix_path.ament:The path '/home/nvidia/Workspace/Cruise/install/uv_control_py' in the environment variable AMENT_PREFIX_PATH doesn't exist
[0.599s] WARNING:colcon.colcon_ros.prefix_path.ament:The path '/home/nvidia/Workspace/Cruise/install/uv_ai' in the environment variable AMENT_PREFIX_PATH doesn't exist
[0.599s] WARNING:colcon.colcon_ros.prefix_path.ament:The path '/home/nvidia/Workspace/Cruise/install/utils' in the environment variable AMENT_PREFIX_PATH doesn't exist
[0.599s] WARNING:colcon.colcon_ros.prefix_path.ament:The path '/home/nvidia/Workspace/Cruise/install/models' in the environment variable AMENT_PREFIX_PATH doesn't exist
[0.599s] WARNING:colcon.colcon_ros.prefix_path.catkin:The path '/home/nvidia/Workspace/Cruise/install/uv_msgs' in the environment variable CMAKE_PREFIX_PATH doesn't exist
[0.601s] DEBUG:colcon.colcon_installed_package_information.package_discovery:Found 0 installed packages in /home/nvidia/Workspace/Cruise/install
[0.603s] DEBUG:colcon.colcon_installed_package_information.package_discovery:Found 259 installed packages in /opt/ros/foxy
[0.605s] Level 1:colcon.colcon_core.package_discovery:discover_packages(prefix_path) using defaults
[0.701s] Level 5:colcon.colcon_core.verb:set package 'models' build argument 'cmake_args' from command line to 'None'
[0.701s] Level 5:colcon.colcon_core.verb:set package 'models' build argument 'cmake_target' from command line to 'None'
[0.701s] Level 5:colcon.colcon_core.verb:set package 'models' build argument 'cmake_target_skip_unavailable' from command line to 'False'
[0.701s] Level 5:colcon.colcon_core.verb:set package 'models' build argument 'cmake_clean_cache' from command line to 'False'
[0.701s] Level 5:colcon.colcon_core.verb:set package 'models' build argument 'cmake_clean_first' from command line to 'False'
[0.701s] Level 5:colcon.colcon_core.verb:set package 'models' build argument 'cmake_force_configure' from command line to 'False'
[0.701s] Level 5:colcon.colcon_core.verb:set package 'models' build argument 'ament_cmake_args' from command line to 'None'
[0.701s] Level 5:colcon.colcon_core.verb:set package 'models' build argument 'catkin_cmake_args' from command line to 'None'
[0.702s] Level 5:colcon.colcon_core.verb:set package 'models' build argument 'catkin_skip_building_tests' from command line to 'False'
[0.702s] DEBUG:colcon.colcon_core.verb:Building package 'models' with the following arguments: {'ament_cmake_args': None, 'build_base': '/home/nvidia/Workspace/Cruise/build/models', 'catkin_cmake_args': None, 'catkin_skip_building_tests': False, 'cmake_args': None, 'cmake_clean_cache': False, 'cmake_clean_first': False, 'cmake_force_configure': False, 'cmake_target': None, 'cmake_target_skip_unavailable': False, 'install_base': '/home/nvidia/Workspace/Cruise/install/models', 'merge_install': False, 'path': '/home/nvidia/Workspace/Cruise/src/models', 'symlink_install': False, 'test_result_base': None}
[0.703s] Level 5:colcon.colcon_core.verb:set package 'utils' build argument 'cmake_args' from command line to 'None'
[0.703s] Level 5:colcon.colcon_core.verb:set package 'utils' build argument 'cmake_target' from command line to 'None'
[0.703s] Level 5:colcon.colcon_core.verb:set package 'utils' build argument 'cmake_target_skip_unavailable' from command line to 'False'
[0.703s] Level 5:colcon.colcon_core.verb:set package 'utils' build argument 'cmake_clean_cache' from command line to 'False'
[0.703s] Level 5:colcon.colcon_core.verb:set package 'utils' build argument 'cmake_clean_first' from command line to 'False'
[0.703s] Level 5:colcon.colcon_core.verb:set package 'utils' build argument 'cmake_force_configure' from command line to 'False'
[0.703s] Level 5:colcon.colcon_core.verb:set package 'utils' build argument 'ament_cmake_args' from command line to 'None'
[0.703s] Level 5:colcon.colcon_core.verb:set package 'utils' build argument 'catkin_cmake_args' from command line to 'None'
[0.703s] Level 5:colcon.colcon_core.verb:set package 'utils' build argument 'catkin_skip_building_tests' from command line to 'False'
[0.704s] DEBUG:colcon.colcon_core.verb:Building package 'utils' with the following arguments: {'ament_cmake_args': None, 'build_base': '/home/nvidia/Workspace/Cruise/build/utils', 'catkin_cmake_args': None, 'catkin_skip_building_tests': False, 'cmake_args': None, 'cmake_clean_cache': False, 'cmake_clean_first': False, 'cmake_force_configure': False, 'cmake_target': None, 'cmake_target_skip_unavailable': False, 'install_base': '/home/nvidia/Workspace/Cruise/install/utils', 'merge_install': False, 'path': '/home/nvidia/Workspace/Cruise/src/utils', 'symlink_install': False, 'test_result_base': None}
[0.705s] Level 5:colcon.colcon_core.verb:set package 'uv_ai' build argument 'cmake_args' from command line to 'None'
[0.705s] Level 5:colcon.colcon_core.verb:set package 'uv_ai' build argument 'cmake_target' from command line to 'None'
[0.705s] Level 5:colcon.colcon_core.verb:set package 'uv_ai' build argument 'cmake_target_skip_unavailable' from command line to 'False'
[0.705s] Level 5:colcon.colcon_core.verb:set package 'uv_ai' build argument 'cmake_clean_cache' from command line to 'False'
[0.705s] Level 5:colcon.colcon_core.verb:set package 'uv_ai' build argument 'cmake_clean_first' from command line to 'False'
[0.705s] Level 5:colcon.colcon_core.verb:set package 'uv_ai' build argument 'cmake_force_configure' from command line to 'False'
[0.705s] Level 5:colcon.colcon_core.verb:set package 'uv_ai' build argument 'ament_cmake_args' from command line to 'None'
[0.705s] Level 5:colcon.colcon_core.verb:set package 'uv_ai' build argument 'catkin_cmake_args' from command line to 'None'
[0.705s] Level 5:colcon.colcon_core.verb:set package 'uv_ai' build argument 'catkin_skip_building_tests' from command line to 'False'
[0.705s] DEBUG:colcon.colcon_core.verb:Building package 'uv_ai' with the following arguments: {'ament_cmake_args': None, 'build_base': '/home/nvidia/Workspace/Cruise/build/uv_ai', 'catkin_cmake_args': None, 'catkin_skip_building_tests': False, 'cmake_args': None, 'cmake_clean_cache': False, 'cmake_clean_first': False, 'cmake_force_configure': False, 'cmake_target': None, 'cmake_target_skip_unavailable': False, 'install_base': '/home/nvidia/Workspace/Cruise/install/uv_ai', 'merge_install': False, 'path': '/home/nvidia/Workspace/Cruise/src/uv_ai', 'symlink_install': False, 'test_result_base': None}
[0.707s] Level 5:colcon.colcon_core.verb:set package 'uv_control_py' build argument 'cmake_args' from command line to 'None'
[0.707s] Level 5:colcon.colcon_core.verb:set package 'uv_control_py' build argument 'cmake_target' from command line to 'None'
[0.707s] Level 5:colcon.colcon_core.verb:set package 'uv_control_py' build argument 'cmake_target_skip_unavailable' from command line to 'False'
[0.707s] Level 5:colcon.colcon_core.verb:set package 'uv_control_py' build argument 'cmake_clean_cache' from command line to 'False'
[0.707s] Level 5:colcon.colcon_core.verb:set package 'uv_control_py' build argument 'cmake_clean_first' from command line to 'False'
[0.707s] Level 5:colcon.colcon_core.verb:set package 'uv_control_py' build argument 'cmake_force_configure' from command line to 'False'
[0.707s] Level 5:colcon.colcon_core.verb:set package 'uv_control_py' build argument 'ament_cmake_args' from command line to 'None'
[0.707s] Level 5:colcon.colcon_core.verb:set package 'uv_control_py' build argument 'catkin_cmake_args' from command line to 'None'
[0.707s] Level 5:colcon.colcon_core.verb:set package 'uv_control_py' build argument 'catkin_skip_building_tests' from command line to 'False'
[0.707s] DEBUG:colcon.colcon_core.verb:Building package 'uv_control_py' with the following arguments: {'ament_cmake_args': None, 'build_base': '/home/nvidia/Workspace/Cruise/build/uv_control_py', 'catkin_cmake_args': None, 'catkin_skip_building_tests': False, 'cmake_args': None, 'cmake_clean_cache': False, 'cmake_clean_first': False, 'cmake_force_configure': False, 'cmake_target': None, 'cmake_target_skip_unavailable': False, 'install_base': '/home/nvidia/Workspace/Cruise/install/uv_control_py', 'merge_install': False, 'path': '/home/nvidia/Workspace/Cruise/src/uv_control_py', 'symlink_install': False, 'test_result_base': None}
[0.708s] Level 5:colcon.colcon_core.verb:set package 'uv_hm' build argument 'cmake_args' from command line to 'None'
[0.708s] Level 5:colcon.colcon_core.verb:set package 'uv_hm' build argument 'cmake_target' from command line to 'None'
[0.708s] Level 5:colcon.colcon_core.verb:set package 'uv_hm' build argument 'cmake_target_skip_unavailable' from command line to 'False'
[0.708s] Level 5:colcon.colcon_core.verb:set package 'uv_hm' build argument 'cmake_clean_cache' from command line to 'False'
[0.708s] Level 5:colcon.colcon_core.verb:set package 'uv_hm' build argument 'cmake_clean_first' from command line to 'False'
[0.709s] Level 5:colcon.colcon_core.verb:set package 'uv_hm' build argument 'cmake_force_configure' from command line to 'False'
[0.709s] Level 5:colcon.colcon_core.verb:set package 'uv_hm' build argument 'ament_cmake_args' from command line to 'None'
[0.709s] Level 5:colcon.colcon_core.verb:set package 'uv_hm' build argument 'catkin_cmake_args' from command line to 'None'
[0.709s] Level 5:colcon.colcon_core.verb:set package 'uv_hm' build argument 'catkin_skip_building_tests' from command line to 'False'
[0.709s] DEBUG:colcon.colcon_core.verb:Building package 'uv_hm' with the following arguments: {'ament_cmake_args': None, 'build_base': '/home/nvidia/Workspace/Cruise/build/uv_hm', 'catkin_cmake_args': None, 'catkin_skip_building_tests': False, 'cmake_args': None, 'cmake_clean_cache': False, 'cmake_clean_first': False, 'cmake_force_configure': False, 'cmake_target': None, 'cmake_target_skip_unavailable': False, 'install_base': '/home/nvidia/Workspace/Cruise/install/uv_hm', 'merge_install': False, 'path': '/home/nvidia/Workspace/Cruise/src/uv_hm', 'symlink_install': False, 'test_result_base': None}
[0.710s] Level 5:colcon.colcon_core.verb:set package 'uv_msgs' build argument 'cmake_args' from command line to 'None'
[0.710s] Level 5:colcon.colcon_core.verb:set package 'uv_msgs' build argument 'cmake_target' from command line to 'None'
[0.710s] Level 5:colcon.colcon_core.verb:set package 'uv_msgs' build argument 'cmake_target_skip_unavailable' from command line to 'False'
[0.710s] Level 5:colcon.colcon_core.verb:set package 'uv_msgs' build argument 'cmake_clean_cache' from command line to 'False'
[0.710s] Level 5:colcon.colcon_core.verb:set package 'uv_msgs' build argument 'cmake_clean_first' from command line to 'False'
[0.710s] Level 5:colcon.colcon_core.verb:set package 'uv_msgs' build argument 'cmake_force_configure' from command line to 'False'
[0.710s] Level 5:colcon.colcon_core.verb:set package 'uv_msgs' build argument 'ament_cmake_args' from command line to 'None'
[0.710s] Level 5:colcon.colcon_core.verb:set package 'uv_msgs' build argument 'catkin_cmake_args' from command line to 'None'
[0.710s] Level 5:colcon.colcon_core.verb:set package 'uv_msgs' build argument 'catkin_skip_building_tests' from command line to 'False'
[0.710s] DEBUG:colcon.colcon_core.verb:Building package 'uv_msgs' with the following arguments: {'ament_cmake_args': None, 'build_base': '/home/nvidia/Workspace/Cruise/build/uv_msgs', 'catkin_cmake_args': None, 'catkin_skip_building_tests': False, 'cmake_args': None, 'cmake_clean_cache': False, 'cmake_clean_first': False, 'cmake_force_configure': False, 'cmake_target': None, 'cmake_target_skip_unavailable': False, 'install_base': '/home/nvidia/Workspace/Cruise/install/uv_msgs', 'merge_install': False, 'path': '/home/nvidia/Workspace/Cruise/src/uv_msgs', 'symlink_install': False, 'test_result_base': None}
[0.712s] Level 5:colcon.colcon_core.verb:set package 'uv_vision' build argument 'cmake_args' from command line to 'None'
[0.712s] Level 5:colcon.colcon_core.verb:set package 'uv_vision' build argument 'cmake_target' from command line to 'None'
[0.712s] Level 5:colcon.colcon_core.verb:set package 'uv_vision' build argument 'cmake_target_skip_unavailable' from command line to 'False'
[0.712s] Level 5:colcon.colcon_core.verb:set package 'uv_vision' build argument 'cmake_clean_cache' from command line to 'False'
[0.712s] Level 5:colcon.colcon_core.verb:set package 'uv_vision' build argument 'cmake_clean_first' from command line to 'False'
[0.712s] Level 5:colcon.colcon_core.verb:set package 'uv_vision' build argument 'cmake_force_configure' from command line to 'False'
[0.712s] Level 5:colcon.colcon_core.verb:set package 'uv_vision' build argument 'ament_cmake_args' from command line to 'None'
[0.712s] Level 5:colcon.colcon_core.verb:set package 'uv_vision' build argument 'catkin_cmake_args' from command line to 'None'
[0.712s] Level 5:colcon.colcon_core.verb:set package 'uv_vision' build argument 'catkin_skip_building_tests' from command line to 'False'
[0.712s] DEBUG:colcon.colcon_core.verb:Building package 'uv_vision' with the following arguments: {'ament_cmake_args': None, 'build_base': '/home/nvidia/Workspace/Cruise/build/uv_vision', 'catkin_cmake_args': None, 'catkin_skip_building_tests': False, 'cmake_args': None, 'cmake_clean_cache': False, 'cmake_clean_first': False, 'cmake_force_configure': False, 'cmake_target': None, 'cmake_target_skip_unavailable': False, 'install_base': '/home/nvidia/Workspace/Cruise/install/uv_vision', 'merge_install': False, 'path': '/home/nvidia/Workspace/Cruise/src/uv_vision', 'symlink_install': False, 'test_result_base': None}
[0.713s] INFO:colcon.colcon_core.executor:Executing jobs using 'parallel' executor
[0.718s] DEBUG:colcon.colcon_parallel_executor.executor.parallel:run_until_complete
[0.719s] INFO:colcon.colcon_ros.task.ament_python.build:Building ROS package in '/home/nvidia/Workspace/Cruise/src/models' with build type 'ament_python'
[0.719s] Level 1:colcon.colcon_core.shell:create_environment_hook('models', 'ament_prefix_path')
[0.725s] INFO:colcon.colcon_core.plugin_system:Skipping extension 'colcon_core.shell.bat': Not used on non-Windows systems
[0.725s] INFO:colcon.colcon_core.shell:Creating environment hook '/home/nvidia/Workspace/Cruise/install/models/share/models/hook/ament_prefix_path.ps1'
[0.736s] INFO:colcon.colcon_core.shell:Creating environment descriptor '/home/nvidia/Workspace/Cruise/install/models/share/models/hook/ament_prefix_path.dsv'
[0.737s] INFO:colcon.colcon_core.shell:Creating environment hook '/home/nvidia/Workspace/Cruise/install/models/share/models/hook/ament_prefix_path.sh'
[0.739s] INFO:colcon.colcon_core.shell:Skip shell extension 'powershell' for command environment: Not usable outside of PowerShell
[0.739s] DEBUG:colcon.colcon_core.shell:Skip shell extension 'dsv' for command environment
[0.751s] INFO:colcon.colcon_ros.task.ament_python.build:Building ROS package in '/home/nvidia/Workspace/Cruise/src/utils' with build type 'ament_python'
[0.751s] Level 1:colcon.colcon_core.shell:create_environment_hook('utils', 'ament_prefix_path')
[0.754s] INFO:colcon.colcon_core.shell:Creating environment hook '/home/nvidia/Workspace/Cruise/install/utils/share/utils/hook/ament_prefix_path.ps1'
[0.755s] INFO:colcon.colcon_core.shell:Creating environment descriptor '/home/nvidia/Workspace/Cruise/install/utils/share/utils/hook/ament_prefix_path.dsv'
[0.756s] INFO:colcon.colcon_core.shell:Creating environment hook '/home/nvidia/Workspace/Cruise/install/utils/share/utils/hook/ament_prefix_path.sh'
[0.758s] INFO:colcon.colcon_core.shell:Skip shell extension 'powershell' for command environment: Not usable outside of PowerShell
[0.758s] DEBUG:colcon.colcon_core.shell:Skip shell extension 'dsv' for command environment
[0.770s] INFO:colcon.colcon_ros.task.ament_python.build:Building ROS package in '/home/nvidia/Workspace/Cruise/src/uv_ai' with build type 'ament_python'
[0.770s] Level 1:colcon.colcon_core.shell:create_environment_hook('uv_ai', 'ament_prefix_path')
[0.773s] INFO:colcon.colcon_core.shell:Creating environment hook '/home/nvidia/Workspace/Cruise/install/uv_ai/share/uv_ai/hook/ament_prefix_path.ps1'
[0.774s] INFO:colcon.colcon_core.shell:Creating environment descriptor '/home/nvidia/Workspace/Cruise/install/uv_ai/share/uv_ai/hook/ament_prefix_path.dsv'
[0.775s] INFO:colcon.colcon_core.shell:Creating environment hook '/home/nvidia/Workspace/Cruise/install/uv_ai/share/uv_ai/hook/ament_prefix_path.sh'
[0.777s] INFO:colcon.colcon_core.shell:Skip shell extension 'powershell' for command environment: Not usable outside of PowerShell
[0.777s] DEBUG:colcon.colcon_core.shell:Skip shell extension 'dsv' for command environment
[0.788s] INFO:colcon.colcon_ros.task.ament_python.build:Building ROS package in '/home/nvidia/Workspace/Cruise/src/uv_control_py' with build type 'ament_python'
[0.789s] Level 1:colcon.colcon_core.shell:create_environment_hook('uv_control_py', 'ament_prefix_path')
[0.791s] INFO:colcon.colcon_core.shell:Creating environment hook '/home/nvidia/Workspace/Cruise/install/uv_control_py/share/uv_control_py/hook/ament_prefix_path.ps1'
[0.793s] INFO:colcon.colcon_core.shell:Creating environment descriptor '/home/nvidia/Workspace/Cruise/install/uv_control_py/share/uv_control_py/hook/ament_prefix_path.dsv'
[0.801s] INFO:colcon.colcon_core.shell:Creating environment hook '/home/nvidia/Workspace/Cruise/install/uv_control_py/share/uv_control_py/hook/ament_prefix_path.sh'
[0.804s] INFO:colcon.colcon_core.shell:Skip shell extension 'powershell' for command environment: Not usable outside of PowerShell
[0.804s] DEBUG:colcon.colcon_core.shell:Skip shell extension 'dsv' for command environment
[0.815s] INFO:colcon.colcon_ros.task.ament_python.build:Building ROS package in '/home/nvidia/Workspace/Cruise/src/uv_hm' with build type 'ament_python'
[0.816s] Level 1:colcon.colcon_core.shell:create_environment_hook('uv_hm', 'ament_prefix_path')
[0.818s] INFO:colcon.colcon_core.shell:Creating environment hook '/home/nvidia/Workspace/Cruise/install/uv_hm/share/uv_hm/hook/ament_prefix_path.ps1'
[0.820s] INFO:colcon.colcon_core.shell:Creating environment descriptor '/home/nvidia/Workspace/Cruise/install/uv_hm/share/uv_hm/hook/ament_prefix_path.dsv'
[0.820s] INFO:colcon.colcon_core.shell:Creating environment hook '/home/nvidia/Workspace/Cruise/install/uv_hm/share/uv_hm/hook/ament_prefix_path.sh'
[0.823s] INFO:colcon.colcon_core.shell:Skip shell extension 'powershell' for command environment: Not usable outside of PowerShell
[0.823s] DEBUG:colcon.colcon_core.shell:Skip shell extension 'dsv' for command environment
[0.834s] INFO:colcon.colcon_ros.task.ament_cmake.build:Building ROS package in '/home/nvidia/Workspace/Cruise/src/uv_msgs' with build type 'ament_cmake'
[0.835s] INFO:colcon.colcon_cmake.task.cmake.build:Building CMake package in '/home/nvidia/Workspace/Cruise/src/uv_msgs'
[0.837s] INFO:colcon.colcon_core.shell:Skip shell extension 'powershell' for command environment: Not usable outside of PowerShell
[0.837s] DEBUG:colcon.colcon_core.shell:Skip shell extension 'dsv' for command environment
[0.849s] INFO:colcon.colcon_ros.task.ament_python.build:Building ROS package in '/home/nvidia/Workspace/Cruise/src/uv_vision' with build type 'ament_python'
[0.850s] Level 1:colcon.colcon_core.shell:create_environment_hook('uv_vision', 'ament_prefix_path')
[0.852s] INFO:colcon.colcon_core.shell:Creating environment hook '/home/nvidia/Workspace/Cruise/install/uv_vision/share/uv_vision/hook/ament_prefix_path.ps1'
[0.854s] INFO:colcon.colcon_core.shell:Creating environment descriptor '/home/nvidia/Workspace/Cruise/install/uv_vision/share/uv_vision/hook/ament_prefix_path.dsv'
[0.854s] INFO:colcon.colcon_core.shell:Creating environment hook '/home/nvidia/Workspace/Cruise/install/uv_vision/share/uv_vision/hook/ament_prefix_path.sh'
[0.856s] INFO:colcon.colcon_core.shell:Skip shell extension 'powershell' for command environment: Not usable outside of PowerShell
[0.856s] DEBUG:colcon.colcon_core.shell:Skip shell extension 'dsv' for command environment
[1.231s] INFO:colcon.colcon_core.task.python.build:Building Python package in '/home/nvidia/Workspace/Cruise/src/models'
[1.234s] INFO:colcon.colcon_core.shell:Skip shell extension 'powershell' for command environment: Not usable outside of PowerShell
[1.234s] DEBUG:colcon.colcon_core.shell:Skip shell extension 'dsv' for command environment
[1.601s] INFO:colcon.colcon_core.task.python.build:Building Python package in '/home/nvidia/Workspace/Cruise/src/utils'
[1.604s] INFO:colcon.colcon_core.shell:Skip shell extension 'powershell' for command environment: Not usable outside of PowerShell
[1.605s] DEBUG:colcon.colcon_core.shell:Skip shell extension 'dsv' for command environment
[1.975s] INFO:colcon.colcon_core.task.python.build:Building Python package in '/home/nvidia/Workspace/Cruise/src/uv_ai'
[1.978s] INFO:colcon.colcon_core.shell:Skip shell extension 'powershell' for command environment: Not usable outside of PowerShell
[1.978s] DEBUG:colcon.colcon_core.shell:Skip shell extension 'dsv' for command environment
[2.343s] INFO:colcon.colcon_core.task.python.build:Building Python package in '/home/nvidia/Workspace/Cruise/src/uv_control_py'
[2.346s] INFO:colcon.colcon_core.shell:Skip shell extension 'powershell' for command environment: Not usable outside of PowerShell
[2.346s] DEBUG:colcon.colcon_core.shell:Skip shell extension 'dsv' for command environment
[2.716s] INFO:colcon.colcon_core.task.python.build:Building Python package in '/home/nvidia/Workspace/Cruise/src/uv_hm'
[2.719s] INFO:colcon.colcon_core.shell:Skip shell extension 'powershell' for command environment: Not usable outside of PowerShell
[2.719s] DEBUG:colcon.colcon_core.shell:Skip shell extension 'dsv' for command environment
[2.736s] DEBUG:colcon.colcon_core.event_handler.log_command:Invoking command in '/home/nvidia/Workspace/Cruise/build/uv_msgs': CMAKE_PREFIX_PATH=${CMAKE_PREFIX_PATH}:/home/nvidia/Workspace/Cruise/install/uv_vision:/home/nvidia/Workspace/Cruise/install/uv_hm:/home/nvidia/Workspace/Cruise/install/uv_control_py:/home/nvidia/Workspace/Cruise/install/uv_ai:/home/nvidia/Workspace/Cruise/install/utils:/home/nvidia/Workspace/Cruise/install/models:/opt/ros/foxy /bin/cmake /home/nvidia/Workspace/Cruise/src/uv_msgs -DCMAKE_INSTALL_PREFIX=/home/nvidia/Workspace/Cruise/install/uv_msgs
[3.112s] INFO:colcon.colcon_core.task.python.build:Building Python package in '/home/nvidia/Workspace/Cruise/src/uv_vision'
[3.115s] INFO:colcon.colcon_core.shell:Skip shell extension 'powershell' for command environment: Not usable outside of PowerShell
[3.116s] DEBUG:colcon.colcon_core.shell:Skip shell extension 'dsv' for command environment
[3.890s] DEBUG:colcon.colcon_core.event_handler.log_command:Invoking command in '/home/nvidia/Workspace/Cruise/src/utils': PYTHONPATH=/home/nvidia/Workspace/Cruise/build/utils/prefix_override:/home/nvidia/Workspace/Cruise/install/utils/lib/python3.8/site-packages:${PYTHONPATH} /usr/bin/python3 setup.py egg_info --egg-base ../../build/utils build --build-base /home/nvidia/Workspace/Cruise/build/utils/build install --record /home/nvidia/Workspace/Cruise/build/utils/install.log --single-version-externally-managed
[3.949s] DEBUG:colcon.colcon_core.event_handler.log_command:Invoking command in '/home/nvidia/Workspace/Cruise/src/uv_control_py': PYTHONPATH=/home/nvidia/Workspace/Cruise/build/uv_control_py/prefix_override:/home/nvidia/Workspace/Cruise/install/uv_control_py/lib/python3.8/site-packages:${PYTHONPATH} /usr/bin/python3 setup.py egg_info --egg-base ../../build/uv_control_py build --build-base /home/nvidia/Workspace/Cruise/build/uv_control_py/build install --record /home/nvidia/Workspace/Cruise/build/uv_control_py/install.log --install-scripts $base/lib/uv_control_py --single-version-externally-managed
[3.991s] DEBUG:colcon.colcon_core.event_handler.log_command:Invoking command in '/home/nvidia/Workspace/Cruise/src/uv_hm': PYTHONPATH=/home/nvidia/Workspace/Cruise/build/uv_hm/prefix_override:/home/nvidia/Workspace/Cruise/install/uv_hm/lib/python3.8/site-packages:${PYTHONPATH} /usr/bin/python3 setup.py egg_info --egg-base ../../build/uv_hm build --build-base /home/nvidia/Workspace/Cruise/build/uv_hm/build install --record /home/nvidia/Workspace/Cruise/build/uv_hm/install.log --single-version-externally-managed
[4.003s] DEBUG:colcon.colcon_core.event_handler.log_command:Invoking command in '/home/nvidia/Workspace/Cruise/src/uv_ai': PYTHONPATH=/home/nvidia/Workspace/Cruise/build/uv_ai/prefix_override:/home/nvidia/Workspace/Cruise/install/uv_ai/lib/python3.8/site-packages:${PYTHONPATH} /usr/bin/python3 setup.py egg_info --egg-base ../../build/uv_ai build --build-base /home/nvidia/Workspace/Cruise/build/uv_ai/build install --record /home/nvidia/Workspace/Cruise/build/uv_ai/install.log --single-version-externally-managed
[4.014s] DEBUG:colcon.colcon_core.event_handler.log_command:Invoking command in '/home/nvidia/Workspace/Cruise/src/uv_vision': PYTHONPATH=/home/nvidia/Workspace/Cruise/build/uv_vision/prefix_override:/home/nvidia/Workspace/Cruise/install/uv_vision/lib/python3.8/site-packages:${PYTHONPATH} /usr/bin/python3 setup.py egg_info --egg-base ../../build/uv_vision build --build-base /home/nvidia/Workspace/Cruise/build/uv_vision/build install --record /home/nvidia/Workspace/Cruise/build/uv_vision/install.log --install-scripts $base/lib/uv_vision --single-version-externally-managed
[4.113s] DEBUG:colcon.colcon_core.event_handler.log_command:Invoking command in '/home/nvidia/Workspace/Cruise/src/models': PYTHONPATH=/home/nvidia/Workspace/Cruise/build/models/prefix_override:/home/nvidia/Workspace/Cruise/install/models/lib/python3.8/site-packages:${PYTHONPATH} /usr/bin/python3 setup.py egg_info --egg-base ../../build/models build --build-base /home/nvidia/Workspace/Cruise/build/models/build install --record /home/nvidia/Workspace/Cruise/build/models/install.log --single-version-externally-managed
[4.527s] DEBUG:colcon.colcon_core.event_handler.log_command:Invoked command in '/home/nvidia/Workspace/Cruise/src/utils' returned '0': PYTHONPATH=/home/nvidia/Workspace/Cruise/build/utils/prefix_override:/home/nvidia/Workspace/Cruise/install/utils/lib/python3.8/site-packages:${PYTHONPATH} /usr/bin/python3 setup.py egg_info --egg-base ../../build/utils build --build-base /home/nvidia/Workspace/Cruise/build/utils/build install --record /home/nvidia/Workspace/Cruise/build/utils/install.log --single-version-externally-managed
[4.534s] Level 1:colcon.colcon_core.environment:checking '/home/nvidia/Workspace/Cruise/install/utils' for CMake module files
[4.535s] Level 1:colcon.colcon_core.environment:checking '/home/nvidia/Workspace/Cruise/install/utils' for CMake config files
[4.537s] Level 1:colcon.colcon_core.environment:checking '/home/nvidia/Workspace/Cruise/install/utils/lib'
[4.537s] Level 1:colcon.colcon_core.environment:checking '/home/nvidia/Workspace/Cruise/install/utils/bin'
[4.537s] Level 1:colcon.colcon_core.environment:checking '/home/nvidia/Workspace/Cruise/install/utils/lib/pkgconfig/utils.pc'
[4.538s] Level 1:colcon.colcon_core.environment:checking '/home/nvidia/Workspace/Cruise/install/utils/lib/python3.8/site-packages'
[4.538s] Level 1:colcon.colcon_core.shell:create_environment_hook('utils', 'pythonpath')
[4.541s] INFO:colcon.colcon_core.shell:Creating environment hook '/home/nvidia/Workspace/Cruise/install/utils/share/utils/hook/pythonpath.ps1'
[4.544s] INFO:colcon.colcon_core.shell:Creating environment descriptor '/home/nvidia/Workspace/Cruise/install/utils/share/utils/hook/pythonpath.dsv'
[4.544s] INFO:colcon.colcon_core.shell:Creating environment hook '/home/nvidia/Workspace/Cruise/install/utils/share/utils/hook/pythonpath.sh'
[4.546s] Level 1:colcon.colcon_core.environment:checking '/home/nvidia/Workspace/Cruise/install/utils/bin'
[4.546s] Level 1:colcon.colcon_core.environment:create_environment_scripts_only(utils)
[4.548s] INFO:colcon.colcon_core.shell:Creating package script '/home/nvidia/Workspace/Cruise/install/utils/share/utils/package.ps1'
[4.552s] INFO:colcon.colcon_core.shell:Creating package descriptor '/home/nvidia/Workspace/Cruise/install/utils/share/utils/package.dsv'
[4.553s] INFO:colcon.colcon_core.shell:Creating package script '/home/nvidia/Workspace/Cruise/install/utils/share/utils/package.sh'
[4.556s] INFO:colcon.colcon_core.shell:Creating package script '/home/nvidia/Workspace/Cruise/install/utils/share/utils/package.bash'
[4.558s] INFO:colcon.colcon_core.shell:Creating package script '/home/nvidia/Workspace/Cruise/install/utils/share/utils/package.zsh'
[4.558s] Level 1:colcon.colcon_core.environment:create_file_with_runtime_dependencies(/home/nvidia/Workspace/Cruise/install/utils/share/colcon-core/packages/utils)
[4.567s] DEBUG:colcon.colcon_core.event_handler.log_command:Invoked command in '/home/nvidia/Workspace/Cruise/src/uv_control_py' returned '0': PYTHONPATH=/home/nvidia/Workspace/Cruise/build/uv_control_py/prefix_override:/home/nvidia/Workspace/Cruise/install/uv_control_py/lib/python3.8/site-packages:${PYTHONPATH} /usr/bin/python3 setup.py egg_info --egg-base ../../build/uv_control_py build --build-base /home/nvidia/Workspace/Cruise/build/uv_control_py/build install --record /home/nvidia/Workspace/Cruise/build/uv_control_py/install.log --install-scripts $base/lib/uv_control_py --single-version-externally-managed
[4.566s] Level 1:colcon.colcon_core.environment:checking '/home/nvidia/Workspace/Cruise/install/uv_control_py' for CMake module files
[4.568s] Level 1:colcon.colcon_core.environment:checking '/home/nvidia/Workspace/Cruise/install/uv_control_py' for CMake config files
[4.569s] Level 1:colcon.colcon_core.environment:checking '/home/nvidia/Workspace/Cruise/install/uv_control_py/lib'
[4.569s] Level 1:colcon.colcon_core.environment:checking '/home/nvidia/Workspace/Cruise/install/uv_control_py/bin'
[4.569s] Level 1:colcon.colcon_core.environment:checking '/home/nvidia/Workspace/Cruise/install/uv_control_py/lib/pkgconfig/uv_control_py.pc'
[4.569s] Level 1:colcon.colcon_core.environment:checking '/home/nvidia/Workspace/Cruise/install/uv_control_py/lib/python3.8/site-packages'
[4.569s] Level 1:colcon.colcon_core.shell:create_environment_hook('uv_control_py', 'pythonpath')
[4.571s] INFO:colcon.colcon_core.shell:Creating environment hook '/home/nvidia/Workspace/Cruise/install/uv_control_py/share/uv_control_py/hook/pythonpath.ps1'
[4.573s] INFO:colcon.colcon_core.shell:Creating environment descriptor '/home/nvidia/Workspace/Cruise/install/uv_control_py/share/uv_control_py/hook/pythonpath.dsv'
[4.573s] INFO:colcon.colcon_core.shell:Creating environment hook '/home/nvidia/Workspace/Cruise/install/uv_control_py/share/uv_control_py/hook/pythonpath.sh'
[4.576s] Level 1:colcon.colcon_core.environment:checking '/home/nvidia/Workspace/Cruise/install/uv_control_py/bin'
[4.576s] Level 1:colcon.colcon_core.environment:create_environment_scripts_only(uv_control_py)
[4.579s] INFO:colcon.colcon_core.shell:Creating package script '/home/nvidia/Workspace/Cruise/install/uv_control_py/share/uv_control_py/package.ps1'
[4.584s] INFO:colcon.colcon_core.shell:Creating package descriptor '/home/nvidia/Workspace/Cruise/install/uv_control_py/share/uv_control_py/package.dsv'
[4.584s] INFO:colcon.colcon_core.shell:Creating package script '/home/nvidia/Workspace/Cruise/install/uv_control_py/share/uv_control_py/package.sh'
[4.585s] INFO:colcon.colcon_core.shell:Creating package script '/home/nvidia/Workspace/Cruise/install/uv_control_py/share/uv_control_py/package.bash'
[4.586s] INFO:colcon.colcon_core.shell:Creating package script '/home/nvidia/Workspace/Cruise/install/uv_control_py/share/uv_control_py/package.zsh'
[4.586s] Level 1:colcon.colcon_core.environment:create_file_with_runtime_dependencies(/home/nvidia/Workspace/Cruise/install/uv_control_py/share/colcon-core/packages/uv_control_py)
[4.596s] Level 1:colcon.colcon_core.environment:checking '/home/nvidia/Workspace/Cruise/install/uv_hm' for CMake module files
[4.597s] DEBUG:colcon.colcon_core.event_handler.log_command:Invoked command in '/home/nvidia/Workspace/Cruise/src/uv_hm' returned '0': PYTHONPATH=/home/nvidia/Workspace/Cruise/build/uv_hm/prefix_override:/home/nvidia/Workspace/Cruise/install/uv_hm/lib/python3.8/site-packages:${PYTHONPATH} /usr/bin/python3 setup.py egg_info --egg-base ../../build/uv_hm build --build-base /home/nvidia/Workspace/Cruise/build/uv_hm/build install --record /home/nvidia/Workspace/Cruise/build/uv_hm/install.log --single-version-externally-managed
[4.597s] Level 1:colcon.colcon_core.environment:checking '/home/nvidia/Workspace/Cruise/install/uv_hm' for CMake config files
[4.598s] Level 1:colcon.colcon_core.environment:checking '/home/nvidia/Workspace/Cruise/install/uv_hm/lib'
[4.598s] Level 1:colcon.colcon_core.environment:checking '/home/nvidia/Workspace/Cruise/install/uv_hm/bin'
[4.599s] Level 1:colcon.colcon_core.environment:checking '/home/nvidia/Workspace/Cruise/install/uv_hm/lib/pkgconfig/uv_hm.pc'
[4.599s] Level 1:colcon.colcon_core.environment:checking '/home/nvidia/Workspace/Cruise/install/uv_hm/lib/python3.8/site-packages'
[4.599s] Level 1:colcon.colcon_core.shell:create_environment_hook('uv_hm', 'pythonpath')
[4.601s] INFO:colcon.colcon_core.shell:Creating environment hook '/home/nvidia/Workspace/Cruise/install/uv_hm/share/uv_hm/hook/pythonpath.ps1'
[4.602s] INFO:colcon.colcon_core.shell:Creating environment descriptor '/home/nvidia/Workspace/Cruise/install/uv_hm/share/uv_hm/hook/pythonpath.dsv'
[4.602s] INFO:colcon.colcon_core.shell:Creating environment hook '/home/nvidia/Workspace/Cruise/install/uv_hm/share/uv_hm/hook/pythonpath.sh'
[4.603s] Level 1:colcon.colcon_core.environment:checking '/home/nvidia/Workspace/Cruise/install/uv_hm/bin'
[4.603s] Level 1:colcon.colcon_core.environment:create_environment_scripts_only(uv_hm)
[4.605s] INFO:colcon.colcon_core.shell:Creating package script '/home/nvidia/Workspace/Cruise/install/uv_hm/share/uv_hm/package.ps1'
[4.606s] INFO:colcon.colcon_core.shell:Creating package descriptor '/home/nvidia/Workspace/Cruise/install/uv_hm/share/uv_hm/package.dsv'
[4.607s] INFO:colcon.colcon_core.shell:Creating package script '/home/nvidia/Workspace/Cruise/install/uv_hm/share/uv_hm/package.sh'
[4.610s] INFO:colcon.colcon_core.shell:Creating package script '/home/nvidia/Workspace/Cruise/install/uv_hm/share/uv_hm/package.bash'
[4.611s] INFO:colcon.colcon_core.shell:Creating package script '/home/nvidia/Workspace/Cruise/install/uv_hm/share/uv_hm/package.zsh'
[4.611s] Level 1:colcon.colcon_core.environment:create_file_with_runtime_dependencies(/home/nvidia/Workspace/Cruise/install/uv_hm/share/colcon-core/packages/uv_hm)
[4.630s] Level 1:colcon.colcon_core.environment:checking '/home/nvidia/Workspace/Cruise/install/uv_vision' for CMake module files
[4.630s] DEBUG:colcon.colcon_core.event_handler.log_command:Invoked command in '/home/nvidia/Workspace/Cruise/src/uv_vision' returned '0': PYTHONPATH=/home/nvidia/Workspace/Cruise/build/uv_vision/prefix_override:/home/nvidia/Workspace/Cruise/install/uv_vision/lib/python3.8/site-packages:${PYTHONPATH} /usr/bin/python3 setup.py egg_info --egg-base ../../build/uv_vision build --build-base /home/nvidia/Workspace/Cruise/build/uv_vision/build install --record /home/nvidia/Workspace/Cruise/build/uv_vision/install.log --install-scripts $base/lib/uv_vision --single-version-externally-managed
[4.632s] Level 1:colcon.colcon_core.environment:checking '/home/nvidia/Workspace/Cruise/install/uv_vision' for CMake config files
[4.633s] Level 1:colcon.colcon_core.environment:checking '/home/nvidia/Workspace/Cruise/install/uv_vision/lib'
[4.633s] Level 1:colcon.colcon_core.environment:checking '/home/nvidia/Workspace/Cruise/install/uv_vision/bin'
[4.633s] Level 1:colcon.colcon_core.environment:checking '/home/nvidia/Workspace/Cruise/install/uv_vision/lib/pkgconfig/uv_vision.pc'
[4.634s] Level 1:colcon.colcon_core.environment:checking '/home/nvidia/Workspace/Cruise/install/uv_vision/lib/python3.8/site-packages'
[4.634s] Level 1:colcon.colcon_core.shell:create_environment_hook('uv_vision', 'pythonpath')
[4.636s] INFO:colcon.colcon_core.shell:Creating environment hook '/home/nvidia/Workspace/Cruise/install/uv_vision/share/uv_vision/hook/pythonpath.ps1'
[4.638s] INFO:colcon.colcon_core.shell:Creating environment descriptor '/home/nvidia/Workspace/Cruise/install/uv_vision/share/uv_vision/hook/pythonpath.dsv'
[4.638s] INFO:colcon.colcon_core.shell:Creating environment hook '/home/nvidia/Workspace/Cruise/install/uv_vision/share/uv_vision/hook/pythonpath.sh'
[4.639s] Level 1:colcon.colcon_core.environment:checking '/home/nvidia/Workspace/Cruise/install/uv_vision/bin'
[4.639s] Level 1:colcon.colcon_core.environment:create_environment_scripts_only(uv_vision)
[4.642s] INFO:colcon.colcon_core.shell:Creating package script '/home/nvidia/Workspace/Cruise/install/uv_vision/share/uv_vision/package.ps1'
[4.643s] INFO:colcon.colcon_core.shell:Creating package descriptor '/home/nvidia/Workspace/Cruise/install/uv_vision/share/uv_vision/package.dsv'
[4.645s] INFO:colcon.colcon_core.shell:Creating package script '/home/nvidia/Workspace/Cruise/install/uv_vision/share/uv_vision/package.sh'
[4.646s] INFO:colcon.colcon_core.shell:Creating package script '/home/nvidia/Workspace/Cruise/install/uv_vision/share/uv_vision/package.bash'
[4.647s] INFO:colcon.colcon_core.shell:Creating package script '/home/nvidia/Workspace/Cruise/install/uv_vision/share/uv_vision/package.zsh'
[4.648s] Level 1:colcon.colcon_core.environment:create_file_with_runtime_dependencies(/home/nvidia/Workspace/Cruise/install/uv_vision/share/colcon-core/packages/uv_vision)
[4.698s] Level 1:colcon.colcon_core.environment:checking '/home/nvidia/Workspace/Cruise/install/uv_ai' for CMake module files
[4.699s] DEBUG:colcon.colcon_core.event_handler.log_command:Invoked command in '/home/nvidia/Workspace/Cruise/src/uv_ai' returned '0': PYTHONPATH=/home/nvidia/Workspace/Cruise/build/uv_ai/prefix_override:/home/nvidia/Workspace/Cruise/install/uv_ai/lib/python3.8/site-packages:${PYTHONPATH} /usr/bin/python3 setup.py egg_info --egg-base ../../build/uv_ai build --build-base /home/nvidia/Workspace/Cruise/build/uv_ai/build install --record /home/nvidia/Workspace/Cruise/build/uv_ai/install.log --single-version-externally-managed
[4.700s] Level 1:colcon.colcon_core.environment:checking '/home/nvidia/Workspace/Cruise/install/uv_ai' for CMake config files
[4.701s] Level 1:colcon.colcon_core.environment:checking '/home/nvidia/Workspace/Cruise/install/uv_ai/lib'
[4.701s] Level 1:colcon.colcon_core.environment:checking '/home/nvidia/Workspace/Cruise/install/uv_ai/bin'
[4.701s] Level 1:colcon.colcon_core.environment:checking '/home/nvidia/Workspace/Cruise/install/uv_ai/lib/pkgconfig/uv_ai.pc'
[4.701s] Level 1:colcon.colcon_core.environment:checking '/home/nvidia/Workspace/Cruise/install/uv_ai/lib/python3.8/site-packages'
[4.701s] Level 1:colcon.colcon_core.shell:create_environment_hook('uv_ai', 'pythonpath')
[4.703s] INFO:colcon.colcon_core.shell:Creating environment hook '/home/nvidia/Workspace/Cruise/install/uv_ai/share/uv_ai/hook/pythonpath.ps1'
[4.704s] INFO:colcon.colcon_core.shell:Creating environment descriptor '/home/nvidia/Workspace/Cruise/install/uv_ai/share/uv_ai/hook/pythonpath.dsv'
[4.705s] INFO:colcon.colcon_core.shell:Creating environment hook '/home/nvidia/Workspace/Cruise/install/uv_ai/share/uv_ai/hook/pythonpath.sh'
[4.706s] Level 1:colcon.colcon_core.environment:checking '/home/nvidia/Workspace/Cruise/install/uv_ai/bin'
[4.706s] Level 1:colcon.colcon_core.environment:create_environment_scripts_only(uv_ai)
[4.708s] INFO:colcon.colcon_core.shell:Creating package script '/home/nvidia/Workspace/Cruise/install/uv_ai/share/uv_ai/package.ps1'
[4.709s] INFO:colcon.colcon_core.shell:Creating package descriptor '/home/nvidia/Workspace/Cruise/install/uv_ai/share/uv_ai/package.dsv'
[4.710s] INFO:colcon.colcon_core.shell:Creating package script '/home/nvidia/Workspace/Cruise/install/uv_ai/share/uv_ai/package.sh'
[4.711s] INFO:colcon.colcon_core.shell:Creating package script '/home/nvidia/Workspace/Cruise/install/uv_ai/share/uv_ai/package.bash'
[4.711s] INFO:colcon.colcon_core.shell:Creating package script '/home/nvidia/Workspace/Cruise/install/uv_ai/share/uv_ai/package.zsh'
[4.712s] Level 1:colcon.colcon_core.environment:create_file_with_runtime_dependencies(/home/nvidia/Workspace/Cruise/install/uv_ai/share/colcon-core/packages/uv_ai)
[4.749s] Level 1:colcon.colcon_core.environment:checking '/home/nvidia/Workspace/Cruise/install/models' for CMake module files
[4.749s] DEBUG:colcon.colcon_core.event_handler.log_command:Invoked command in '/home/nvidia/Workspace/Cruise/src/models' returned '0': PYTHONPATH=/home/nvidia/Workspace/Cruise/build/models/prefix_override:/home/nvidia/Workspace/Cruise/install/models/lib/python3.8/site-packages:${PYTHONPATH} /usr/bin/python3 setup.py egg_info --egg-base ../../build/models build --build-base /home/nvidia/Workspace/Cruise/build/models/build install --record /home/nvidia/Workspace/Cruise/build/models/install.log --single-version-externally-managed
[4.750s] Level 1:colcon.colcon_core.environment:checking '/home/nvidia/Workspace/Cruise/install/models' for CMake config files
[4.751s] Level 1:colcon.colcon_core.environment:checking '/home/nvidia/Workspace/Cruise/install/models/lib'
[4.751s] Level 1:colcon.colcon_core.environment:checking '/home/nvidia/Workspace/Cruise/install/models/bin'
[4.751s] Level 1:colcon.colcon_core.environment:checking '/home/nvidia/Workspace/Cruise/install/models/lib/pkgconfig/models.pc'
[4.751s] Level 1:colcon.colcon_core.environment:checking '/home/nvidia/Workspace/Cruise/install/models/lib/python3.8/site-packages'
[4.751s] Level 1:colcon.colcon_core.shell:create_environment_hook('models', 'pythonpath')
[4.753s] INFO:colcon.colcon_core.shell:Creating environment hook '/home/nvidia/Workspace/Cruise/install/models/share/models/hook/pythonpath.ps1'
[4.754s] INFO:colcon.colcon_core.shell:Creating environment descriptor '/home/nvidia/Workspace/Cruise/install/models/share/models/hook/pythonpath.dsv'
[4.755s] INFO:colcon.colcon_core.shell:Creating environment hook '/home/nvidia/Workspace/Cruise/install/models/share/models/hook/pythonpath.sh'
[4.756s] Level 1:colcon.colcon_core.environment:checking '/home/nvidia/Workspace/Cruise/install/models/bin'
[4.756s] Level 1:colcon.colcon_core.environment:create_environment_scripts_only(models)
[4.758s] INFO:colcon.colcon_core.shell:Creating package script '/home/nvidia/Workspace/Cruise/install/models/share/models/package.ps1'
[4.759s] INFO:colcon.colcon_core.shell:Creating package descriptor '/home/nvidia/Workspace/Cruise/install/models/share/models/package.dsv'
[4.759s] INFO:colcon.colcon_core.shell:Creating package script '/home/nvidia/Workspace/Cruise/install/models/share/models/package.sh'
[4.760s] INFO:colcon.colcon_core.shell:Creating package script '/home/nvidia/Workspace/Cruise/install/models/share/models/package.bash'
[4.760s] INFO:colcon.colcon_core.shell:Creating package script '/home/nvidia/Workspace/Cruise/install/models/share/models/package.zsh'
[4.761s] Level 1:colcon.colcon_core.environment:create_file_with_runtime_dependencies(/home/nvidia/Workspace/Cruise/install/models/share/colcon-core/packages/models)
[7.173s] DEBUG:colcon.colcon_core.event_handler.log_command:Invoked command in '/home/nvidia/Workspace/Cruise/build/uv_msgs' returned '0': CMAKE_PREFIX_PATH=${CMAKE_PREFIX_PATH}:/home/nvidia/Workspace/Cruise/install/uv_vision:/home/nvidia/Workspace/Cruise/install/uv_hm:/home/nvidia/Workspace/Cruise/install/uv_control_py:/home/nvidia/Workspace/Cruise/install/uv_ai:/home/nvidia/Workspace/Cruise/install/utils:/home/nvidia/Workspace/Cruise/install/models:/opt/ros/foxy /bin/cmake /home/nvidia/Workspace/Cruise/src/uv_msgs -DCMAKE_INSTALL_PREFIX=/home/nvidia/Workspace/Cruise/install/uv_msgs
[7.179s] DEBUG:colcon.colcon_core.event_handler.log_command:Invoking command in '/home/nvidia/Workspace/Cruise/build/uv_msgs': CMAKE_PREFIX_PATH=${CMAKE_PREFIX_PATH}:/home/nvidia/Workspace/Cruise/install/uv_vision:/home/nvidia/Workspace/Cruise/install/uv_hm:/home/nvidia/Workspace/Cruise/install/uv_control_py:/home/nvidia/Workspace/Cruise/install/uv_ai:/home/nvidia/Workspace/Cruise/install/utils:/home/nvidia/Workspace/Cruise/install/models:/opt/ros/foxy /bin/cmake --build /home/nvidia/Workspace/Cruise/build/uv_msgs -- -j8 -l8
[26.187s] DEBUG:colcon.colcon_core.event_handler.log_command:Invoked command in '/home/nvidia/Workspace/Cruise/build/uv_msgs' returned '0': CMAKE_PREFIX_PATH=${CMAKE_PREFIX_PATH}:/home/nvidia/Workspace/Cruise/install/uv_vision:/home/nvidia/Workspace/Cruise/install/uv_hm:/home/nvidia/Workspace/Cruise/install/uv_control_py:/home/nvidia/Workspace/Cruise/install/uv_ai:/home/nvidia/Workspace/Cruise/install/utils:/home/nvidia/Workspace/Cruise/install/models:/opt/ros/foxy /bin/cmake --build /home/nvidia/Workspace/Cruise/build/uv_msgs -- -j8 -l8
[26.613s] DEBUG:colcon.colcon_core.event_handler.log_command:Invoking command in '/home/nvidia/Workspace/Cruise/build/uv_msgs': CMAKE_PREFIX_PATH=${CMAKE_PREFIX_PATH}:/home/nvidia/Workspace/Cruise/install/uv_vision:/home/nvidia/Workspace/Cruise/install/uv_hm:/home/nvidia/Workspace/Cruise/install/uv_control_py:/home/nvidia/Workspace/Cruise/install/uv_ai:/home/nvidia/Workspace/Cruise/install/utils:/home/nvidia/Workspace/Cruise/install/models:/opt/ros/foxy /bin/cmake --install /home/nvidia/Workspace/Cruise/build/uv_msgs
[26.784s] Level 1:colcon.colcon_core.environment:create_environment_scripts_only(uv_msgs)
[26.784s] DEBUG:colcon.colcon_core.event_handler.log_command:Invoked command in '/home/nvidia/Workspace/Cruise/build/uv_msgs' returned '0': CMAKE_PREFIX_PATH=${CMAKE_PREFIX_PATH}:/home/nvidia/Workspace/Cruise/install/uv_vision:/home/nvidia/Workspace/Cruise/install/uv_hm:/home/nvidia/Workspace/Cruise/install/uv_control_py:/home/nvidia/Workspace/Cruise/install/uv_ai:/home/nvidia/Workspace/Cruise/install/utils:/home/nvidia/Workspace/Cruise/install/models:/opt/ros/foxy /bin/cmake --install /home/nvidia/Workspace/Cruise/build/uv_msgs
[26.793s] Level 1:colcon.colcon_core.environment:checking '/home/nvidia/Workspace/Cruise/install/uv_msgs' for CMake module files
[26.795s] Level 1:colcon.colcon_core.environment:checking '/home/nvidia/Workspace/Cruise/install/uv_msgs' for CMake config files
[26.796s] Level 1:colcon.colcon_core.shell:create_environment_hook('uv_msgs', 'cmake_prefix_path')
[26.801s] INFO:colcon.colcon_core.shell:Creating environment hook '/home/nvidia/Workspace/Cruise/install/uv_msgs/share/uv_msgs/hook/cmake_prefix_path.ps1'
[26.803s] INFO:colcon.colcon_core.shell:Creating environment descriptor '/home/nvidia/Workspace/Cruise/install/uv_msgs/share/uv_msgs/hook/cmake_prefix_path.dsv'
[26.804s] INFO:colcon.colcon_core.shell:Creating environment hook '/home/nvidia/Workspace/Cruise/install/uv_msgs/share/uv_msgs/hook/cmake_prefix_path.sh'
[26.806s] Level 1:colcon.colcon_core.environment:checking '/home/nvidia/Workspace/Cruise/install/uv_msgs/lib'
[26.806s] Level 1:colcon.colcon_core.shell:create_environment_hook('uv_msgs', 'ld_library_path_lib')
[26.811s] INFO:colcon.colcon_core.shell:Creating environment hook '/home/nvidia/Workspace/Cruise/install/uv_msgs/share/uv_msgs/hook/ld_library_path_lib.ps1'
[26.813s] INFO:colcon.colcon_core.shell:Creating environment descriptor '/home/nvidia/Workspace/Cruise/install/uv_msgs/share/uv_msgs/hook/ld_library_path_lib.dsv'
[26.813s] INFO:colcon.colcon_core.shell:Creating environment hook '/home/nvidia/Workspace/Cruise/install/uv_msgs/share/uv_msgs/hook/ld_library_path_lib.sh'
[26.815s] Level 1:colcon.colcon_core.environment:checking '/home/nvidia/Workspace/Cruise/install/uv_msgs/bin'
[26.815s] Level 1:colcon.colcon_core.environment:checking '/home/nvidia/Workspace/Cruise/install/uv_msgs/lib/pkgconfig/uv_msgs.pc'
[26.816s] Level 1:colcon.colcon_core.environment:checking '/home/nvidia/Workspace/Cruise/install/uv_msgs/lib/python3.8/site-packages'
[26.816s] Level 1:colcon.colcon_core.shell:create_environment_hook('uv_msgs', 'pythonpath')
[26.821s] INFO:colcon.colcon_core.shell:Creating environment hook '/home/nvidia/Workspace/Cruise/install/uv_msgs/share/uv_msgs/hook/pythonpath.ps1'
[26.822s] INFO:colcon.colcon_core.shell:Creating environment descriptor '/home/nvidia/Workspace/Cruise/install/uv_msgs/share/uv_msgs/hook/pythonpath.dsv'
[26.823s] INFO:colcon.colcon_core.shell:Creating environment hook '/home/nvidia/Workspace/Cruise/install/uv_msgs/share/uv_msgs/hook/pythonpath.sh'
[26.824s] Level 1:colcon.colcon_core.environment:checking '/home/nvidia/Workspace/Cruise/install/uv_msgs/bin'
[26.828s] INFO:colcon.colcon_core.shell:Creating package script '/home/nvidia/Workspace/Cruise/install/uv_msgs/share/uv_msgs/package.ps1'
[26.829s] INFO:colcon.colcon_core.shell:Creating package descriptor '/home/nvidia/Workspace/Cruise/install/uv_msgs/share/uv_msgs/package.dsv'
[26.831s] INFO:colcon.colcon_core.shell:Creating package script '/home/nvidia/Workspace/Cruise/install/uv_msgs/share/uv_msgs/package.sh'
[26.834s] INFO:colcon.colcon_core.shell:Creating package script '/home/nvidia/Workspace/Cruise/install/uv_msgs/share/uv_msgs/package.bash'
[26.837s] INFO:colcon.colcon_core.shell:Creating package script '/home/nvidia/Workspace/Cruise/install/uv_msgs/share/uv_msgs/package.zsh'
[26.837s] Level 1:colcon.colcon_core.environment:create_file_with_runtime_dependencies(/home/nvidia/Workspace/Cruise/install/uv_msgs/share/colcon-core/packages/uv_msgs)
[27.242s] Level 1:colcon.colcon_core.environment:create_environment_scripts_only(uv_msgs)
[27.245s] Level 1:colcon.colcon_core.environment:checking '/home/nvidia/Workspace/Cruise/install/uv_msgs' for CMake module files
[27.246s] Level 1:colcon.colcon_core.environment:checking '/home/nvidia/Workspace/Cruise/install/uv_msgs' for CMake config files
[27.247s] Level 1:colcon.colcon_core.shell:create_environment_hook('uv_msgs', 'cmake_prefix_path')
[27.249s] INFO:colcon.colcon_core.shell:Creating environment hook '/home/nvidia/Workspace/Cruise/install/uv_msgs/share/uv_msgs/hook/cmake_prefix_path.ps1'
[27.250s] INFO:colcon.colcon_core.shell:Creating environment descriptor '/home/nvidia/Workspace/Cruise/install/uv_msgs/share/uv_msgs/hook/cmake_prefix_path.dsv'
[27.250s] INFO:colcon.colcon_core.shell:Creating environment hook '/home/nvidia/Workspace/Cruise/install/uv_msgs/share/uv_msgs/hook/cmake_prefix_path.sh'
[27.254s] Level 1:colcon.colcon_core.environment:checking '/home/nvidia/Workspace/Cruise/install/uv_msgs/lib'
[27.255s] Level 1:colcon.colcon_core.shell:create_environment_hook('uv_msgs', 'ld_library_path_lib')
[27.258s] INFO:colcon.colcon_core.shell:Creating environment hook '/home/nvidia/Workspace/Cruise/install/uv_msgs/share/uv_msgs/hook/ld_library_path_lib.ps1'
[27.259s] INFO:colcon.colcon_core.shell:Creating environment descriptor '/home/nvidia/Workspace/Cruise/install/uv_msgs/share/uv_msgs/hook/ld_library_path_lib.dsv'
[27.260s] INFO:colcon.colcon_core.shell:Creating environment hook '/home/nvidia/Workspace/Cruise/install/uv_msgs/share/uv_msgs/hook/ld_library_path_lib.sh'
[27.261s] Level 1:colcon.colcon_core.environment:checking '/home/nvidia/Workspace/Cruise/install/uv_msgs/bin'
[27.261s] Level 1:colcon.colcon_core.environment:checking '/home/nvidia/Workspace/Cruise/install/uv_msgs/lib/pkgconfig/uv_msgs.pc'
[27.261s] Level 1:colcon.colcon_core.environment:checking '/home/nvidia/Workspace/Cruise/install/uv_msgs/lib/python3.8/site-packages'
[27.261s] Level 1:colcon.colcon_core.shell:create_environment_hook('uv_msgs', 'pythonpath')
[27.264s] INFO:colcon.colcon_core.shell:Creating environment hook '/home/nvidia/Workspace/Cruise/install/uv_msgs/share/uv_msgs/hook/pythonpath.ps1'
[27.265s] INFO:colcon.colcon_core.shell:Creating environment descriptor '/home/nvidia/Workspace/Cruise/install/uv_msgs/share/uv_msgs/hook/pythonpath.dsv'
[27.265s] INFO:colcon.colcon_core.shell:Creating environment hook '/home/nvidia/Workspace/Cruise/install/uv_msgs/share/uv_msgs/hook/pythonpath.sh'
[27.266s] Level 1:colcon.colcon_core.environment:checking '/home/nvidia/Workspace/Cruise/install/uv_msgs/bin'
[27.268s] INFO:colcon.colcon_core.shell:Creating package script '/home/nvidia/Workspace/Cruise/install/uv_msgs/share/uv_msgs/package.ps1'
[27.269s] INFO:colcon.colcon_core.shell:Creating package descriptor '/home/nvidia/Workspace/Cruise/install/uv_msgs/share/uv_msgs/package.dsv'
[27.270s] INFO:colcon.colcon_core.shell:Creating package script '/home/nvidia/Workspace/Cruise/install/uv_msgs/share/uv_msgs/package.sh'
[27.271s] INFO:colcon.colcon_core.shell:Creating package script '/home/nvidia/Workspace/Cruise/install/uv_msgs/share/uv_msgs/package.bash'
[27.271s] INFO:colcon.colcon_core.shell:Creating package script '/home/nvidia/Workspace/Cruise/install/uv_msgs/share/uv_msgs/package.zsh'
[27.272s] Level 1:colcon.colcon_core.environment:create_file_with_runtime_dependencies(/home/nvidia/Workspace/Cruise/install/uv_msgs/share/colcon-core/packages/uv_msgs)
[27.273s] DEBUG:colcon.colcon_parallel_executor.executor.parallel:closing loop
[27.273s] DEBUG:colcon.colcon_parallel_executor.executor.parallel:loop closed
[27.274s] DEBUG:colcon.colcon_parallel_executor.executor.parallel:run_until_complete finished with '0'
[27.274s] DEBUG:colcon.colcon_core.event_reactor:joining thread
[27.285s] INFO:colcon.colcon_core.plugin_system:Skipping extension 'colcon_notification.desktop_notification.terminal_notifier': Not used on non-Darwin systems
[27.285s] INFO:colcon.colcon_core.plugin_system:Skipping extension 'colcon_notification.desktop_notification.win32': Not used on non-Windows systems
[27.285s] INFO:colcon.colcon_notification.desktop_notification:Sending desktop notification using 'notify2'
[27.350s] DEBUG:colcon.colcon_core.event_reactor:joined thread
[27.353s] INFO:colcon.colcon_core.shell:Creating prefix script '/home/nvidia/Workspace/Cruise/install/local_setup.ps1'
[27.355s] INFO:colcon.colcon_core.shell:Creating prefix util module '/home/nvidia/Workspace/Cruise/install/_local_setup_util_ps1.py'
[27.356s] INFO:colcon.colcon_core.shell:Creating prefix chain script '/home/nvidia/Workspace/Cruise/install/setup.ps1'
[27.359s] INFO:colcon.colcon_core.shell:Creating prefix script '/home/nvidia/Workspace/Cruise/install/local_setup.sh'
[27.359s] INFO:colcon.colcon_core.shell:Creating prefix util module '/home/nvidia/Workspace/Cruise/install/_local_setup_util_sh.py'
[27.360s] INFO:colcon.colcon_core.shell:Creating prefix chain script '/home/nvidia/Workspace/Cruise/install/setup.sh'
[27.363s] INFO:colcon.colcon_core.shell:Creating prefix script '/home/nvidia/Workspace/Cruise/install/local_setup.bash'
[27.364s] INFO:colcon.colcon_core.shell:Creating prefix chain script '/home/nvidia/Workspace/Cruise/install/setup.bash'
[27.366s] INFO:colcon.colcon_core.shell:Creating prefix script '/home/nvidia/Workspace/Cruise/install/local_setup.zsh'
[27.367s] INFO:colcon.colcon_core.shell:Creating prefix chain script '/home/nvidia/Workspace/Cruise/install/setup.zsh'
